<html>
<head>
<title>TestNG:  Debug Test</title>
<link href="../testng.css" rel="stylesheet" type="text/css" />
<link href="../my-testng.css" rel="stylesheet" type="text/css" />

<style type="text/css">
.log { display: none;} 
.stack-trace { display: none;} 
</style>
<script type="text/javascript">
<!--
function flip(e) {
  current = e.style.display;
  if (current == 'block') {
    e.style.display = 'none';
    return 0;
  }
  else {
    e.style.display = 'block';
    return 1;
  }
}

function toggleBox(szDivId, elem, msg1, msg2)
{
  var res = -1;  if (document.getElementById) {
    res = flip(document.getElementById(szDivId));
  }
  else if (document.all) {
    // this is the way old msie versions work
    res = flip(document.all[szDivId]);
  }
  if(elem) {
    if(res == 0) elem.innerHTML = msg1; else elem.innerHTML = msg2;
  }

}

function toggleAllBoxes() {
  if (document.getElementsByTagName) {
    d = document.getElementsByTagName('div');
    for (i = 0; i < d.length; i++) {
      if (d[i].className == 'log') {
        flip(d[i]);
      }
    }
  }
}

// -->
</script>

</head>
<body>
<h2 align='center'>Debug Test</h2><table border='1' align="center">
<tr>
<td>Tests passed/Failed/Skipped:</td><td>21/1/33</td>
</tr><tr>
<td>Started on:</td><td>Thu May 09 16:12:10 CST 2024</td>
</tr>
<tr><td>Total time:</td><td>315 seconds (315584 ms)</td>
</tr><tr>
<td>Included groups:</td><td></td>
</tr><tr>
<td>Excluded groups:</td><td></td>
</tr>
</table><p/>
<small><i>(Hover the method name to see the test class name)</i></small><p/>
<table width='100%' border='1' class='invocation-failed'>
<tr><td colspan='4' align='center'><b>FAILED TESTS</b></td></tr>
<tr><td><b>Test method</b></td>
<td width="30%"><b>Exception</b></td>
<td width="10%"><b>Time (seconds)</b></td>
<td><b>Instance</b></td>
</tr>
<tr>
<td title='EasyPromo.OmniCoupon_DistributeChannelOmni_UseChannelWebPos.test016_MPMUserAvailableCoupon()'><b>test016_MPMUserAvailableCoupon</b><br>Test class: EasyPromo.OmniCoupon_DistributeChannelOmni_UseChannelWebPos<br/>
<a href="#Output-114414807" onClick='toggleBox("Output-114414807", this, "Show output", "Hide output");'>Show output</a>

<a href="#Output-114414807" onClick="toggleAllBoxes();">Show all outputs</a>
<div class='log' id="Output-114414807">
{"ExecutionTime":"2024-05-09 16:17:26.035","SeverityType":"High","ExpectedResult":"false","ActualResult":"true","TestData":" ","StepName":"test016_MPMUserAvailableCoupon","StepDescription":"<Facade>校验生效活动在userAvailableCoupon不展示","StepResult":"Failed"}<br/>
</div>
</td>
<td><div><pre>java.lang.AssertionError: 生效活动在PDP页面接口展示活动数据，期望结果不展示 expected [false] but found [true]
	at org.testng.Assert.fail(Assert.java:96)
	at org.testng.Assert.failNotEquals(Assert.java:776)
	at org.testng.Assert.assertEqualsImpl(Assert.java:137)
	at org.testng.Assert.assertEquals(Assert.java:118)
	at org.testng.Assert.assertEquals(Assert.java:453)
	at EasyPromo.OmniCoupon_DistributeChannelOmni_UseChannelWebPos.test016_MPMUserAvailableCoupon(OmniCoupon_DistributeChannelOmni_UseChannelWebPos.java:539)
	at sun.reflect.NativeMethodAccessorImpl.invoke0(Native Method)
	at sun.reflect.NativeMethodAccessorImpl.invoke(NativeMethodAccessorImpl.java:62)
	at sun.reflect.DelegatingMethodAccessorImpl.invoke(DelegatingMethodAccessorImpl.java:43)
	at java.lang.reflect.Method.invoke(Method.java:483)
	at org.testng.internal.MethodInvocationHelper.invokeMethod(MethodInvocationHelper.java:124)
	at org.testng.internal.Invoker.invokeMethod(Invoker.java:583)
	at org.testng.internal.Invoker.invokeTestMethod(Invoker.java:719)
	at org.testng.internal.Invoker.invokeTestMethods(Invoker.java:989)
	at org.testng.internal.TestMethodWorker.invokeTestMethods(TestMethodWorker.java:125)
	at org.testng.internal.TestMethodWorker.run(TestMethodWorker.java:109)
	at org.testng.TestRunner.privateRun(TestRunner.java:648)
	at org.testng.TestRunner.run(TestRunner.java:505)
	at org.testng.SuiteRunner.runTest(SuiteRunner.java:455)
	at org.testng.SuiteRunner.runSequentially(SuiteRunner.java:450)
	at org.testng.SuiteRunner.privateRun(SuiteRunner.java:415)
	at org.testng.SuiteRunner.run(SuiteRunner.java:364)
	at org.testng.SuiteRunnerWorker.runSuite(SuiteRunnerWorker.java:52)
	at org.testng.SuiteRunnerWorker.run(SuiteRunnerWorker.java:84)
	at org.testng.TestNG.runSuitesSequentially(TestNG.java:1208)
	at org.testng.TestNG.runSuitesLocally(TestNG.java:1137)
	at org.testng.TestNG.runSuites(TestNG.java:1049)
	at org.testng.TestNG.run(TestNG.java:1017)
	at com.intellij.rt.testng.IDEARemoteTestNG.run(IDEARemoteTestNG.java:66)
	at com.intellij.rt.testng.RemoteTestNGStarter.main(RemoteTestNGStarter.java:109)
</pre></div><a href='#' onClick='toggleBox("stack-trace114414807", this, "Click to show all stack frames", "Click to hide stack frames")'>Click to show all stack frames</a>
<div class='stack-trace' id='stack-trace114414807'><pre>java.lang.AssertionError: 生效活动在PDP页面接口展示活动数据，期望结果不展示 expected [false] but found [true]
	at org.testng.Assert.fail(Assert.java:96)
	at org.testng.Assert.failNotEquals(Assert.java:776)
	at org.testng.Assert.assertEqualsImpl(Assert.java:137)
	at org.testng.Assert.assertEquals(Assert.java:118)
	at org.testng.Assert.assertEquals(Assert.java:453)
	at EasyPromo.OmniCoupon_DistributeChannelOmni_UseChannelWebPos.test016_MPMUserAvailableCoupon(OmniCoupon_DistributeChannelOmni_UseChannelWebPos.java:539)
	at sun.reflect.NativeMethodAccessorImpl.invoke0(Native Method)
	at sun.reflect.NativeMethodAccessorImpl.invoke(NativeMethodAccessorImpl.java:62)
	at sun.reflect.DelegatingMethodAccessorImpl.invoke(DelegatingMethodAccessorImpl.java:43)
	at java.lang.reflect.Method.invoke(Method.java:483)
	at org.testng.internal.MethodInvocationHelper.invokeMethod(MethodInvocationHelper.java:124)
	at org.testng.internal.Invoker.invokeMethod(Invoker.java:583)
	at org.testng.internal.Invoker.invokeTestMethod(Invoker.java:719)
	at org.testng.internal.Invoker.invokeTestMethods(Invoker.java:989)
	at org.testng.internal.TestMethodWorker.invokeTestMethods(TestMethodWorker.java:125)
	at org.testng.internal.TestMethodWorker.run(TestMethodWorker.java:109)
	at org.testng.TestRunner.privateRun(TestRunner.java:648)
	at org.testng.TestRunner.run(TestRunner.java:505)
	at org.testng.SuiteRunner.runTest(SuiteRunner.java:455)
	at org.testng.SuiteRunner.runSequentially(SuiteRunner.java:450)
	at org.testng.SuiteRunner.privateRun(SuiteRunner.java:415)
	at org.testng.SuiteRunner.run(SuiteRunner.java:364)
	at org.testng.SuiteRunnerWorker.runSuite(SuiteRunnerWorker.java:52)
	at org.testng.SuiteRunnerWorker.run(SuiteRunnerWorker.java:84)
	at org.testng.TestNG.runSuitesSequentially(TestNG.java:1208)
	at org.testng.TestNG.runSuitesLocally(TestNG.java:1137)
	at org.testng.TestNG.runSuites(TestNG.java:1049)
	at org.testng.TestNG.run(TestNG.java:1017)
	at com.intellij.rt.testng.IDEARemoteTestNG.run(IDEARemoteTestNG.java:66)
	at com.intellij.rt.testng.RemoteTestNGStarter.main(RemoteTestNGStarter.java:109)
</pre></div></td>
<td>10</td>
<td>EasyPromo.OmniCoupon_DistributeChannelOmni_UseChannelWebPos@5d5eef3d</td></tr>
</table><p>
<table width='100%' border='1' class='invocation-passed'>
<tr><td colspan='4' align='center'><b>PASSED TESTS</b></td></tr>
<tr><td><b>Test method</b></td>
<td width="30%"><b>Exception</b></td>
<td width="10%"><b>Time (seconds)</b></td>
<td><b>Instance</b></td>
</tr>
<tr>
<td title='EasyPromo.OmniCoupon_DistributeChannelOmni_UseChannelWebPos.TC001_createStock()'><b>TC001_createStock</b><br>Test class: EasyPromo.OmniCoupon_DistributeChannelOmni_UseChannelWebPos<br/>
<a href="#Output-1843289228" onClick='toggleBox("Output-1843289228", this, "Show output", "Hide output");'>Show output</a>

<a href="#Output-1843289228" onClick="toggleAllBoxes();">Show all outputs</a>
<div class='log' id="Output-1843289228">
{"ExecutionTime":"2024-05-09 16:12:11.620","SeverityType":"High","ExpectedResult":"200","ActualResult":"200","TestData":"15873","StepName":"TC001_createStock","StepDescription":"<BackOffice>接口创建活动","StepResult":"Pass"}<br/>
</div>
</td>
<td></td>
<td>0</td>
<td>EasyPromo.OmniCoupon_DistributeChannelOmni_UseChannelWebPos@5d5eef3d</td></tr>
<tr>
<td title='EasyPromo.OmniCoupon_DistributeChannelOmni_UseChannelWebPos.TC002_queryStockID()'><b>TC002_queryStockID</b><br>Test class: EasyPromo.OmniCoupon_DistributeChannelOmni_UseChannelWebPos<br/>
<a href="#Output-1311146128" onClick='toggleBox("Output-1311146128", this, "Show output", "Hide output");'>Show output</a>

<a href="#Output-1311146128" onClick="toggleAllBoxes();">Show all outputs</a>
<div class='log' id="Output-1311146128">
{"ExecutionTime":"2024-05-09 16:12:19.908","SeverityType":"High","ExpectedResult":" ","ActualResult":"2405090161100002","TestData":"2405090161100002","StepName":"TC002_queryStockID","StepDescription":"<DB>查询活动Id","StepResult":"Pass"}<br/>
</div>
</td>
<td></td>
<td>8</td>
<td>EasyPromo.OmniCoupon_DistributeChannelOmni_UseChannelWebPos@5d5eef3d</td></tr>
<tr>
<td title='EasyPromo.OmniCoupon_DistributeChannelOmni_UseChannelWebPos.TC003_getStockInitialStatus()'><b>TC003_getStockInitialStatus</b><br>Test class: EasyPromo.OmniCoupon_DistributeChannelOmni_UseChannelWebPos<br/>
<a href="#Output-171421438" onClick='toggleBox("Output-171421438", this, "Show output", "Hide output");'>Show output</a>

<a href="#Output-171421438" onClick="toggleAllBoxes();">Show all outputs</a>
<div class='log' id="Output-171421438">
{"ExecutionTime":"2024-05-09 16:12:21.336","SeverityType":"High","ExpectedResult":"CREATED","ActualResult":"CREATED","TestData":"CREATED","StepName":"TC003_getStockInitialStatus","StepDescription":"<BackOffice>校验ActivitiesDetail接口查询活动状态-CREATED","StepResult":"Pass"}<br/>
</div>
</td>
<td></td>
<td>0</td>
<td>EasyPromo.OmniCoupon_DistributeChannelOmni_UseChannelWebPos@5d5eef3d</td></tr>
<tr>
<td title='EasyPromo.OmniCoupon_DistributeChannelOmni_UseChannelWebPos.TC004_queryFlowID()'><b>TC004_queryFlowID</b><br>Test class: EasyPromo.OmniCoupon_DistributeChannelOmni_UseChannelWebPos<br/>
<a href="#Output-1664598529" onClick='toggleBox("Output-1664598529", this, "Show output", "Hide output");'>Show output</a>

<a href="#Output-1664598529" onClick="toggleAllBoxes();">Show all outputs</a>
<div class='log' id="Output-1664598529">
{"ExecutionTime":"2024-05-09 16:12:30.971","SeverityType":"High","ExpectedResult":" ","ActualResult":"1287","TestData":"1287","StepName":"TC004_queryFlowID","StepDescription":"<DB>查询待办任务Id","StepResult":"Pass"}<br/>
</div>
</td>
<td></td>
<td>9</td>
<td>EasyPromo.OmniCoupon_DistributeChannelOmni_UseChannelWebPos@5d5eef3d</td></tr>
<tr>
<td title='EasyPromo.OmniCoupon_DistributeChannelOmni_UseChannelWebPos.TC005_queryApproveStatus()'><b>TC005_queryApproveStatus</b><br>Test class: EasyPromo.OmniCoupon_DistributeChannelOmni_UseChannelWebPos<br/>
<a href="#Output-193178046" onClick='toggleBox("Output-193178046", this, "Show output", "Hide output");'>Show output</a>

<a href="#Output-193178046" onClick="toggleAllBoxes();">Show all outputs</a>
<div class='log' id="Output-193178046">
{"ExecutionTime":"2024-05-09 16:12:39.731","SeverityType":"High","TestData":"null","StepName":"TC005_queryApproveStatus","StepDescription":"<DB>校验未审核待办任务MANAGER_AUDIT的approve_result初始值","StepResult":"Pass"}<br/>
{"ExecutionTime":"2024-05-09 16:12:39.732","SeverityType":"High","ExpectedResult":"1","ActualResult":"1","TestData":"1","StepName":"TC005_queryApproveStatus","StepDescription":"<DB>校验未审核待办任务MANAGER_AUDIT的status初始值","StepResult":"Pass"}<br/>
</div>
</td>
<td></td>
<td>8</td>
<td>EasyPromo.OmniCoupon_DistributeChannelOmni_UseChannelWebPos@5d5eef3d</td></tr>
<tr>
<td title='EasyPromo.OmniCoupon_DistributeChannelOmni_UseChannelWebPos.TC006_managerAuditTask()'><b>TC006_managerAuditTask</b><br>Test class: EasyPromo.OmniCoupon_DistributeChannelOmni_UseChannelWebPos<br/>
<a href="#Output-892965953" onClick='toggleBox("Output-892965953", this, "Show output", "Hide output");'>Show output</a>

<a href="#Output-892965953" onClick="toggleAllBoxes();">Show all outputs</a>
<div class='log' id="Output-892965953">
{"ExecutionTime":"2024-05-09 16:12:40.141","SeverityType":"High","ExpectedResult":"200","ActualResult":"200","TestData":"200","StepName":"TC006_managerAuditTask","StepDescription":"<BackOffice>校验Manger_Audit审核成功","StepResult":"Pass"}<br/>
</div>
</td>
<td></td>
<td>0</td>
<td>EasyPromo.OmniCoupon_DistributeChannelOmni_UseChannelWebPos@5d5eef3d</td></tr>
<tr>
<td title='EasyPromo.OmniCoupon_DistributeChannelOmni_UseChannelWebPos.TC007_queryManagerAuditApproveStatus()'><b>TC007_queryManagerAuditApproveStatus</b><br>Test class: EasyPromo.OmniCoupon_DistributeChannelOmni_UseChannelWebPos<br/>
<a href="#Output-1759250827" onClick='toggleBox("Output-1759250827", this, "Show output", "Hide output");'>Show output</a>

<a href="#Output-1759250827" onClick="toggleAllBoxes();">Show all outputs</a>
<div class='log' id="Output-1759250827">
{"ExecutionTime":"2024-05-09 16:12:51.873","SeverityType":"High","ExpectedResult":"1","ActualResult":"1","TestData":"1","StepName":"TC007_queryManagerAuditApproveStatus","StepDescription":"<DB>校验Manger_Audit审核后的approve_result值","StepResult":"Pass"}<br/>
{"ExecutionTime":"2024-05-09 16:12:51.873","SeverityType":"High","ExpectedResult":"2","ActualResult":"2","TestData":"2","StepName":"TC007_queryManagerAuditApproveStatus","StepDescription":"<DB>校验Manger_Audit审核后的status值","StepResult":"Pass"}<br/>
{"ExecutionTime":"2024-05-09 16:12:51.873","SeverityType":"High","ExpectedResult":"auto script approve for level 1","ActualResult":"auto script approve for level 1","TestData":" ","StepName":"TC007_queryManagerAuditApproveStatus","StepDescription":"<DB>校验Manger_Audit审核后的introduce值","StepResult":"Pass"}<br/>
{"ExecutionTime":"2024-05-09 16:12:59.459","SeverityType":"High","StepName":"TC007_queryManagerAuditApproveStatus","StepDescription":"<DB>校验BU_Audit的初始approve_result初始值","StepResult":"Pass"}<br/>
{"ExecutionTime":"2024-05-09 16:12:59.459","SeverityType":"High","ExpectedResult":"1","ActualResult":"1","TestData":"1","StepName":"TC007_queryManagerAuditApproveStatus","StepDescription":"<DB>校验BU_Audit的status初始值","StepResult":"Pass"}<br/>
</div>
</td>
<td></td>
<td>19</td>
<td>EasyPromo.OmniCoupon_DistributeChannelOmni_UseChannelWebPos@5d5eef3d</td></tr>
<tr>
<td title='EasyPromo.OmniCoupon_DistributeChannelOmni_UseChannelWebPos.TC008_BUAuditTask()'><b>TC008_BUAuditTask</b><br>Test class: EasyPromo.OmniCoupon_DistributeChannelOmni_UseChannelWebPos<br/>
<a href="#Output-466853180" onClick='toggleBox("Output-466853180", this, "Show output", "Hide output");'>Show output</a>

<a href="#Output-466853180" onClick="toggleAllBoxes();">Show all outputs</a>
<div class='log' id="Output-466853180">
{"ExecutionTime":"2024-05-09 16:12:59.872","SeverityType":"High","ExpectedResult":"200","ActualResult":"200","TestData":"200","StepName":"TC007_queryManagerAuditApproveStatus","StepDescription":"<BackOffice>校验auditTask接口BU_Audit审核成功","StepResult":"Pass"}<br/>
</div>
</td>
<td></td>
<td>0</td>
<td>EasyPromo.OmniCoupon_DistributeChannelOmni_UseChannelWebPos@5d5eef3d</td></tr>
<tr>
<td title='EasyPromo.OmniCoupon_DistributeChannelOmni_UseChannelWebPos.TC009_queryMPMUserCoupon()'><b>TC009_queryMPMUserCoupon</b><br>Test class: EasyPromo.OmniCoupon_DistributeChannelOmni_UseChannelWebPos<br/>
<a href="#Output-1200906406" onClick='toggleBox("Output-1200906406", this, "Show output", "Hide output");'>Show output</a>

<a href="#Output-1200906406" onClick="toggleAllBoxes();">Show all outputs</a>
<div class='log' id="Output-1200906406">
{"ExecutionTime":"2024-05-09 16:13:01.608","SeverityType":"High","ExpectedResult":"true","ActualResult":"true","TestData":" ","StepName":"TC009_queryMPMUserCoupon","StepDescription":"<Facade>校验未生效活动在queryUserCoupon接口不展示","StepResult":"Pass"}<br/>
</div>
</td>
<td></td>
<td>1</td>
<td>EasyPromo.OmniCoupon_DistributeChannelOmni_UseChannelWebPos@5d5eef3d</td></tr>
<tr>
<td title='EasyPromo.OmniCoupon_DistributeChannelOmni_UseChannelWebPos.TC010_MPMUserAvailableCoupon()'><b>TC010_MPMUserAvailableCoupon</b><br>Test class: EasyPromo.OmniCoupon_DistributeChannelOmni_UseChannelWebPos<br/>
<a href="#Output-1140338296" onClick='toggleBox("Output-1140338296", this, "Show output", "Hide output");'>Show output</a>

<a href="#Output-1140338296" onClick="toggleAllBoxes();">Show all outputs</a>
<div class='log' id="Output-1140338296">
{"ExecutionTime":"2024-05-09 16:13:02.895","SeverityType":"High","ExpectedResult":"true","ActualResult":"true","TestData":" ","StepName":"TC010_MPMUserAvailableCoupon","StepDescription":"<Facade>校验未生效活动在userAvailableCoupon接口不展示","StepResult":"Pass"}<br/>
</div>
</td>
<td></td>
<td>0</td>
<td>EasyPromo.OmniCoupon_DistributeChannelOmni_UseChannelWebPos@5d5eef3d</td></tr>
<tr>
<td title='EasyPromo.OmniCoupon_DistributeChannelOmni_UseChannelWebPos.TC011_loggedUserReceiveCoupon()'><b>TC011_loggedUserReceiveCoupon</b><br>Test class: EasyPromo.OmniCoupon_DistributeChannelOmni_UseChannelWebPos<br/>
<a href="#Output-1302725372" onClick='toggleBox("Output-1302725372", this, "Show output", "Hide output");'>Show output</a>

<a href="#Output-1302725372" onClick="toggleAllBoxes();">Show all outputs</a>
<div class='log' id="Output-1302725372">
{"ExecutionTime":"2024-05-09 16:13:04.934","SeverityType":"High","ExpectedResult":"批次无效或暂未开始","ActualResult":"批次无效或暂未开始","TestData":"批次无效或暂未开始","StepName":"TC011_loggedUserReceiveCoupon","StepDescription":"<Facade>校验未生效活动在loggedUserReceiveCoupon接口领券失败","StepResult":"Pass"}<br/>
</div>
</td>
<td></td>
<td>0</td>
<td>EasyPromo.OmniCoupon_DistributeChannelOmni_UseChannelWebPos@5d5eef3d</td></tr>
<tr>
<td title='EasyPromo.OmniCoupon_DistributeChannelOmni_UseChannelWebPos.TC012_getStockApproveStatus()'><b>TC012_getStockApproveStatus</b><br>Test class: EasyPromo.OmniCoupon_DistributeChannelOmni_UseChannelWebPos<br/>
<a href="#Output-935160003" onClick='toggleBox("Output-935160003", this, "Show output", "Hide output");'>Show output</a>

<a href="#Output-935160003" onClick="toggleAllBoxes();">Show all outputs</a>
<div class='log' id="Output-935160003">
{"ExecutionTime":"2024-05-09 16:14:05.325","SeverityType":"High","ExpectedResult":"APPROVED","ActualResult":"APPROVED","TestData":"APPROVED","StepName":"TC012_getStockApproveStatus","StepDescription":"<BackOffice>校验线上全场券状态-已审核","StepResult":"Pass"}<br/>
</div>
</td>
<td></td>
<td>60</td>
<td>EasyPromo.OmniCoupon_DistributeChannelOmni_UseChannelWebPos@5d5eef3d</td></tr>
<tr>
<td title='EasyPromo.OmniCoupon_DistributeChannelOmni_UseChannelWebPos.TC013_queryBUAuditApproveStatus()'><b>TC013_queryBUAuditApproveStatus</b><br>Test class: EasyPromo.OmniCoupon_DistributeChannelOmni_UseChannelWebPos<br/>
<a href="#Output-338887787" onClick='toggleBox("Output-338887787", this, "Show output", "Hide output");'>Show output</a>

<a href="#Output-338887787" onClick="toggleAllBoxes();">Show all outputs</a>
<div class='log' id="Output-338887787">
{"ExecutionTime":"2024-05-09 16:14:12.879","SeverityType":"High","ExpectedResult":"1","ActualResult":"1","TestData":"1","StepName":"TC013_queryBUAuditApproveStatus","StepDescription":"<DB>校验BU待办任务的approve_result值","StepResult":"Pass"}<br/>
{"ExecutionTime":"2024-05-09 16:14:12.879","SeverityType":"High","ExpectedResult":"2","ActualResult":"2","TestData":"2","StepName":"TC013_queryBUAuditApproveStatus","StepDescription":"<DB>校验BU待办任务的status值","StepResult":"Pass"}<br/>
{"ExecutionTime":"2024-05-09 16:14:12.879","SeverityType":"High","ExpectedResult":"auto script approve for level 2","ActualResult":"auto script approve for level 2","TestData":"auto script approve for level 2","StepName":"TC013_queryBUAuditApproveStatus","StepDescription":"<DB>校验BU待办任务的introduce值","StepResult":"Pass"}<br/>
</div>
</td>
<td></td>
<td>7</td>
<td>EasyPromo.OmniCoupon_DistributeChannelOmni_UseChannelWebPos@5d5eef3d</td></tr>
<tr>
<td title='EasyPromo.OmniCoupon_DistributeChannelOmni_UseChannelWebPos.TC014_getStockActiveStatus()'><b>TC014_getStockActiveStatus</b><br>Test class: EasyPromo.OmniCoupon_DistributeChannelOmni_UseChannelWebPos<br/>
<a href="#Output-307411297" onClick='toggleBox("Output-307411297", this, "Show output", "Hide output");'>Show output</a>

<a href="#Output-307411297" onClick="toggleAllBoxes();">Show all outputs</a>
<div class='log' id="Output-307411297">
{"ExecutionTime":"2024-05-09 16:17:13.349","SeverityType":"High","ExpectedResult":"ACTIVE","ActualResult":"ACTIVE","TestData":"ACTIVE","StepName":"TC014_getStockActiveStatus","StepDescription":"<BackOffice>校验全场券状态-生效中","StepResult":"Pass"}<br/>
</div>
</td>
<td></td>
<td>180</td>
<td>EasyPromo.OmniCoupon_DistributeChannelOmni_UseChannelWebPos@5d5eef3d</td></tr>
<tr>
<td title='EasyPromo.OmniCoupon_DistributeChannelOmni_UseChannelWebPos.TC033_H5DistributeChannel()'><b>TC033_H5DistributeChannel</b><br>Test class: EasyPromo.OmniCoupon_DistributeChannelOmni_UseChannelWebPos<br/>
<a href="#Output-1586151649" onClick='toggleBox("Output-1586151649", this, "Show output", "Hide output");'>Show output</a>

<a href="#Output-1586151649" onClick="toggleAllBoxes();">Show all outputs</a>
<div class='log' id="Output-1586151649">
{"ExecutionTime":"2024-05-09 16:13:04.272","SeverityType":"High","ExpectedResult":"true","ActualResult":"true","TestData":" ","StepName":"TC033_H5DistributeChannel","StepDescription":"<Facade>校验未生效活动在activityPageAvailableCoupons接口不展示","StepResult":"Pass"}<br/>
</div>
</td>
<td></td>
<td>0</td>
<td>EasyPromo.OmniCoupon_DistributeChannelOmni_UseChannelWebPos@5d5eef3d</td></tr>
<tr>
<td title='EasyPromo.OmniCoupon_DistributeChannelOmni_UseChannelWebPos.TC033_queryDCNUserCoupon()'><b>TC033_queryDCNUserCoupon</b><br>Test class: EasyPromo.OmniCoupon_DistributeChannelOmni_UseChannelWebPos<br/>
<a href="#Output-1402215471" onClick='toggleBox("Output-1402215471", this, "Show output", "Hide output");'>Show output</a>

<a href="#Output-1402215471" onClick="toggleAllBoxes();">Show all outputs</a>
<div class='log' id="Output-1402215471">
{"ExecutionTime":"2024-05-09 16:13:02.283","SeverityType":"High","ExpectedResult":"true","ActualResult":"true","TestData":" ","StepName":"TC033_queryDCNUserCoupon","StepDescription":"<Facade>校验未生效活动在queryUserCoupon接口不展示","StepResult":"Pass"}<br/>
</div>
</td>
<td></td>
<td>0</td>
<td>EasyPromo.OmniCoupon_DistributeChannelOmni_UseChannelWebPos@5d5eef3d</td></tr>
<tr>
<td title='EasyPromo.OmniCoupon_DistributeChannelOmni_UseChannelWebPos.TC034_DCNUserAvailableCoupon()'><b>TC034_DCNUserAvailableCoupon</b><br>Test class: EasyPromo.OmniCoupon_DistributeChannelOmni_UseChannelWebPos<br/>
<a href="#Output-1521238608" onClick='toggleBox("Output-1521238608", this, "Show output", "Hide output");'>Show output</a>

<a href="#Output-1521238608" onClick="toggleAllBoxes();">Show all outputs</a>
<div class='log' id="Output-1521238608">
{"ExecutionTime":"2024-05-09 16:13:03.545","SeverityType":"High","ExpectedResult":"true","ActualResult":"true","TestData":" ","StepName":"TC034_DCNUserAvailableCoupon","StepDescription":"<Facade>校验未生效活动在userAvailableCoupon接口不展示","StepResult":"Pass"}<br/>
</div>
</td>
<td></td>
<td>0</td>
<td>EasyPromo.OmniCoupon_DistributeChannelOmni_UseChannelWebPos@5d5eef3d</td></tr>
<tr>
<td title='EasyPromo.OmniCoupon_DistributeChannelOmni_UseChannelWebPos.TC039_createPromotionPage()'><b>TC039_createPromotionPage</b><br>Test class: EasyPromo.OmniCoupon_DistributeChannelOmni_UseChannelWebPos<br/>
<a href="#Output-2037764568" onClick='toggleBox("Output-2037764568", this, "Show output", "Hide output");'>Show output</a>

<a href="#Output-2037764568" onClick="toggleAllBoxes();">Show all outputs</a>
<div class='log' id="Output-2037764568">
{"ExecutionTime":"2024-05-09 16:12:20.414","SeverityType":"High","ExpectedResult":"200","ActualResult":"200","TestData":"C3E18AD93F","StepName":"TC039_createPromotionPage","StepDescription":"<BackOffice>营销页接口创建活动","StepResult":"Pass"}<br/>
</div>
</td>
<td></td>
<td>0</td>
<td>EasyPromo.OmniCoupon_DistributeChannelOmni_UseChannelWebPos@5d5eef3d</td></tr>
<tr>
<td title='EasyPromo.OmniCoupon_DistributeChannelOmni_UseChannelWebPos.TC040_promotionInfo()'><b>TC040_promotionInfo</b><br>Test class: EasyPromo.OmniCoupon_DistributeChannelOmni_UseChannelWebPos<br/>
<a href="#Output-768192757" onClick='toggleBox("Output-768192757", this, "Show output", "Hide output");'>Show output</a>

<a href="#Output-768192757" onClick="toggleAllBoxes();">Show all outputs</a>
<div class='log' id="Output-768192757">
{"ExecutionTime":"2024-05-09 16:12:20.827","SeverityType":"High","ExpectedResult":"200","ActualResult":"200","TestData":"200","StepName":"TC040_promotionInfo","StepDescription":"<BackOffice>营销信息页接口创建活动","StepResult":"Pass"}<br/>
{"ExecutionTime":"2024-05-09 16:12:20.828","SeverityType":"High","ExpectedResult":"true","ActualResult":"true","TestData":"true","StepName":"TC040_promotionInfo","StepDescription":"<BackOffice>营销页信息返回活动状态claimable-True","StepResult":"Pass"}<br/>
</div>
</td>
<td></td>
<td>0</td>
<td>EasyPromo.OmniCoupon_DistributeChannelOmni_UseChannelWebPos@5d5eef3d</td></tr>
<tr>
<td title='EasyPromo.OmniCoupon_DistributeChannelOmni_UseChannelWebPos.init()'><b>init</b><br>Test class: EasyPromo.OmniCoupon_DistributeChannelOmni_UseChannelWebPos<br>Parameters: PP<br/>
<a href="#Output-101478235" onClick='toggleBox("Output-101478235", this, "Show output", "Hide output");'>Show output</a>

<a href="#Output-101478235" onClick="toggleAllBoxes();">Show all outputs</a>
<div class='log' id="Output-101478235">
{"ExecutionTime":"2024-05-09 16:12:10.751","SeverityType":"High","ExpectedResult":"PP","ActualResult":"PP","TestData":"PP","StepName":"init","StepDescription":"测试数据准备","StepResult":"Pass"}<br/>
</div>
</td>
<td></td>
<td>0</td>
<td>EasyPromo.OmniCoupon_DistributeChannelOmni_UseChannelWebPos@5d5eef3d</td></tr>
<tr>
<td title='EasyPromo.OmniCoupon_DistributeChannelOmni_UseChannelWebPos.test015_MPMQueryUserCoupon()'><b>test015_MPMQueryUserCoupon</b><br>Test class: EasyPromo.OmniCoupon_DistributeChannelOmni_UseChannelWebPos<br/>
<a href="#Output-1483145520" onClick='toggleBox("Output-1483145520", this, "Show output", "Hide output");'>Show output</a>

<a href="#Output-1483145520" onClick="toggleAllBoxes();">Show all outputs</a>
<div class='log' id="Output-1483145520">
{"ExecutionTime":"2024-05-09 16:17:15.091","SeverityType":"High","ExpectedResult":"false","ActualResult":"false","TestData":" ","StepName":"test015_MPMQueryUserCoupon","StepDescription":"<Facade>校验生效活动在queryUserCoupon接口不展示","StepResult":"Pass"}<br/>
</div>
</td>
<td></td>
<td>1</td>
<td>EasyPromo.OmniCoupon_DistributeChannelOmni_UseChannelWebPos@5d5eef3d</td></tr>
</table><p>
<table width='100%' border='1' class='invocation-skipped'>
<tr><td colspan='4' align='center'><b>SKIPPED TESTS</b></td></tr>
<tr><td><b>Test method</b></td>
<td width="30%"><b>Exception</b></td>
<td width="10%"><b>Time (seconds)</b></td>
<td><b>Instance</b></td>
</tr>
<tr>
<td title='EasyPromo.OmniCoupon_DistributeChannelOmni_UseChannelWebPos.TC034_H5DistributeChannel()'><b>TC034_H5DistributeChannel</b><br>Test class: EasyPromo.OmniCoupon_DistributeChannelOmni_UseChannelWebPos</td>
<td><div><pre>java.lang.Throwable: Method OmniCoupon_DistributeChannelOmni_UseChannelWebPos.TC034_H5DistributeChannel()[pri:0, instance:EasyPromo.OmniCoupon_DistributeChannelOmni_UseChannelWebPos@5d5eef3d] depends on not successfully finished methods
	at org.testng.internal.Invoker.invokeTestMethods(Invoker.java:888)
	at org.testng.internal.TestMethodWorker.invokeTestMethods(TestMethodWorker.java:125)
	at org.testng.internal.TestMethodWorker.run(TestMethodWorker.java:109)
	at org.testng.TestRunner.privateRun(TestRunner.java:648)
	at org.testng.TestRunner.run(TestRunner.java:505)
	at org.testng.SuiteRunner.runTest(SuiteRunner.java:455)
	at org.testng.SuiteRunner.runSequentially(SuiteRunner.java:450)
	at org.testng.SuiteRunner.privateRun(SuiteRunner.java:415)
	at org.testng.SuiteRunner.run(SuiteRunner.java:364)
	at org.testng.SuiteRunnerWorker.runSuite(SuiteRunnerWorker.java:52)
	at org.testng.SuiteRunnerWorker.run(SuiteRunnerWorker.java:84)
	at org.testng.TestNG.runSuitesSequentially(TestNG.java:1208)
	at org.testng.TestNG.runSuitesLocally(TestNG.java:1137)
	at org.testng.TestNG.runSuites(TestNG.java:1049)
	at org.testng.TestNG.run(TestNG.java:1017)
	at com.intellij.rt.testng.IDEARemoteTestNG.run(IDEARemoteTestNG.java:66)
	at com.intellij.rt.testng.RemoteTestNGStarter.main(RemoteTestNGStarter.java:109)
</pre></div><a href='#' onClick='toggleBox("stack-trace1509713998", this, "Click to show all stack frames", "Click to hide stack frames")'>Click to show all stack frames</a>
<div class='stack-trace' id='stack-trace1509713998'><pre>java.lang.Throwable: Method OmniCoupon_DistributeChannelOmni_UseChannelWebPos.TC034_H5DistributeChannel()[pri:0, instance:EasyPromo.OmniCoupon_DistributeChannelOmni_UseChannelWebPos@5d5eef3d] depends on not successfully finished methods
	at org.testng.internal.Invoker.invokeTestMethods(Invoker.java:888)
	at org.testng.internal.TestMethodWorker.invokeTestMethods(TestMethodWorker.java:125)
	at org.testng.internal.TestMethodWorker.run(TestMethodWorker.java:109)
	at org.testng.TestRunner.privateRun(TestRunner.java:648)
	at org.testng.TestRunner.run(TestRunner.java:505)
	at org.testng.SuiteRunner.runTest(SuiteRunner.java:455)
	at org.testng.SuiteRunner.runSequentially(SuiteRunner.java:450)
	at org.testng.SuiteRunner.privateRun(SuiteRunner.java:415)
	at org.testng.SuiteRunner.run(SuiteRunner.java:364)
	at org.testng.SuiteRunnerWorker.runSuite(SuiteRunnerWorker.java:52)
	at org.testng.SuiteRunnerWorker.run(SuiteRunnerWorker.java:84)
	at org.testng.TestNG.runSuitesSequentially(TestNG.java:1208)
	at org.testng.TestNG.runSuitesLocally(TestNG.java:1137)
	at org.testng.TestNG.runSuites(TestNG.java:1049)
	at org.testng.TestNG.run(TestNG.java:1017)
	at com.intellij.rt.testng.IDEARemoteTestNG.run(IDEARemoteTestNG.java:66)
	at com.intellij.rt.testng.RemoteTestNGStarter.main(RemoteTestNGStarter.java:109)
</pre></div></td>
<td>0</td>
<td>null</td></tr>
<tr>
<td title='EasyPromo.OmniCoupon_DistributeChannelOmni_UseChannelWebPos.TC035_H5DistributeChannel()'><b>TC035_H5DistributeChannel</b><br>Test class: EasyPromo.OmniCoupon_DistributeChannelOmni_UseChannelWebPos</td>
<td><div><pre>java.lang.Throwable: Method OmniCoupon_DistributeChannelOmni_UseChannelWebPos.TC035_H5DistributeChannel()[pri:0, instance:EasyPromo.OmniCoupon_DistributeChannelOmni_UseChannelWebPos@5d5eef3d] depends on not successfully finished methods
	at org.testng.internal.Invoker.invokeTestMethods(Invoker.java:888)
	at org.testng.internal.TestMethodWorker.invokeTestMethods(TestMethodWorker.java:125)
	at org.testng.internal.TestMethodWorker.run(TestMethodWorker.java:109)
	at org.testng.TestRunner.privateRun(TestRunner.java:648)
	at org.testng.TestRunner.run(TestRunner.java:505)
	at org.testng.SuiteRunner.runTest(SuiteRunner.java:455)
	at org.testng.SuiteRunner.runSequentially(SuiteRunner.java:450)
	at org.testng.SuiteRunner.privateRun(SuiteRunner.java:415)
	at org.testng.SuiteRunner.run(SuiteRunner.java:364)
	at org.testng.SuiteRunnerWorker.runSuite(SuiteRunnerWorker.java:52)
	at org.testng.SuiteRunnerWorker.run(SuiteRunnerWorker.java:84)
	at org.testng.TestNG.runSuitesSequentially(TestNG.java:1208)
	at org.testng.TestNG.runSuitesLocally(TestNG.java:1137)
	at org.testng.TestNG.runSuites(TestNG.java:1049)
	at org.testng.TestNG.run(TestNG.java:1017)
	at com.intellij.rt.testng.IDEARemoteTestNG.run(IDEARemoteTestNG.java:66)
	at com.intellij.rt.testng.RemoteTestNGStarter.main(RemoteTestNGStarter.java:109)
</pre></div><a href='#' onClick='toggleBox("stack-trace895366343", this, "Click to show all stack frames", "Click to hide stack frames")'>Click to show all stack frames</a>
<div class='stack-trace' id='stack-trace895366343'><pre>java.lang.Throwable: Method OmniCoupon_DistributeChannelOmni_UseChannelWebPos.TC035_H5DistributeChannel()[pri:0, instance:EasyPromo.OmniCoupon_DistributeChannelOmni_UseChannelWebPos@5d5eef3d] depends on not successfully finished methods
	at org.testng.internal.Invoker.invokeTestMethods(Invoker.java:888)
	at org.testng.internal.TestMethodWorker.invokeTestMethods(TestMethodWorker.java:125)
	at org.testng.internal.TestMethodWorker.run(TestMethodWorker.java:109)
	at org.testng.TestRunner.privateRun(TestRunner.java:648)
	at org.testng.TestRunner.run(TestRunner.java:505)
	at org.testng.SuiteRunner.runTest(SuiteRunner.java:455)
	at org.testng.SuiteRunner.runSequentially(SuiteRunner.java:450)
	at org.testng.SuiteRunner.privateRun(SuiteRunner.java:415)
	at org.testng.SuiteRunner.run(SuiteRunner.java:364)
	at org.testng.SuiteRunnerWorker.runSuite(SuiteRunnerWorker.java:52)
	at org.testng.SuiteRunnerWorker.run(SuiteRunnerWorker.java:84)
	at org.testng.TestNG.runSuitesSequentially(TestNG.java:1208)
	at org.testng.TestNG.runSuitesLocally(TestNG.java:1137)
	at org.testng.TestNG.runSuites(TestNG.java:1049)
	at org.testng.TestNG.run(TestNG.java:1017)
	at com.intellij.rt.testng.IDEARemoteTestNG.run(IDEARemoteTestNG.java:66)
	at com.intellij.rt.testng.RemoteTestNGStarter.main(RemoteTestNGStarter.java:109)
</pre></div></td>
<td>0</td>
<td>null</td></tr>
<tr>
<td title='EasyPromo.OmniCoupon_DistributeChannelOmni_UseChannelWebPos.TC036_H5DistributeChannel()'><b>TC036_H5DistributeChannel</b><br>Test class: EasyPromo.OmniCoupon_DistributeChannelOmni_UseChannelWebPos</td>
<td><div><pre>java.lang.Throwable: Method OmniCoupon_DistributeChannelOmni_UseChannelWebPos.TC036_H5DistributeChannel()[pri:0, instance:EasyPromo.OmniCoupon_DistributeChannelOmni_UseChannelWebPos@5d5eef3d] depends on not successfully finished methods
	at org.testng.internal.Invoker.invokeTestMethods(Invoker.java:888)
	at org.testng.internal.TestMethodWorker.invokeTestMethods(TestMethodWorker.java:125)
	at org.testng.internal.TestMethodWorker.run(TestMethodWorker.java:109)
	at org.testng.TestRunner.privateRun(TestRunner.java:648)
	at org.testng.TestRunner.run(TestRunner.java:505)
	at org.testng.SuiteRunner.runTest(SuiteRunner.java:455)
	at org.testng.SuiteRunner.runSequentially(SuiteRunner.java:450)
	at org.testng.SuiteRunner.privateRun(SuiteRunner.java:415)
	at org.testng.SuiteRunner.run(SuiteRunner.java:364)
	at org.testng.SuiteRunnerWorker.runSuite(SuiteRunnerWorker.java:52)
	at org.testng.SuiteRunnerWorker.run(SuiteRunnerWorker.java:84)
	at org.testng.TestNG.runSuitesSequentially(TestNG.java:1208)
	at org.testng.TestNG.runSuitesLocally(TestNG.java:1137)
	at org.testng.TestNG.runSuites(TestNG.java:1049)
	at org.testng.TestNG.run(TestNG.java:1017)
	at com.intellij.rt.testng.IDEARemoteTestNG.run(IDEARemoteTestNG.java:66)
	at com.intellij.rt.testng.RemoteTestNGStarter.main(RemoteTestNGStarter.java:109)
</pre></div><a href='#' onClick='toggleBox("stack-trace1220806149", this, "Click to show all stack frames", "Click to hide stack frames")'>Click to show all stack frames</a>
<div class='stack-trace' id='stack-trace1220806149'><pre>java.lang.Throwable: Method OmniCoupon_DistributeChannelOmni_UseChannelWebPos.TC036_H5DistributeChannel()[pri:0, instance:EasyPromo.OmniCoupon_DistributeChannelOmni_UseChannelWebPos@5d5eef3d] depends on not successfully finished methods
	at org.testng.internal.Invoker.invokeTestMethods(Invoker.java:888)
	at org.testng.internal.TestMethodWorker.invokeTestMethods(TestMethodWorker.java:125)
	at org.testng.internal.TestMethodWorker.run(TestMethodWorker.java:109)
	at org.testng.TestRunner.privateRun(TestRunner.java:648)
	at org.testng.TestRunner.run(TestRunner.java:505)
	at org.testng.SuiteRunner.runTest(SuiteRunner.java:455)
	at org.testng.SuiteRunner.runSequentially(SuiteRunner.java:450)
	at org.testng.SuiteRunner.privateRun(SuiteRunner.java:415)
	at org.testng.SuiteRunner.run(SuiteRunner.java:364)
	at org.testng.SuiteRunnerWorker.runSuite(SuiteRunnerWorker.java:52)
	at org.testng.SuiteRunnerWorker.run(SuiteRunnerWorker.java:84)
	at org.testng.TestNG.runSuitesSequentially(TestNG.java:1208)
	at org.testng.TestNG.runSuitesLocally(TestNG.java:1137)
	at org.testng.TestNG.runSuites(TestNG.java:1049)
	at org.testng.TestNG.run(TestNG.java:1017)
	at com.intellij.rt.testng.IDEARemoteTestNG.run(IDEARemoteTestNG.java:66)
	at com.intellij.rt.testng.RemoteTestNGStarter.main(RemoteTestNGStarter.java:109)
</pre></div></td>
<td>0</td>
<td>null</td></tr>
<tr>
<td title='EasyPromo.OmniCoupon_DistributeChannelOmni_UseChannelWebPos.TC037_H5DistributeChannel()'><b>TC037_H5DistributeChannel</b><br>Test class: EasyPromo.OmniCoupon_DistributeChannelOmni_UseChannelWebPos</td>
<td><div><pre>java.lang.Throwable: Method OmniCoupon_DistributeChannelOmni_UseChannelWebPos.TC037_H5DistributeChannel()[pri:0, instance:EasyPromo.OmniCoupon_DistributeChannelOmni_UseChannelWebPos@5d5eef3d] depends on not successfully finished methods
	at org.testng.internal.Invoker.invokeTestMethods(Invoker.java:888)
	at org.testng.internal.TestMethodWorker.invokeTestMethods(TestMethodWorker.java:125)
	at org.testng.internal.TestMethodWorker.run(TestMethodWorker.java:109)
	at org.testng.TestRunner.privateRun(TestRunner.java:648)
	at org.testng.TestRunner.run(TestRunner.java:505)
	at org.testng.SuiteRunner.runTest(SuiteRunner.java:455)
	at org.testng.SuiteRunner.runSequentially(SuiteRunner.java:450)
	at org.testng.SuiteRunner.privateRun(SuiteRunner.java:415)
	at org.testng.SuiteRunner.run(SuiteRunner.java:364)
	at org.testng.SuiteRunnerWorker.runSuite(SuiteRunnerWorker.java:52)
	at org.testng.SuiteRunnerWorker.run(SuiteRunnerWorker.java:84)
	at org.testng.TestNG.runSuitesSequentially(TestNG.java:1208)
	at org.testng.TestNG.runSuitesLocally(TestNG.java:1137)
	at org.testng.TestNG.runSuites(TestNG.java:1049)
	at org.testng.TestNG.run(TestNG.java:1017)
	at com.intellij.rt.testng.IDEARemoteTestNG.run(IDEARemoteTestNG.java:66)
	at com.intellij.rt.testng.RemoteTestNGStarter.main(RemoteTestNGStarter.java:109)
</pre></div><a href='#' onClick='toggleBox("stack-trace443110940", this, "Click to show all stack frames", "Click to hide stack frames")'>Click to show all stack frames</a>
<div class='stack-trace' id='stack-trace443110940'><pre>java.lang.Throwable: Method OmniCoupon_DistributeChannelOmni_UseChannelWebPos.TC037_H5DistributeChannel()[pri:0, instance:EasyPromo.OmniCoupon_DistributeChannelOmni_UseChannelWebPos@5d5eef3d] depends on not successfully finished methods
	at org.testng.internal.Invoker.invokeTestMethods(Invoker.java:888)
	at org.testng.internal.TestMethodWorker.invokeTestMethods(TestMethodWorker.java:125)
	at org.testng.internal.TestMethodWorker.run(TestMethodWorker.java:109)
	at org.testng.TestRunner.privateRun(TestRunner.java:648)
	at org.testng.TestRunner.run(TestRunner.java:505)
	at org.testng.SuiteRunner.runTest(SuiteRunner.java:455)
	at org.testng.SuiteRunner.runSequentially(SuiteRunner.java:450)
	at org.testng.SuiteRunner.privateRun(SuiteRunner.java:415)
	at org.testng.SuiteRunner.run(SuiteRunner.java:364)
	at org.testng.SuiteRunnerWorker.runSuite(SuiteRunnerWorker.java:52)
	at org.testng.SuiteRunnerWorker.run(SuiteRunnerWorker.java:84)
	at org.testng.TestNG.runSuitesSequentially(TestNG.java:1208)
	at org.testng.TestNG.runSuitesLocally(TestNG.java:1137)
	at org.testng.TestNG.runSuites(TestNG.java:1049)
	at org.testng.TestNG.run(TestNG.java:1017)
	at com.intellij.rt.testng.IDEARemoteTestNG.run(IDEARemoteTestNG.java:66)
	at com.intellij.rt.testng.RemoteTestNGStarter.main(RemoteTestNGStarter.java:109)
</pre></div></td>
<td>0</td>
<td>null</td></tr>
<tr>
<td title='EasyPromo.OmniCoupon_DistributeChannelOmni_UseChannelWebPos.TC038_H5DistributeChannel()'><b>TC038_H5DistributeChannel</b><br>Test class: EasyPromo.OmniCoupon_DistributeChannelOmni_UseChannelWebPos</td>
<td><div><pre>java.lang.Throwable: Method OmniCoupon_DistributeChannelOmni_UseChannelWebPos.TC038_H5DistributeChannel()[pri:0, instance:EasyPromo.OmniCoupon_DistributeChannelOmni_UseChannelWebPos@5d5eef3d] depends on not successfully finished methods
	at org.testng.internal.Invoker.invokeTestMethods(Invoker.java:888)
	at org.testng.internal.TestMethodWorker.invokeTestMethods(TestMethodWorker.java:125)
	at org.testng.internal.TestMethodWorker.run(TestMethodWorker.java:109)
	at org.testng.TestRunner.privateRun(TestRunner.java:648)
	at org.testng.TestRunner.run(TestRunner.java:505)
	at org.testng.SuiteRunner.runTest(SuiteRunner.java:455)
	at org.testng.SuiteRunner.runSequentially(SuiteRunner.java:450)
	at org.testng.SuiteRunner.privateRun(SuiteRunner.java:415)
	at org.testng.SuiteRunner.run(SuiteRunner.java:364)
	at org.testng.SuiteRunnerWorker.runSuite(SuiteRunnerWorker.java:52)
	at org.testng.SuiteRunnerWorker.run(SuiteRunnerWorker.java:84)
	at org.testng.TestNG.runSuitesSequentially(TestNG.java:1208)
	at org.testng.TestNG.runSuitesLocally(TestNG.java:1137)
	at org.testng.TestNG.runSuites(TestNG.java:1049)
	at org.testng.TestNG.run(TestNG.java:1017)
	at com.intellij.rt.testng.IDEARemoteTestNG.run(IDEARemoteTestNG.java:66)
	at com.intellij.rt.testng.RemoteTestNGStarter.main(RemoteTestNGStarter.java:109)
</pre></div><a href='#' onClick='toggleBox("stack-trace328197868", this, "Click to show all stack frames", "Click to hide stack frames")'>Click to show all stack frames</a>
<div class='stack-trace' id='stack-trace328197868'><pre>java.lang.Throwable: Method OmniCoupon_DistributeChannelOmni_UseChannelWebPos.TC038_H5DistributeChannel()[pri:0, instance:EasyPromo.OmniCoupon_DistributeChannelOmni_UseChannelWebPos@5d5eef3d] depends on not successfully finished methods
	at org.testng.internal.Invoker.invokeTestMethods(Invoker.java:888)
	at org.testng.internal.TestMethodWorker.invokeTestMethods(TestMethodWorker.java:125)
	at org.testng.internal.TestMethodWorker.run(TestMethodWorker.java:109)
	at org.testng.TestRunner.privateRun(TestRunner.java:648)
	at org.testng.TestRunner.run(TestRunner.java:505)
	at org.testng.SuiteRunner.runTest(SuiteRunner.java:455)
	at org.testng.SuiteRunner.runSequentially(SuiteRunner.java:450)
	at org.testng.SuiteRunner.privateRun(SuiteRunner.java:415)
	at org.testng.SuiteRunner.run(SuiteRunner.java:364)
	at org.testng.SuiteRunnerWorker.runSuite(SuiteRunnerWorker.java:52)
	at org.testng.SuiteRunnerWorker.run(SuiteRunnerWorker.java:84)
	at org.testng.TestNG.runSuitesSequentially(TestNG.java:1208)
	at org.testng.TestNG.runSuitesLocally(TestNG.java:1137)
	at org.testng.TestNG.runSuites(TestNG.java:1049)
	at org.testng.TestNG.run(TestNG.java:1017)
	at com.intellij.rt.testng.IDEARemoteTestNG.run(IDEARemoteTestNG.java:66)
	at com.intellij.rt.testng.RemoteTestNGStarter.main(RemoteTestNGStarter.java:109)
</pre></div></td>
<td>0</td>
<td>null</td></tr>
<tr>
<td title='EasyPromo.OmniCoupon_DistributeChannelOmni_UseChannelWebPos.TC041_promotionInfo()'><b>TC041_promotionInfo</b><br>Test class: EasyPromo.OmniCoupon_DistributeChannelOmni_UseChannelWebPos</td>
<td><div><pre>java.lang.Throwable: Method OmniCoupon_DistributeChannelOmni_UseChannelWebPos.TC041_promotionInfo()[pri:0, instance:EasyPromo.OmniCoupon_DistributeChannelOmni_UseChannelWebPos@5d5eef3d] depends on not successfully finished methods
	at org.testng.internal.Invoker.invokeTestMethods(Invoker.java:888)
	at org.testng.internal.TestMethodWorker.invokeTestMethods(TestMethodWorker.java:125)
	at org.testng.internal.TestMethodWorker.run(TestMethodWorker.java:109)
	at org.testng.TestRunner.privateRun(TestRunner.java:648)
	at org.testng.TestRunner.run(TestRunner.java:505)
	at org.testng.SuiteRunner.runTest(SuiteRunner.java:455)
	at org.testng.SuiteRunner.runSequentially(SuiteRunner.java:450)
	at org.testng.SuiteRunner.privateRun(SuiteRunner.java:415)
	at org.testng.SuiteRunner.run(SuiteRunner.java:364)
	at org.testng.SuiteRunnerWorker.runSuite(SuiteRunnerWorker.java:52)
	at org.testng.SuiteRunnerWorker.run(SuiteRunnerWorker.java:84)
	at org.testng.TestNG.runSuitesSequentially(TestNG.java:1208)
	at org.testng.TestNG.runSuitesLocally(TestNG.java:1137)
	at org.testng.TestNG.runSuites(TestNG.java:1049)
	at org.testng.TestNG.run(TestNG.java:1017)
	at com.intellij.rt.testng.IDEARemoteTestNG.run(IDEARemoteTestNG.java:66)
	at com.intellij.rt.testng.RemoteTestNGStarter.main(RemoteTestNGStarter.java:109)
</pre></div><a href='#' onClick='toggleBox("stack-trace1584918772", this, "Click to show all stack frames", "Click to hide stack frames")'>Click to show all stack frames</a>
<div class='stack-trace' id='stack-trace1584918772'><pre>java.lang.Throwable: Method OmniCoupon_DistributeChannelOmni_UseChannelWebPos.TC041_promotionInfo()[pri:0, instance:EasyPromo.OmniCoupon_DistributeChannelOmni_UseChannelWebPos@5d5eef3d] depends on not successfully finished methods
	at org.testng.internal.Invoker.invokeTestMethods(Invoker.java:888)
	at org.testng.internal.TestMethodWorker.invokeTestMethods(TestMethodWorker.java:125)
	at org.testng.internal.TestMethodWorker.run(TestMethodWorker.java:109)
	at org.testng.TestRunner.privateRun(TestRunner.java:648)
	at org.testng.TestRunner.run(TestRunner.java:505)
	at org.testng.SuiteRunner.runTest(SuiteRunner.java:455)
	at org.testng.SuiteRunner.runSequentially(SuiteRunner.java:450)
	at org.testng.SuiteRunner.privateRun(SuiteRunner.java:415)
	at org.testng.SuiteRunner.run(SuiteRunner.java:364)
	at org.testng.SuiteRunnerWorker.runSuite(SuiteRunnerWorker.java:52)
	at org.testng.SuiteRunnerWorker.run(SuiteRunnerWorker.java:84)
	at org.testng.TestNG.runSuitesSequentially(TestNG.java:1208)
	at org.testng.TestNG.runSuitesLocally(TestNG.java:1137)
	at org.testng.TestNG.runSuites(TestNG.java:1049)
	at org.testng.TestNG.run(TestNG.java:1017)
	at com.intellij.rt.testng.IDEARemoteTestNG.run(IDEARemoteTestNG.java:66)
	at com.intellij.rt.testng.RemoteTestNGStarter.main(RemoteTestNGStarter.java:109)
</pre></div></td>
<td>0</td>
<td>null</td></tr>
<tr>
<td title='EasyPromo.OmniCoupon_DistributeChannelOmni_UseChannelWebPos.test017_loggedUserReceiveCoupon()'><b>test017_loggedUserReceiveCoupon</b><br>Test class: EasyPromo.OmniCoupon_DistributeChannelOmni_UseChannelWebPos</td>
<td><div><pre>java.lang.Throwable: Method OmniCoupon_DistributeChannelOmni_UseChannelWebPos.test017_loggedUserReceiveCoupon()[pri:0, instance:EasyPromo.OmniCoupon_DistributeChannelOmni_UseChannelWebPos@5d5eef3d] depends on not successfully finished methods
	at org.testng.internal.Invoker.invokeTestMethods(Invoker.java:888)
	at org.testng.internal.TestMethodWorker.invokeTestMethods(TestMethodWorker.java:125)
	at org.testng.internal.TestMethodWorker.run(TestMethodWorker.java:109)
	at org.testng.TestRunner.privateRun(TestRunner.java:648)
	at org.testng.TestRunner.run(TestRunner.java:505)
	at org.testng.SuiteRunner.runTest(SuiteRunner.java:455)
	at org.testng.SuiteRunner.runSequentially(SuiteRunner.java:450)
	at org.testng.SuiteRunner.privateRun(SuiteRunner.java:415)
	at org.testng.SuiteRunner.run(SuiteRunner.java:364)
	at org.testng.SuiteRunnerWorker.runSuite(SuiteRunnerWorker.java:52)
	at org.testng.SuiteRunnerWorker.run(SuiteRunnerWorker.java:84)
	at org.testng.TestNG.runSuitesSequentially(TestNG.java:1208)
	at org.testng.TestNG.runSuitesLocally(TestNG.java:1137)
	at org.testng.TestNG.runSuites(TestNG.java:1049)
	at org.testng.TestNG.run(TestNG.java:1017)
	at com.intellij.rt.testng.IDEARemoteTestNG.run(IDEARemoteTestNG.java:66)
	at com.intellij.rt.testng.RemoteTestNGStarter.main(RemoteTestNGStarter.java:109)
</pre></div><a href='#' onClick='toggleBox("stack-trace95322593", this, "Click to show all stack frames", "Click to hide stack frames")'>Click to show all stack frames</a>
<div class='stack-trace' id='stack-trace95322593'><pre>java.lang.Throwable: Method OmniCoupon_DistributeChannelOmni_UseChannelWebPos.test017_loggedUserReceiveCoupon()[pri:0, instance:EasyPromo.OmniCoupon_DistributeChannelOmni_UseChannelWebPos@5d5eef3d] depends on not successfully finished methods
	at org.testng.internal.Invoker.invokeTestMethods(Invoker.java:888)
	at org.testng.internal.TestMethodWorker.invokeTestMethods(TestMethodWorker.java:125)
	at org.testng.internal.TestMethodWorker.run(TestMethodWorker.java:109)
	at org.testng.TestRunner.privateRun(TestRunner.java:648)
	at org.testng.TestRunner.run(TestRunner.java:505)
	at org.testng.SuiteRunner.runTest(SuiteRunner.java:455)
	at org.testng.SuiteRunner.runSequentially(SuiteRunner.java:450)
	at org.testng.SuiteRunner.privateRun(SuiteRunner.java:415)
	at org.testng.SuiteRunner.run(SuiteRunner.java:364)
	at org.testng.SuiteRunnerWorker.runSuite(SuiteRunnerWorker.java:52)
	at org.testng.SuiteRunnerWorker.run(SuiteRunnerWorker.java:84)
	at org.testng.TestNG.runSuitesSequentially(TestNG.java:1208)
	at org.testng.TestNG.runSuitesLocally(TestNG.java:1137)
	at org.testng.TestNG.runSuites(TestNG.java:1049)
	at org.testng.TestNG.run(TestNG.java:1017)
	at com.intellij.rt.testng.IDEARemoteTestNG.run(IDEARemoteTestNG.java:66)
	at com.intellij.rt.testng.RemoteTestNGStarter.main(RemoteTestNGStarter.java:109)
</pre></div></td>
<td>0</td>
<td>null</td></tr>
<tr>
<td title='EasyPromo.OmniCoupon_DistributeChannelOmni_UseChannelWebPos.test018_MPMQueryUserCoupon()'><b>test018_MPMQueryUserCoupon</b><br>Test class: EasyPromo.OmniCoupon_DistributeChannelOmni_UseChannelWebPos</td>
<td><div><pre>java.lang.Throwable: Method OmniCoupon_DistributeChannelOmni_UseChannelWebPos.test018_MPMQueryUserCoupon()[pri:0, instance:EasyPromo.OmniCoupon_DistributeChannelOmni_UseChannelWebPos@5d5eef3d] depends on not successfully finished methods
	at org.testng.internal.Invoker.invokeTestMethods(Invoker.java:888)
	at org.testng.internal.TestMethodWorker.invokeTestMethods(TestMethodWorker.java:125)
	at org.testng.internal.TestMethodWorker.run(TestMethodWorker.java:109)
	at org.testng.TestRunner.privateRun(TestRunner.java:648)
	at org.testng.TestRunner.run(TestRunner.java:505)
	at org.testng.SuiteRunner.runTest(SuiteRunner.java:455)
	at org.testng.SuiteRunner.runSequentially(SuiteRunner.java:450)
	at org.testng.SuiteRunner.privateRun(SuiteRunner.java:415)
	at org.testng.SuiteRunner.run(SuiteRunner.java:364)
	at org.testng.SuiteRunnerWorker.runSuite(SuiteRunnerWorker.java:52)
	at org.testng.SuiteRunnerWorker.run(SuiteRunnerWorker.java:84)
	at org.testng.TestNG.runSuitesSequentially(TestNG.java:1208)
	at org.testng.TestNG.runSuitesLocally(TestNG.java:1137)
	at org.testng.TestNG.runSuites(TestNG.java:1049)
	at org.testng.TestNG.run(TestNG.java:1017)
	at com.intellij.rt.testng.IDEARemoteTestNG.run(IDEARemoteTestNG.java:66)
	at com.intellij.rt.testng.RemoteTestNGStarter.main(RemoteTestNGStarter.java:109)
</pre></div><a href='#' onClick='toggleBox("stack-trace802255644", this, "Click to show all stack frames", "Click to hide stack frames")'>Click to show all stack frames</a>
<div class='stack-trace' id='stack-trace802255644'><pre>java.lang.Throwable: Method OmniCoupon_DistributeChannelOmni_UseChannelWebPos.test018_MPMQueryUserCoupon()[pri:0, instance:EasyPromo.OmniCoupon_DistributeChannelOmni_UseChannelWebPos@5d5eef3d] depends on not successfully finished methods
	at org.testng.internal.Invoker.invokeTestMethods(Invoker.java:888)
	at org.testng.internal.TestMethodWorker.invokeTestMethods(TestMethodWorker.java:125)
	at org.testng.internal.TestMethodWorker.run(TestMethodWorker.java:109)
	at org.testng.TestRunner.privateRun(TestRunner.java:648)
	at org.testng.TestRunner.run(TestRunner.java:505)
	at org.testng.SuiteRunner.runTest(SuiteRunner.java:455)
	at org.testng.SuiteRunner.runSequentially(SuiteRunner.java:450)
	at org.testng.SuiteRunner.privateRun(SuiteRunner.java:415)
	at org.testng.SuiteRunner.run(SuiteRunner.java:364)
	at org.testng.SuiteRunnerWorker.runSuite(SuiteRunnerWorker.java:52)
	at org.testng.SuiteRunnerWorker.run(SuiteRunnerWorker.java:84)
	at org.testng.TestNG.runSuitesSequentially(TestNG.java:1208)
	at org.testng.TestNG.runSuitesLocally(TestNG.java:1137)
	at org.testng.TestNG.runSuites(TestNG.java:1049)
	at org.testng.TestNG.run(TestNG.java:1017)
	at com.intellij.rt.testng.IDEARemoteTestNG.run(IDEARemoteTestNG.java:66)
	at com.intellij.rt.testng.RemoteTestNGStarter.main(RemoteTestNGStarter.java:109)
</pre></div></td>
<td>0</td>
<td>null</td></tr>
<tr>
<td title='EasyPromo.OmniCoupon_DistributeChannelOmni_UseChannelWebPos.test019_MPMUserAvailableCoupon()'><b>test019_MPMUserAvailableCoupon</b><br>Test class: EasyPromo.OmniCoupon_DistributeChannelOmni_UseChannelWebPos</td>
<td><div><pre>java.lang.Throwable: Method OmniCoupon_DistributeChannelOmni_UseChannelWebPos.test019_MPMUserAvailableCoupon()[pri:0, instance:EasyPromo.OmniCoupon_DistributeChannelOmni_UseChannelWebPos@5d5eef3d] depends on not successfully finished methods
	at org.testng.internal.Invoker.invokeTestMethods(Invoker.java:888)
	at org.testng.internal.TestMethodWorker.invokeTestMethods(TestMethodWorker.java:125)
	at org.testng.internal.TestMethodWorker.run(TestMethodWorker.java:109)
	at org.testng.TestRunner.privateRun(TestRunner.java:648)
	at org.testng.TestRunner.run(TestRunner.java:505)
	at org.testng.SuiteRunner.runTest(SuiteRunner.java:455)
	at org.testng.SuiteRunner.runSequentially(SuiteRunner.java:450)
	at org.testng.SuiteRunner.privateRun(SuiteRunner.java:415)
	at org.testng.SuiteRunner.run(SuiteRunner.java:364)
	at org.testng.SuiteRunnerWorker.runSuite(SuiteRunnerWorker.java:52)
	at org.testng.SuiteRunnerWorker.run(SuiteRunnerWorker.java:84)
	at org.testng.TestNG.runSuitesSequentially(TestNG.java:1208)
	at org.testng.TestNG.runSuitesLocally(TestNG.java:1137)
	at org.testng.TestNG.runSuites(TestNG.java:1049)
	at org.testng.TestNG.run(TestNG.java:1017)
	at com.intellij.rt.testng.IDEARemoteTestNG.run(IDEARemoteTestNG.java:66)
	at com.intellij.rt.testng.RemoteTestNGStarter.main(RemoteTestNGStarter.java:109)
</pre></div><a href='#' onClick='toggleBox("stack-trace1525114112", this, "Click to show all stack frames", "Click to hide stack frames")'>Click to show all stack frames</a>
<div class='stack-trace' id='stack-trace1525114112'><pre>java.lang.Throwable: Method OmniCoupon_DistributeChannelOmni_UseChannelWebPos.test019_MPMUserAvailableCoupon()[pri:0, instance:EasyPromo.OmniCoupon_DistributeChannelOmni_UseChannelWebPos@5d5eef3d] depends on not successfully finished methods
	at org.testng.internal.Invoker.invokeTestMethods(Invoker.java:888)
	at org.testng.internal.TestMethodWorker.invokeTestMethods(TestMethodWorker.java:125)
	at org.testng.internal.TestMethodWorker.run(TestMethodWorker.java:109)
	at org.testng.TestRunner.privateRun(TestRunner.java:648)
	at org.testng.TestRunner.run(TestRunner.java:505)
	at org.testng.SuiteRunner.runTest(SuiteRunner.java:455)
	at org.testng.SuiteRunner.runSequentially(SuiteRunner.java:450)
	at org.testng.SuiteRunner.privateRun(SuiteRunner.java:415)
	at org.testng.SuiteRunner.run(SuiteRunner.java:364)
	at org.testng.SuiteRunnerWorker.runSuite(SuiteRunnerWorker.java:52)
	at org.testng.SuiteRunnerWorker.run(SuiteRunnerWorker.java:84)
	at org.testng.TestNG.runSuitesSequentially(TestNG.java:1208)
	at org.testng.TestNG.runSuitesLocally(TestNG.java:1137)
	at org.testng.TestNG.runSuites(TestNG.java:1049)
	at org.testng.TestNG.run(TestNG.java:1017)
	at com.intellij.rt.testng.IDEARemoteTestNG.run(IDEARemoteTestNG.java:66)
	at com.intellij.rt.testng.RemoteTestNGStarter.main(RemoteTestNGStarter.java:109)
</pre></div></td>
<td>0</td>
<td>null</td></tr>
<tr>
<td title='EasyPromo.OmniCoupon_DistributeChannelOmni_UseChannelWebPos.test020_webPosPlans()'><b>test020_webPosPlans</b><br>Test class: EasyPromo.OmniCoupon_DistributeChannelOmni_UseChannelWebPos</td>
<td><div><pre>java.lang.Throwable: Method OmniCoupon_DistributeChannelOmni_UseChannelWebPos.test020_webPosPlans()[pri:0, instance:EasyPromo.OmniCoupon_DistributeChannelOmni_UseChannelWebPos@5d5eef3d] depends on not successfully finished methods
	at org.testng.internal.Invoker.invokeTestMethods(Invoker.java:888)
	at org.testng.internal.TestMethodWorker.invokeTestMethods(TestMethodWorker.java:125)
	at org.testng.internal.TestMethodWorker.run(TestMethodWorker.java:109)
	at org.testng.TestRunner.privateRun(TestRunner.java:648)
	at org.testng.TestRunner.run(TestRunner.java:505)
	at org.testng.SuiteRunner.runTest(SuiteRunner.java:455)
	at org.testng.SuiteRunner.runSequentially(SuiteRunner.java:450)
	at org.testng.SuiteRunner.privateRun(SuiteRunner.java:415)
	at org.testng.SuiteRunner.run(SuiteRunner.java:364)
	at org.testng.SuiteRunnerWorker.runSuite(SuiteRunnerWorker.java:52)
	at org.testng.SuiteRunnerWorker.run(SuiteRunnerWorker.java:84)
	at org.testng.TestNG.runSuitesSequentially(TestNG.java:1208)
	at org.testng.TestNG.runSuitesLocally(TestNG.java:1137)
	at org.testng.TestNG.runSuites(TestNG.java:1049)
	at org.testng.TestNG.run(TestNG.java:1017)
	at com.intellij.rt.testng.IDEARemoteTestNG.run(IDEARemoteTestNG.java:66)
	at com.intellij.rt.testng.RemoteTestNGStarter.main(RemoteTestNGStarter.java:109)
</pre></div><a href='#' onClick='toggleBox("stack-trace1416665097", this, "Click to show all stack frames", "Click to hide stack frames")'>Click to show all stack frames</a>
<div class='stack-trace' id='stack-trace1416665097'><pre>java.lang.Throwable: Method OmniCoupon_DistributeChannelOmni_UseChannelWebPos.test020_webPosPlans()[pri:0, instance:EasyPromo.OmniCoupon_DistributeChannelOmni_UseChannelWebPos@5d5eef3d] depends on not successfully finished methods
	at org.testng.internal.Invoker.invokeTestMethods(Invoker.java:888)
	at org.testng.internal.TestMethodWorker.invokeTestMethods(TestMethodWorker.java:125)
	at org.testng.internal.TestMethodWorker.run(TestMethodWorker.java:109)
	at org.testng.TestRunner.privateRun(TestRunner.java:648)
	at org.testng.TestRunner.run(TestRunner.java:505)
	at org.testng.SuiteRunner.runTest(SuiteRunner.java:455)
	at org.testng.SuiteRunner.runSequentially(SuiteRunner.java:450)
	at org.testng.SuiteRunner.privateRun(SuiteRunner.java:415)
	at org.testng.SuiteRunner.run(SuiteRunner.java:364)
	at org.testng.SuiteRunnerWorker.runSuite(SuiteRunnerWorker.java:52)
	at org.testng.SuiteRunnerWorker.run(SuiteRunnerWorker.java:84)
	at org.testng.TestNG.runSuitesSequentially(TestNG.java:1208)
	at org.testng.TestNG.runSuitesLocally(TestNG.java:1137)
	at org.testng.TestNG.runSuites(TestNG.java:1049)
	at org.testng.TestNG.run(TestNG.java:1017)
	at com.intellij.rt.testng.IDEARemoteTestNG.run(IDEARemoteTestNG.java:66)
	at com.intellij.rt.testng.RemoteTestNGStarter.main(RemoteTestNGStarter.java:109)
</pre></div></td>
<td>0</td>
<td>null</td></tr>
<tr>
<td title='EasyPromo.OmniCoupon_DistributeChannelOmni_UseChannelWebPos.test022_confirmPromotionPlans()'><b>test022_confirmPromotionPlans</b><br>Test class: EasyPromo.OmniCoupon_DistributeChannelOmni_UseChannelWebPos</td>
<td><div><pre>java.lang.Throwable: Method OmniCoupon_DistributeChannelOmni_UseChannelWebPos.test022_confirmPromotionPlans()[pri:0, instance:EasyPromo.OmniCoupon_DistributeChannelOmni_UseChannelWebPos@5d5eef3d] depends on not successfully finished methods
	at org.testng.internal.Invoker.invokeTestMethods(Invoker.java:888)
	at org.testng.internal.TestMethodWorker.invokeTestMethods(TestMethodWorker.java:125)
	at org.testng.internal.TestMethodWorker.run(TestMethodWorker.java:109)
	at org.testng.TestRunner.privateRun(TestRunner.java:648)
	at org.testng.TestRunner.run(TestRunner.java:505)
	at org.testng.SuiteRunner.runTest(SuiteRunner.java:455)
	at org.testng.SuiteRunner.runSequentially(SuiteRunner.java:450)
	at org.testng.SuiteRunner.privateRun(SuiteRunner.java:415)
	at org.testng.SuiteRunner.run(SuiteRunner.java:364)
	at org.testng.SuiteRunnerWorker.runSuite(SuiteRunnerWorker.java:52)
	at org.testng.SuiteRunnerWorker.run(SuiteRunnerWorker.java:84)
	at org.testng.TestNG.runSuitesSequentially(TestNG.java:1208)
	at org.testng.TestNG.runSuitesLocally(TestNG.java:1137)
	at org.testng.TestNG.runSuites(TestNG.java:1049)
	at org.testng.TestNG.run(TestNG.java:1017)
	at com.intellij.rt.testng.IDEARemoteTestNG.run(IDEARemoteTestNG.java:66)
	at com.intellij.rt.testng.RemoteTestNGStarter.main(RemoteTestNGStarter.java:109)
</pre></div><a href='#' onClick='toggleBox("stack-trace707635461", this, "Click to show all stack frames", "Click to hide stack frames")'>Click to show all stack frames</a>
<div class='stack-trace' id='stack-trace707635461'><pre>java.lang.Throwable: Method OmniCoupon_DistributeChannelOmni_UseChannelWebPos.test022_confirmPromotionPlans()[pri:0, instance:EasyPromo.OmniCoupon_DistributeChannelOmni_UseChannelWebPos@5d5eef3d] depends on not successfully finished methods
	at org.testng.internal.Invoker.invokeTestMethods(Invoker.java:888)
	at org.testng.internal.TestMethodWorker.invokeTestMethods(TestMethodWorker.java:125)
	at org.testng.internal.TestMethodWorker.run(TestMethodWorker.java:109)
	at org.testng.TestRunner.privateRun(TestRunner.java:648)
	at org.testng.TestRunner.run(TestRunner.java:505)
	at org.testng.SuiteRunner.runTest(SuiteRunner.java:455)
	at org.testng.SuiteRunner.runSequentially(SuiteRunner.java:450)
	at org.testng.SuiteRunner.privateRun(SuiteRunner.java:415)
	at org.testng.SuiteRunner.run(SuiteRunner.java:364)
	at org.testng.SuiteRunnerWorker.runSuite(SuiteRunnerWorker.java:52)
	at org.testng.SuiteRunnerWorker.run(SuiteRunnerWorker.java:84)
	at org.testng.TestNG.runSuitesSequentially(TestNG.java:1208)
	at org.testng.TestNG.runSuitesLocally(TestNG.java:1137)
	at org.testng.TestNG.runSuites(TestNG.java:1049)
	at org.testng.TestNG.run(TestNG.java:1017)
	at com.intellij.rt.testng.IDEARemoteTestNG.run(IDEARemoteTestNG.java:66)
	at com.intellij.rt.testng.RemoteTestNGStarter.main(RemoteTestNGStarter.java:109)
</pre></div></td>
<td>0</td>
<td>null</td></tr>
<tr>
<td title='EasyPromo.OmniCoupon_DistributeChannelOmni_UseChannelWebPos.test023_MPMQueryUserCoupon()'><b>test023_MPMQueryUserCoupon</b><br>Test class: EasyPromo.OmniCoupon_DistributeChannelOmni_UseChannelWebPos</td>
<td><div><pre>java.lang.Throwable: Method OmniCoupon_DistributeChannelOmni_UseChannelWebPos.test023_MPMQueryUserCoupon()[pri:0, instance:EasyPromo.OmniCoupon_DistributeChannelOmni_UseChannelWebPos@5d5eef3d] depends on not successfully finished methods
	at org.testng.internal.Invoker.invokeTestMethods(Invoker.java:888)
	at org.testng.internal.TestMethodWorker.invokeTestMethods(TestMethodWorker.java:125)
	at org.testng.internal.TestMethodWorker.run(TestMethodWorker.java:109)
	at org.testng.TestRunner.privateRun(TestRunner.java:648)
	at org.testng.TestRunner.run(TestRunner.java:505)
	at org.testng.SuiteRunner.runTest(SuiteRunner.java:455)
	at org.testng.SuiteRunner.runSequentially(SuiteRunner.java:450)
	at org.testng.SuiteRunner.privateRun(SuiteRunner.java:415)
	at org.testng.SuiteRunner.run(SuiteRunner.java:364)
	at org.testng.SuiteRunnerWorker.runSuite(SuiteRunnerWorker.java:52)
	at org.testng.SuiteRunnerWorker.run(SuiteRunnerWorker.java:84)
	at org.testng.TestNG.runSuitesSequentially(TestNG.java:1208)
	at org.testng.TestNG.runSuitesLocally(TestNG.java:1137)
	at org.testng.TestNG.runSuites(TestNG.java:1049)
	at org.testng.TestNG.run(TestNG.java:1017)
	at com.intellij.rt.testng.IDEARemoteTestNG.run(IDEARemoteTestNG.java:66)
	at com.intellij.rt.testng.RemoteTestNGStarter.main(RemoteTestNGStarter.java:109)
</pre></div><a href='#' onClick='toggleBox("stack-trace619929778", this, "Click to show all stack frames", "Click to hide stack frames")'>Click to show all stack frames</a>
<div class='stack-trace' id='stack-trace619929778'><pre>java.lang.Throwable: Method OmniCoupon_DistributeChannelOmni_UseChannelWebPos.test023_MPMQueryUserCoupon()[pri:0, instance:EasyPromo.OmniCoupon_DistributeChannelOmni_UseChannelWebPos@5d5eef3d] depends on not successfully finished methods
	at org.testng.internal.Invoker.invokeTestMethods(Invoker.java:888)
	at org.testng.internal.TestMethodWorker.invokeTestMethods(TestMethodWorker.java:125)
	at org.testng.internal.TestMethodWorker.run(TestMethodWorker.java:109)
	at org.testng.TestRunner.privateRun(TestRunner.java:648)
	at org.testng.TestRunner.run(TestRunner.java:505)
	at org.testng.SuiteRunner.runTest(SuiteRunner.java:455)
	at org.testng.SuiteRunner.runSequentially(SuiteRunner.java:450)
	at org.testng.SuiteRunner.privateRun(SuiteRunner.java:415)
	at org.testng.SuiteRunner.run(SuiteRunner.java:364)
	at org.testng.SuiteRunnerWorker.runSuite(SuiteRunnerWorker.java:52)
	at org.testng.SuiteRunnerWorker.run(SuiteRunnerWorker.java:84)
	at org.testng.TestNG.runSuitesSequentially(TestNG.java:1208)
	at org.testng.TestNG.runSuitesLocally(TestNG.java:1137)
	at org.testng.TestNG.runSuites(TestNG.java:1049)
	at org.testng.TestNG.run(TestNG.java:1017)
	at com.intellij.rt.testng.IDEARemoteTestNG.run(IDEARemoteTestNG.java:66)
	at com.intellij.rt.testng.RemoteTestNGStarter.main(RemoteTestNGStarter.java:109)
</pre></div></td>
<td>0</td>
<td>null</td></tr>
<tr>
<td title='EasyPromo.OmniCoupon_DistributeChannelOmni_UseChannelWebPos.test024_MPMUserAvailableCoupon()'><b>test024_MPMUserAvailableCoupon</b><br>Test class: EasyPromo.OmniCoupon_DistributeChannelOmni_UseChannelWebPos</td>
<td><div><pre>java.lang.Throwable: Method OmniCoupon_DistributeChannelOmni_UseChannelWebPos.test024_MPMUserAvailableCoupon()[pri:0, instance:EasyPromo.OmniCoupon_DistributeChannelOmni_UseChannelWebPos@5d5eef3d] depends on not successfully finished methods
	at org.testng.internal.Invoker.invokeTestMethods(Invoker.java:888)
	at org.testng.internal.TestMethodWorker.invokeTestMethods(TestMethodWorker.java:125)
	at org.testng.internal.TestMethodWorker.run(TestMethodWorker.java:109)
	at org.testng.TestRunner.privateRun(TestRunner.java:648)
	at org.testng.TestRunner.run(TestRunner.java:505)
	at org.testng.SuiteRunner.runTest(SuiteRunner.java:455)
	at org.testng.SuiteRunner.runSequentially(SuiteRunner.java:450)
	at org.testng.SuiteRunner.privateRun(SuiteRunner.java:415)
	at org.testng.SuiteRunner.run(SuiteRunner.java:364)
	at org.testng.SuiteRunnerWorker.runSuite(SuiteRunnerWorker.java:52)
	at org.testng.SuiteRunnerWorker.run(SuiteRunnerWorker.java:84)
	at org.testng.TestNG.runSuitesSequentially(TestNG.java:1208)
	at org.testng.TestNG.runSuitesLocally(TestNG.java:1137)
	at org.testng.TestNG.runSuites(TestNG.java:1049)
	at org.testng.TestNG.run(TestNG.java:1017)
	at com.intellij.rt.testng.IDEARemoteTestNG.run(IDEARemoteTestNG.java:66)
	at com.intellij.rt.testng.RemoteTestNGStarter.main(RemoteTestNGStarter.java:109)
</pre></div><a href='#' onClick='toggleBox("stack-trace1624211687", this, "Click to show all stack frames", "Click to hide stack frames")'>Click to show all stack frames</a>
<div class='stack-trace' id='stack-trace1624211687'><pre>java.lang.Throwable: Method OmniCoupon_DistributeChannelOmni_UseChannelWebPos.test024_MPMUserAvailableCoupon()[pri:0, instance:EasyPromo.OmniCoupon_DistributeChannelOmni_UseChannelWebPos@5d5eef3d] depends on not successfully finished methods
	at org.testng.internal.Invoker.invokeTestMethods(Invoker.java:888)
	at org.testng.internal.TestMethodWorker.invokeTestMethods(TestMethodWorker.java:125)
	at org.testng.internal.TestMethodWorker.run(TestMethodWorker.java:109)
	at org.testng.TestRunner.privateRun(TestRunner.java:648)
	at org.testng.TestRunner.run(TestRunner.java:505)
	at org.testng.SuiteRunner.runTest(SuiteRunner.java:455)
	at org.testng.SuiteRunner.runSequentially(SuiteRunner.java:450)
	at org.testng.SuiteRunner.privateRun(SuiteRunner.java:415)
	at org.testng.SuiteRunner.run(SuiteRunner.java:364)
	at org.testng.SuiteRunnerWorker.runSuite(SuiteRunnerWorker.java:52)
	at org.testng.SuiteRunnerWorker.run(SuiteRunnerWorker.java:84)
	at org.testng.TestNG.runSuitesSequentially(TestNG.java:1208)
	at org.testng.TestNG.runSuitesLocally(TestNG.java:1137)
	at org.testng.TestNG.runSuites(TestNG.java:1049)
	at org.testng.TestNG.run(TestNG.java:1017)
	at com.intellij.rt.testng.IDEARemoteTestNG.run(IDEARemoteTestNG.java:66)
	at com.intellij.rt.testng.RemoteTestNGStarter.main(RemoteTestNGStarter.java:109)
</pre></div></td>
<td>0</td>
<td>null</td></tr>
<tr>
<td title='EasyPromo.OmniCoupon_DistributeChannelOmni_UseChannelWebPos.test025_promotionDetails_001()'><b>test025_promotionDetails_001</b><br>Test class: EasyPromo.OmniCoupon_DistributeChannelOmni_UseChannelWebPos</td>
<td><div><pre>java.lang.Throwable: Method OmniCoupon_DistributeChannelOmni_UseChannelWebPos.test025_promotionDetails_001()[pri:0, instance:EasyPromo.OmniCoupon_DistributeChannelOmni_UseChannelWebPos@5d5eef3d] depends on not successfully finished methods
	at org.testng.internal.Invoker.invokeTestMethods(Invoker.java:888)
	at org.testng.internal.TestMethodWorker.invokeTestMethods(TestMethodWorker.java:125)
	at org.testng.internal.TestMethodWorker.run(TestMethodWorker.java:109)
	at org.testng.TestRunner.privateRun(TestRunner.java:648)
	at org.testng.TestRunner.run(TestRunner.java:505)
	at org.testng.SuiteRunner.runTest(SuiteRunner.java:455)
	at org.testng.SuiteRunner.runSequentially(SuiteRunner.java:450)
	at org.testng.SuiteRunner.privateRun(SuiteRunner.java:415)
	at org.testng.SuiteRunner.run(SuiteRunner.java:364)
	at org.testng.SuiteRunnerWorker.runSuite(SuiteRunnerWorker.java:52)
	at org.testng.SuiteRunnerWorker.run(SuiteRunnerWorker.java:84)
	at org.testng.TestNG.runSuitesSequentially(TestNG.java:1208)
	at org.testng.TestNG.runSuitesLocally(TestNG.java:1137)
	at org.testng.TestNG.runSuites(TestNG.java:1049)
	at org.testng.TestNG.run(TestNG.java:1017)
	at com.intellij.rt.testng.IDEARemoteTestNG.run(IDEARemoteTestNG.java:66)
	at com.intellij.rt.testng.RemoteTestNGStarter.main(RemoteTestNGStarter.java:109)
</pre></div><a href='#' onClick='toggleBox("stack-trace1410367298", this, "Click to show all stack frames", "Click to hide stack frames")'>Click to show all stack frames</a>
<div class='stack-trace' id='stack-trace1410367298'><pre>java.lang.Throwable: Method OmniCoupon_DistributeChannelOmni_UseChannelWebPos.test025_promotionDetails_001()[pri:0, instance:EasyPromo.OmniCoupon_DistributeChannelOmni_UseChannelWebPos@5d5eef3d] depends on not successfully finished methods
	at org.testng.internal.Invoker.invokeTestMethods(Invoker.java:888)
	at org.testng.internal.TestMethodWorker.invokeTestMethods(TestMethodWorker.java:125)
	at org.testng.internal.TestMethodWorker.run(TestMethodWorker.java:109)
	at org.testng.TestRunner.privateRun(TestRunner.java:648)
	at org.testng.TestRunner.run(TestRunner.java:505)
	at org.testng.SuiteRunner.runTest(SuiteRunner.java:455)
	at org.testng.SuiteRunner.runSequentially(SuiteRunner.java:450)
	at org.testng.SuiteRunner.privateRun(SuiteRunner.java:415)
	at org.testng.SuiteRunner.run(SuiteRunner.java:364)
	at org.testng.SuiteRunnerWorker.runSuite(SuiteRunnerWorker.java:52)
	at org.testng.SuiteRunnerWorker.run(SuiteRunnerWorker.java:84)
	at org.testng.TestNG.runSuitesSequentially(TestNG.java:1208)
	at org.testng.TestNG.runSuitesLocally(TestNG.java:1137)
	at org.testng.TestNG.runSuites(TestNG.java:1049)
	at org.testng.TestNG.run(TestNG.java:1017)
	at com.intellij.rt.testng.IDEARemoteTestNG.run(IDEARemoteTestNG.java:66)
	at com.intellij.rt.testng.RemoteTestNGStarter.main(RemoteTestNGStarter.java:109)
</pre></div></td>
<td>0</td>
<td>null</td></tr>
<tr>
<td title='EasyPromo.OmniCoupon_DistributeChannelOmni_UseChannelWebPos.test025_promotionDetails_002()'><b>test025_promotionDetails_002</b><br>Test class: EasyPromo.OmniCoupon_DistributeChannelOmni_UseChannelWebPos</td>
<td><div><pre>java.lang.Throwable: Method OmniCoupon_DistributeChannelOmni_UseChannelWebPos.test025_promotionDetails_002(xProject.testCase.testCaseTemplateOne)[pri:0, instance:EasyPromo.OmniCoupon_DistributeChannelOmni_UseChannelWebPos@5d5eef3d] depends on not successfully finished methods
	at org.testng.internal.Invoker.invokeTestMethods(Invoker.java:888)
	at org.testng.internal.TestMethodWorker.invokeTestMethods(TestMethodWorker.java:125)
	at org.testng.internal.TestMethodWorker.run(TestMethodWorker.java:109)
	at org.testng.TestRunner.privateRun(TestRunner.java:648)
	at org.testng.TestRunner.run(TestRunner.java:505)
	at org.testng.SuiteRunner.runTest(SuiteRunner.java:455)
	at org.testng.SuiteRunner.runSequentially(SuiteRunner.java:450)
	at org.testng.SuiteRunner.privateRun(SuiteRunner.java:415)
	at org.testng.SuiteRunner.run(SuiteRunner.java:364)
	at org.testng.SuiteRunnerWorker.runSuite(SuiteRunnerWorker.java:52)
	at org.testng.SuiteRunnerWorker.run(SuiteRunnerWorker.java:84)
	at org.testng.TestNG.runSuitesSequentially(TestNG.java:1208)
	at org.testng.TestNG.runSuitesLocally(TestNG.java:1137)
	at org.testng.TestNG.runSuites(TestNG.java:1049)
	at org.testng.TestNG.run(TestNG.java:1017)
	at com.intellij.rt.testng.IDEARemoteTestNG.run(IDEARemoteTestNG.java:66)
	at com.intellij.rt.testng.RemoteTestNGStarter.main(RemoteTestNGStarter.java:109)
</pre></div><a href='#' onClick='toggleBox("stack-trace454160179", this, "Click to show all stack frames", "Click to hide stack frames")'>Click to show all stack frames</a>
<div class='stack-trace' id='stack-trace454160179'><pre>java.lang.Throwable: Method OmniCoupon_DistributeChannelOmni_UseChannelWebPos.test025_promotionDetails_002(xProject.testCase.testCaseTemplateOne)[pri:0, instance:EasyPromo.OmniCoupon_DistributeChannelOmni_UseChannelWebPos@5d5eef3d] depends on not successfully finished methods
	at org.testng.internal.Invoker.invokeTestMethods(Invoker.java:888)
	at org.testng.internal.TestMethodWorker.invokeTestMethods(TestMethodWorker.java:125)
	at org.testng.internal.TestMethodWorker.run(TestMethodWorker.java:109)
	at org.testng.TestRunner.privateRun(TestRunner.java:648)
	at org.testng.TestRunner.run(TestRunner.java:505)
	at org.testng.SuiteRunner.runTest(SuiteRunner.java:455)
	at org.testng.SuiteRunner.runSequentially(SuiteRunner.java:450)
	at org.testng.SuiteRunner.privateRun(SuiteRunner.java:415)
	at org.testng.SuiteRunner.run(SuiteRunner.java:364)
	at org.testng.SuiteRunnerWorker.runSuite(SuiteRunnerWorker.java:52)
	at org.testng.SuiteRunnerWorker.run(SuiteRunnerWorker.java:84)
	at org.testng.TestNG.runSuitesSequentially(TestNG.java:1208)
	at org.testng.TestNG.runSuitesLocally(TestNG.java:1137)
	at org.testng.TestNG.runSuites(TestNG.java:1049)
	at org.testng.TestNG.run(TestNG.java:1017)
	at com.intellij.rt.testng.IDEARemoteTestNG.run(IDEARemoteTestNG.java:66)
	at com.intellij.rt.testng.RemoteTestNGStarter.main(RemoteTestNGStarter.java:109)
</pre></div></td>
<td>0</td>
<td>null</td></tr>
<tr>
<td title='EasyPromo.OmniCoupon_DistributeChannelOmni_UseChannelWebPos.test025_promotionDetails_003()'><b>test025_promotionDetails_003</b><br>Test class: EasyPromo.OmniCoupon_DistributeChannelOmni_UseChannelWebPos</td>
<td><div><pre>java.lang.Throwable: Method OmniCoupon_DistributeChannelOmni_UseChannelWebPos.test025_promotionDetails_003(xProject.testCase.testCaseTemplateOne)[pri:0, instance:EasyPromo.OmniCoupon_DistributeChannelOmni_UseChannelWebPos@5d5eef3d] depends on not successfully finished methods
	at org.testng.internal.Invoker.invokeTestMethods(Invoker.java:888)
	at org.testng.internal.TestMethodWorker.invokeTestMethods(TestMethodWorker.java:125)
	at org.testng.internal.TestMethodWorker.run(TestMethodWorker.java:109)
	at org.testng.TestRunner.privateRun(TestRunner.java:648)
	at org.testng.TestRunner.run(TestRunner.java:505)
	at org.testng.SuiteRunner.runTest(SuiteRunner.java:455)
	at org.testng.SuiteRunner.runSequentially(SuiteRunner.java:450)
	at org.testng.SuiteRunner.privateRun(SuiteRunner.java:415)
	at org.testng.SuiteRunner.run(SuiteRunner.java:364)
	at org.testng.SuiteRunnerWorker.runSuite(SuiteRunnerWorker.java:52)
	at org.testng.SuiteRunnerWorker.run(SuiteRunnerWorker.java:84)
	at org.testng.TestNG.runSuitesSequentially(TestNG.java:1208)
	at org.testng.TestNG.runSuitesLocally(TestNG.java:1137)
	at org.testng.TestNG.runSuites(TestNG.java:1049)
	at org.testng.TestNG.run(TestNG.java:1017)
	at com.intellij.rt.testng.IDEARemoteTestNG.run(IDEARemoteTestNG.java:66)
	at com.intellij.rt.testng.RemoteTestNGStarter.main(RemoteTestNGStarter.java:109)
</pre></div><a href='#' onClick='toggleBox("stack-trace74885833", this, "Click to show all stack frames", "Click to hide stack frames")'>Click to show all stack frames</a>
<div class='stack-trace' id='stack-trace74885833'><pre>java.lang.Throwable: Method OmniCoupon_DistributeChannelOmni_UseChannelWebPos.test025_promotionDetails_003(xProject.testCase.testCaseTemplateOne)[pri:0, instance:EasyPromo.OmniCoupon_DistributeChannelOmni_UseChannelWebPos@5d5eef3d] depends on not successfully finished methods
	at org.testng.internal.Invoker.invokeTestMethods(Invoker.java:888)
	at org.testng.internal.TestMethodWorker.invokeTestMethods(TestMethodWorker.java:125)
	at org.testng.internal.TestMethodWorker.run(TestMethodWorker.java:109)
	at org.testng.TestRunner.privateRun(TestRunner.java:648)
	at org.testng.TestRunner.run(TestRunner.java:505)
	at org.testng.SuiteRunner.runTest(SuiteRunner.java:455)
	at org.testng.SuiteRunner.runSequentially(SuiteRunner.java:450)
	at org.testng.SuiteRunner.privateRun(SuiteRunner.java:415)
	at org.testng.SuiteRunner.run(SuiteRunner.java:364)
	at org.testng.SuiteRunnerWorker.runSuite(SuiteRunnerWorker.java:52)
	at org.testng.SuiteRunnerWorker.run(SuiteRunnerWorker.java:84)
	at org.testng.TestNG.runSuitesSequentially(TestNG.java:1208)
	at org.testng.TestNG.runSuitesLocally(TestNG.java:1137)
	at org.testng.TestNG.runSuites(TestNG.java:1049)
	at org.testng.TestNG.run(TestNG.java:1017)
	at com.intellij.rt.testng.IDEARemoteTestNG.run(IDEARemoteTestNG.java:66)
	at com.intellij.rt.testng.RemoteTestNGStarter.main(RemoteTestNGStarter.java:109)
</pre></div></td>
<td>0</td>
<td>null</td></tr>
<tr>
<td title='EasyPromo.OmniCoupon_DistributeChannelOmni_UseChannelWebPos.test025_promotionDetails_004()'><b>test025_promotionDetails_004</b><br>Test class: EasyPromo.OmniCoupon_DistributeChannelOmni_UseChannelWebPos</td>
<td><div><pre>java.lang.Throwable: Method OmniCoupon_DistributeChannelOmni_UseChannelWebPos.test025_promotionDetails_004(xProject.testCase.testCaseTemplateOne)[pri:0, instance:EasyPromo.OmniCoupon_DistributeChannelOmni_UseChannelWebPos@5d5eef3d] depends on not successfully finished methods
	at org.testng.internal.Invoker.invokeTestMethods(Invoker.java:888)
	at org.testng.internal.TestMethodWorker.invokeTestMethods(TestMethodWorker.java:125)
	at org.testng.internal.TestMethodWorker.run(TestMethodWorker.java:109)
	at org.testng.TestRunner.privateRun(TestRunner.java:648)
	at org.testng.TestRunner.run(TestRunner.java:505)
	at org.testng.SuiteRunner.runTest(SuiteRunner.java:455)
	at org.testng.SuiteRunner.runSequentially(SuiteRunner.java:450)
	at org.testng.SuiteRunner.privateRun(SuiteRunner.java:415)
	at org.testng.SuiteRunner.run(SuiteRunner.java:364)
	at org.testng.SuiteRunnerWorker.runSuite(SuiteRunnerWorker.java:52)
	at org.testng.SuiteRunnerWorker.run(SuiteRunnerWorker.java:84)
	at org.testng.TestNG.runSuitesSequentially(TestNG.java:1208)
	at org.testng.TestNG.runSuitesLocally(TestNG.java:1137)
	at org.testng.TestNG.runSuites(TestNG.java:1049)
	at org.testng.TestNG.run(TestNG.java:1017)
	at com.intellij.rt.testng.IDEARemoteTestNG.run(IDEARemoteTestNG.java:66)
	at com.intellij.rt.testng.RemoteTestNGStarter.main(RemoteTestNGStarter.java:109)
</pre></div><a href='#' onClick='toggleBox("stack-trace1827303532", this, "Click to show all stack frames", "Click to hide stack frames")'>Click to show all stack frames</a>
<div class='stack-trace' id='stack-trace1827303532'><pre>java.lang.Throwable: Method OmniCoupon_DistributeChannelOmni_UseChannelWebPos.test025_promotionDetails_004(xProject.testCase.testCaseTemplateOne)[pri:0, instance:EasyPromo.OmniCoupon_DistributeChannelOmni_UseChannelWebPos@5d5eef3d] depends on not successfully finished methods
	at org.testng.internal.Invoker.invokeTestMethods(Invoker.java:888)
	at org.testng.internal.TestMethodWorker.invokeTestMethods(TestMethodWorker.java:125)
	at org.testng.internal.TestMethodWorker.run(TestMethodWorker.java:109)
	at org.testng.TestRunner.privateRun(TestRunner.java:648)
	at org.testng.TestRunner.run(TestRunner.java:505)
	at org.testng.SuiteRunner.runTest(SuiteRunner.java:455)
	at org.testng.SuiteRunner.runSequentially(SuiteRunner.java:450)
	at org.testng.SuiteRunner.privateRun(SuiteRunner.java:415)
	at org.testng.SuiteRunner.run(SuiteRunner.java:364)
	at org.testng.SuiteRunnerWorker.runSuite(SuiteRunnerWorker.java:52)
	at org.testng.SuiteRunnerWorker.run(SuiteRunnerWorker.java:84)
	at org.testng.TestNG.runSuitesSequentially(TestNG.java:1208)
	at org.testng.TestNG.runSuitesLocally(TestNG.java:1137)
	at org.testng.TestNG.runSuites(TestNG.java:1049)
	at org.testng.TestNG.run(TestNG.java:1017)
	at com.intellij.rt.testng.IDEARemoteTestNG.run(IDEARemoteTestNG.java:66)
	at com.intellij.rt.testng.RemoteTestNGStarter.main(RemoteTestNGStarter.java:109)
</pre></div></td>
<td>0</td>
<td>null</td></tr>
<tr>
<td title='EasyPromo.OmniCoupon_DistributeChannelOmni_UseChannelWebPos.test026_redeemCoupon()'><b>test026_redeemCoupon</b><br>Test class: EasyPromo.OmniCoupon_DistributeChannelOmni_UseChannelWebPos</td>
<td><div><pre>java.lang.Throwable: Method OmniCoupon_DistributeChannelOmni_UseChannelWebPos.test026_redeemCoupon()[pri:0, instance:EasyPromo.OmniCoupon_DistributeChannelOmni_UseChannelWebPos@5d5eef3d] depends on not successfully finished methods
	at org.testng.internal.Invoker.invokeTestMethods(Invoker.java:888)
	at org.testng.internal.TestMethodWorker.invokeTestMethods(TestMethodWorker.java:125)
	at org.testng.internal.TestMethodWorker.run(TestMethodWorker.java:109)
	at org.testng.TestRunner.privateRun(TestRunner.java:648)
	at org.testng.TestRunner.run(TestRunner.java:505)
	at org.testng.SuiteRunner.runTest(SuiteRunner.java:455)
	at org.testng.SuiteRunner.runSequentially(SuiteRunner.java:450)
	at org.testng.SuiteRunner.privateRun(SuiteRunner.java:415)
	at org.testng.SuiteRunner.run(SuiteRunner.java:364)
	at org.testng.SuiteRunnerWorker.runSuite(SuiteRunnerWorker.java:52)
	at org.testng.SuiteRunnerWorker.run(SuiteRunnerWorker.java:84)
	at org.testng.TestNG.runSuitesSequentially(TestNG.java:1208)
	at org.testng.TestNG.runSuitesLocally(TestNG.java:1137)
	at org.testng.TestNG.runSuites(TestNG.java:1049)
	at org.testng.TestNG.run(TestNG.java:1017)
	at com.intellij.rt.testng.IDEARemoteTestNG.run(IDEARemoteTestNG.java:66)
	at com.intellij.rt.testng.RemoteTestNGStarter.main(RemoteTestNGStarter.java:109)
</pre></div><a href='#' onClick='toggleBox("stack-trace1004009692", this, "Click to show all stack frames", "Click to hide stack frames")'>Click to show all stack frames</a>
<div class='stack-trace' id='stack-trace1004009692'><pre>java.lang.Throwable: Method OmniCoupon_DistributeChannelOmni_UseChannelWebPos.test026_redeemCoupon()[pri:0, instance:EasyPromo.OmniCoupon_DistributeChannelOmni_UseChannelWebPos@5d5eef3d] depends on not successfully finished methods
	at org.testng.internal.Invoker.invokeTestMethods(Invoker.java:888)
	at org.testng.internal.TestMethodWorker.invokeTestMethods(TestMethodWorker.java:125)
	at org.testng.internal.TestMethodWorker.run(TestMethodWorker.java:109)
	at org.testng.TestRunner.privateRun(TestRunner.java:648)
	at org.testng.TestRunner.run(TestRunner.java:505)
	at org.testng.SuiteRunner.runTest(SuiteRunner.java:455)
	at org.testng.SuiteRunner.runSequentially(SuiteRunner.java:450)
	at org.testng.SuiteRunner.privateRun(SuiteRunner.java:415)
	at org.testng.SuiteRunner.run(SuiteRunner.java:364)
	at org.testng.SuiteRunnerWorker.runSuite(SuiteRunnerWorker.java:52)
	at org.testng.SuiteRunnerWorker.run(SuiteRunnerWorker.java:84)
	at org.testng.TestNG.runSuitesSequentially(TestNG.java:1208)
	at org.testng.TestNG.runSuitesLocally(TestNG.java:1137)
	at org.testng.TestNG.runSuites(TestNG.java:1049)
	at org.testng.TestNG.run(TestNG.java:1017)
	at com.intellij.rt.testng.IDEARemoteTestNG.run(IDEARemoteTestNG.java:66)
	at com.intellij.rt.testng.RemoteTestNGStarter.main(RemoteTestNGStarter.java:109)
</pre></div></td>
<td>0</td>
<td>null</td></tr>
<tr>
<td title='EasyPromo.OmniCoupon_DistributeChannelOmni_UseChannelWebPos.test027_refundCoupon()'><b>test027_refundCoupon</b><br>Test class: EasyPromo.OmniCoupon_DistributeChannelOmni_UseChannelWebPos</td>
<td><div><pre>java.lang.Throwable: Method OmniCoupon_DistributeChannelOmni_UseChannelWebPos.test027_refundCoupon()[pri:0, instance:EasyPromo.OmniCoupon_DistributeChannelOmni_UseChannelWebPos@5d5eef3d] depends on not successfully finished methods
	at org.testng.internal.Invoker.invokeTestMethods(Invoker.java:888)
	at org.testng.internal.TestMethodWorker.invokeTestMethods(TestMethodWorker.java:125)
	at org.testng.internal.TestMethodWorker.run(TestMethodWorker.java:109)
	at org.testng.TestRunner.privateRun(TestRunner.java:648)
	at org.testng.TestRunner.run(TestRunner.java:505)
	at org.testng.SuiteRunner.runTest(SuiteRunner.java:455)
	at org.testng.SuiteRunner.runSequentially(SuiteRunner.java:450)
	at org.testng.SuiteRunner.privateRun(SuiteRunner.java:415)
	at org.testng.SuiteRunner.run(SuiteRunner.java:364)
	at org.testng.SuiteRunnerWorker.runSuite(SuiteRunnerWorker.java:52)
	at org.testng.SuiteRunnerWorker.run(SuiteRunnerWorker.java:84)
	at org.testng.TestNG.runSuitesSequentially(TestNG.java:1208)
	at org.testng.TestNG.runSuitesLocally(TestNG.java:1137)
	at org.testng.TestNG.runSuites(TestNG.java:1049)
	at org.testng.TestNG.run(TestNG.java:1017)
	at com.intellij.rt.testng.IDEARemoteTestNG.run(IDEARemoteTestNG.java:66)
	at com.intellij.rt.testng.RemoteTestNGStarter.main(RemoteTestNGStarter.java:109)
</pre></div><a href='#' onClick='toggleBox("stack-trace791408866", this, "Click to show all stack frames", "Click to hide stack frames")'>Click to show all stack frames</a>
<div class='stack-trace' id='stack-trace791408866'><pre>java.lang.Throwable: Method OmniCoupon_DistributeChannelOmni_UseChannelWebPos.test027_refundCoupon()[pri:0, instance:EasyPromo.OmniCoupon_DistributeChannelOmni_UseChannelWebPos@5d5eef3d] depends on not successfully finished methods
	at org.testng.internal.Invoker.invokeTestMethods(Invoker.java:888)
	at org.testng.internal.TestMethodWorker.invokeTestMethods(TestMethodWorker.java:125)
	at org.testng.internal.TestMethodWorker.run(TestMethodWorker.java:109)
	at org.testng.TestRunner.privateRun(TestRunner.java:648)
	at org.testng.TestRunner.run(TestRunner.java:505)
	at org.testng.SuiteRunner.runTest(SuiteRunner.java:455)
	at org.testng.SuiteRunner.runSequentially(SuiteRunner.java:450)
	at org.testng.SuiteRunner.privateRun(SuiteRunner.java:415)
	at org.testng.SuiteRunner.run(SuiteRunner.java:364)
	at org.testng.SuiteRunnerWorker.runSuite(SuiteRunnerWorker.java:52)
	at org.testng.SuiteRunnerWorker.run(SuiteRunnerWorker.java:84)
	at org.testng.TestNG.runSuitesSequentially(TestNG.java:1208)
	at org.testng.TestNG.runSuitesLocally(TestNG.java:1137)
	at org.testng.TestNG.runSuites(TestNG.java:1049)
	at org.testng.TestNG.run(TestNG.java:1017)
	at com.intellij.rt.testng.IDEARemoteTestNG.run(IDEARemoteTestNG.java:66)
	at com.intellij.rt.testng.RemoteTestNGStarter.main(RemoteTestNGStarter.java:109)
</pre></div></td>
<td>0</td>
<td>null</td></tr>
<tr>
<td title='EasyPromo.OmniCoupon_DistributeChannelOmni_UseChannelWebPos.test028_MPMQueryUserCoupon()'><b>test028_MPMQueryUserCoupon</b><br>Test class: EasyPromo.OmniCoupon_DistributeChannelOmni_UseChannelWebPos</td>
<td><div><pre>java.lang.Throwable: Method OmniCoupon_DistributeChannelOmni_UseChannelWebPos.test028_MPMQueryUserCoupon()[pri:0, instance:EasyPromo.OmniCoupon_DistributeChannelOmni_UseChannelWebPos@5d5eef3d] depends on not successfully finished methods
	at org.testng.internal.Invoker.invokeTestMethods(Invoker.java:888)
	at org.testng.internal.TestMethodWorker.invokeTestMethods(TestMethodWorker.java:125)
	at org.testng.internal.TestMethodWorker.run(TestMethodWorker.java:109)
	at org.testng.TestRunner.privateRun(TestRunner.java:648)
	at org.testng.TestRunner.run(TestRunner.java:505)
	at org.testng.SuiteRunner.runTest(SuiteRunner.java:455)
	at org.testng.SuiteRunner.runSequentially(SuiteRunner.java:450)
	at org.testng.SuiteRunner.privateRun(SuiteRunner.java:415)
	at org.testng.SuiteRunner.run(SuiteRunner.java:364)
	at org.testng.SuiteRunnerWorker.runSuite(SuiteRunnerWorker.java:52)
	at org.testng.SuiteRunnerWorker.run(SuiteRunnerWorker.java:84)
	at org.testng.TestNG.runSuitesSequentially(TestNG.java:1208)
	at org.testng.TestNG.runSuitesLocally(TestNG.java:1137)
	at org.testng.TestNG.runSuites(TestNG.java:1049)
	at org.testng.TestNG.run(TestNG.java:1017)
	at com.intellij.rt.testng.IDEARemoteTestNG.run(IDEARemoteTestNG.java:66)
	at com.intellij.rt.testng.RemoteTestNGStarter.main(RemoteTestNGStarter.java:109)
</pre></div><a href='#' onClick='toggleBox("stack-trace515520300", this, "Click to show all stack frames", "Click to hide stack frames")'>Click to show all stack frames</a>
<div class='stack-trace' id='stack-trace515520300'><pre>java.lang.Throwable: Method OmniCoupon_DistributeChannelOmni_UseChannelWebPos.test028_MPMQueryUserCoupon()[pri:0, instance:EasyPromo.OmniCoupon_DistributeChannelOmni_UseChannelWebPos@5d5eef3d] depends on not successfully finished methods
	at org.testng.internal.Invoker.invokeTestMethods(Invoker.java:888)
	at org.testng.internal.TestMethodWorker.invokeTestMethods(TestMethodWorker.java:125)
	at org.testng.internal.TestMethodWorker.run(TestMethodWorker.java:109)
	at org.testng.TestRunner.privateRun(TestRunner.java:648)
	at org.testng.TestRunner.run(TestRunner.java:505)
	at org.testng.SuiteRunner.runTest(SuiteRunner.java:455)
	at org.testng.SuiteRunner.runSequentially(SuiteRunner.java:450)
	at org.testng.SuiteRunner.privateRun(SuiteRunner.java:415)
	at org.testng.SuiteRunner.run(SuiteRunner.java:364)
	at org.testng.SuiteRunnerWorker.runSuite(SuiteRunnerWorker.java:52)
	at org.testng.SuiteRunnerWorker.run(SuiteRunnerWorker.java:84)
	at org.testng.TestNG.runSuitesSequentially(TestNG.java:1208)
	at org.testng.TestNG.runSuitesLocally(TestNG.java:1137)
	at org.testng.TestNG.runSuites(TestNG.java:1049)
	at org.testng.TestNG.run(TestNG.java:1017)
	at com.intellij.rt.testng.IDEARemoteTestNG.run(IDEARemoteTestNG.java:66)
	at com.intellij.rt.testng.RemoteTestNGStarter.main(RemoteTestNGStarter.java:109)
</pre></div></td>
<td>0</td>
<td>null</td></tr>
<tr>
<td title='EasyPromo.OmniCoupon_DistributeChannelOmni_UseChannelWebPos.test029_MPMUserAvailableCoupon()'><b>test029_MPMUserAvailableCoupon</b><br>Test class: EasyPromo.OmniCoupon_DistributeChannelOmni_UseChannelWebPos</td>
<td><div><pre>java.lang.Throwable: Method OmniCoupon_DistributeChannelOmni_UseChannelWebPos.test029_MPMUserAvailableCoupon()[pri:0, instance:EasyPromo.OmniCoupon_DistributeChannelOmni_UseChannelWebPos@5d5eef3d] depends on not successfully finished methods
	at org.testng.internal.Invoker.invokeTestMethods(Invoker.java:888)
	at org.testng.internal.TestMethodWorker.invokeTestMethods(TestMethodWorker.java:125)
	at org.testng.internal.TestMethodWorker.run(TestMethodWorker.java:109)
	at org.testng.TestRunner.privateRun(TestRunner.java:648)
	at org.testng.TestRunner.run(TestRunner.java:505)
	at org.testng.SuiteRunner.runTest(SuiteRunner.java:455)
	at org.testng.SuiteRunner.runSequentially(SuiteRunner.java:450)
	at org.testng.SuiteRunner.privateRun(SuiteRunner.java:415)
	at org.testng.SuiteRunner.run(SuiteRunner.java:364)
	at org.testng.SuiteRunnerWorker.runSuite(SuiteRunnerWorker.java:52)
	at org.testng.SuiteRunnerWorker.run(SuiteRunnerWorker.java:84)
	at org.testng.TestNG.runSuitesSequentially(TestNG.java:1208)
	at org.testng.TestNG.runSuitesLocally(TestNG.java:1137)
	at org.testng.TestNG.runSuites(TestNG.java:1049)
	at org.testng.TestNG.run(TestNG.java:1017)
	at com.intellij.rt.testng.IDEARemoteTestNG.run(IDEARemoteTestNG.java:66)
	at com.intellij.rt.testng.RemoteTestNGStarter.main(RemoteTestNGStarter.java:109)
</pre></div><a href='#' onClick='toggleBox("stack-trace569138567", this, "Click to show all stack frames", "Click to hide stack frames")'>Click to show all stack frames</a>
<div class='stack-trace' id='stack-trace569138567'><pre>java.lang.Throwable: Method OmniCoupon_DistributeChannelOmni_UseChannelWebPos.test029_MPMUserAvailableCoupon()[pri:0, instance:EasyPromo.OmniCoupon_DistributeChannelOmni_UseChannelWebPos@5d5eef3d] depends on not successfully finished methods
	at org.testng.internal.Invoker.invokeTestMethods(Invoker.java:888)
	at org.testng.internal.TestMethodWorker.invokeTestMethods(TestMethodWorker.java:125)
	at org.testng.internal.TestMethodWorker.run(TestMethodWorker.java:109)
	at org.testng.TestRunner.privateRun(TestRunner.java:648)
	at org.testng.TestRunner.run(TestRunner.java:505)
	at org.testng.SuiteRunner.runTest(SuiteRunner.java:455)
	at org.testng.SuiteRunner.runSequentially(SuiteRunner.java:450)
	at org.testng.SuiteRunner.privateRun(SuiteRunner.java:415)
	at org.testng.SuiteRunner.run(SuiteRunner.java:364)
	at org.testng.SuiteRunnerWorker.runSuite(SuiteRunnerWorker.java:52)
	at org.testng.SuiteRunnerWorker.run(SuiteRunnerWorker.java:84)
	at org.testng.TestNG.runSuitesSequentially(TestNG.java:1208)
	at org.testng.TestNG.runSuitesLocally(TestNG.java:1137)
	at org.testng.TestNG.runSuites(TestNG.java:1049)
	at org.testng.TestNG.run(TestNG.java:1017)
	at com.intellij.rt.testng.IDEARemoteTestNG.run(IDEARemoteTestNG.java:66)
	at com.intellij.rt.testng.RemoteTestNGStarter.main(RemoteTestNGStarter.java:109)
</pre></div></td>
<td>0</td>
<td>null</td></tr>
<tr>
<td title='EasyPromo.OmniCoupon_DistributeChannelOmni_UseChannelWebPos.test030_全场券活动关闭()'><b>test030_全场券活动关闭</b><br>Test class: EasyPromo.OmniCoupon_DistributeChannelOmni_UseChannelWebPos</td>
<td><div><pre>java.lang.Throwable: Method OmniCoupon_DistributeChannelOmni_UseChannelWebPos.test030_全场券活动关闭()[pri:0, instance:EasyPromo.OmniCoupon_DistributeChannelOmni_UseChannelWebPos@5d5eef3d] depends on not successfully finished methods
	at org.testng.internal.Invoker.invokeTestMethods(Invoker.java:888)
	at org.testng.internal.TestMethodWorker.invokeTestMethods(TestMethodWorker.java:125)
	at org.testng.internal.TestMethodWorker.run(TestMethodWorker.java:109)
	at org.testng.TestRunner.privateRun(TestRunner.java:648)
	at org.testng.TestRunner.run(TestRunner.java:505)
	at org.testng.SuiteRunner.runTest(SuiteRunner.java:455)
	at org.testng.SuiteRunner.runSequentially(SuiteRunner.java:450)
	at org.testng.SuiteRunner.privateRun(SuiteRunner.java:415)
	at org.testng.SuiteRunner.run(SuiteRunner.java:364)
	at org.testng.SuiteRunnerWorker.runSuite(SuiteRunnerWorker.java:52)
	at org.testng.SuiteRunnerWorker.run(SuiteRunnerWorker.java:84)
	at org.testng.TestNG.runSuitesSequentially(TestNG.java:1208)
	at org.testng.TestNG.runSuitesLocally(TestNG.java:1137)
	at org.testng.TestNG.runSuites(TestNG.java:1049)
	at org.testng.TestNG.run(TestNG.java:1017)
	at com.intellij.rt.testng.IDEARemoteTestNG.run(IDEARemoteTestNG.java:66)
	at com.intellij.rt.testng.RemoteTestNGStarter.main(RemoteTestNGStarter.java:109)
</pre></div><a href='#' onClick='toggleBox("stack-trace1504321715", this, "Click to show all stack frames", "Click to hide stack frames")'>Click to show all stack frames</a>
<div class='stack-trace' id='stack-trace1504321715'><pre>java.lang.Throwable: Method OmniCoupon_DistributeChannelOmni_UseChannelWebPos.test030_全场券活动关闭()[pri:0, instance:EasyPromo.OmniCoupon_DistributeChannelOmni_UseChannelWebPos@5d5eef3d] depends on not successfully finished methods
	at org.testng.internal.Invoker.invokeTestMethods(Invoker.java:888)
	at org.testng.internal.TestMethodWorker.invokeTestMethods(TestMethodWorker.java:125)
	at org.testng.internal.TestMethodWorker.run(TestMethodWorker.java:109)
	at org.testng.TestRunner.privateRun(TestRunner.java:648)
	at org.testng.TestRunner.run(TestRunner.java:505)
	at org.testng.SuiteRunner.runTest(SuiteRunner.java:455)
	at org.testng.SuiteRunner.runSequentially(SuiteRunner.java:450)
	at org.testng.SuiteRunner.privateRun(SuiteRunner.java:415)
	at org.testng.SuiteRunner.run(SuiteRunner.java:364)
	at org.testng.SuiteRunnerWorker.runSuite(SuiteRunnerWorker.java:52)
	at org.testng.SuiteRunnerWorker.run(SuiteRunnerWorker.java:84)
	at org.testng.TestNG.runSuitesSequentially(TestNG.java:1208)
	at org.testng.TestNG.runSuitesLocally(TestNG.java:1137)
	at org.testng.TestNG.runSuites(TestNG.java:1049)
	at org.testng.TestNG.run(TestNG.java:1017)
	at com.intellij.rt.testng.IDEARemoteTestNG.run(IDEARemoteTestNG.java:66)
	at com.intellij.rt.testng.RemoteTestNGStarter.main(RemoteTestNGStarter.java:109)
</pre></div></td>
<td>0</td>
<td>null</td></tr>
<tr>
<td title='EasyPromo.OmniCoupon_DistributeChannelOmni_UseChannelWebPos.test031_loggedUserReceiveCoupon()'><b>test031_loggedUserReceiveCoupon</b><br>Test class: EasyPromo.OmniCoupon_DistributeChannelOmni_UseChannelWebPos</td>
<td><div><pre>java.lang.Throwable: Method OmniCoupon_DistributeChannelOmni_UseChannelWebPos.test031_loggedUserReceiveCoupon()[pri:0, instance:EasyPromo.OmniCoupon_DistributeChannelOmni_UseChannelWebPos@5d5eef3d] depends on not successfully finished methods
	at org.testng.internal.Invoker.invokeTestMethods(Invoker.java:888)
	at org.testng.internal.TestMethodWorker.invokeTestMethods(TestMethodWorker.java:125)
	at org.testng.internal.TestMethodWorker.run(TestMethodWorker.java:109)
	at org.testng.TestRunner.privateRun(TestRunner.java:648)
	at org.testng.TestRunner.run(TestRunner.java:505)
	at org.testng.SuiteRunner.runTest(SuiteRunner.java:455)
	at org.testng.SuiteRunner.runSequentially(SuiteRunner.java:450)
	at org.testng.SuiteRunner.privateRun(SuiteRunner.java:415)
	at org.testng.SuiteRunner.run(SuiteRunner.java:364)
	at org.testng.SuiteRunnerWorker.runSuite(SuiteRunnerWorker.java:52)
	at org.testng.SuiteRunnerWorker.run(SuiteRunnerWorker.java:84)
	at org.testng.TestNG.runSuitesSequentially(TestNG.java:1208)
	at org.testng.TestNG.runSuitesLocally(TestNG.java:1137)
	at org.testng.TestNG.runSuites(TestNG.java:1049)
	at org.testng.TestNG.run(TestNG.java:1017)
	at com.intellij.rt.testng.IDEARemoteTestNG.run(IDEARemoteTestNG.java:66)
	at com.intellij.rt.testng.RemoteTestNGStarter.main(RemoteTestNGStarter.java:109)
</pre></div><a href='#' onClick='toggleBox("stack-trace910123336", this, "Click to show all stack frames", "Click to hide stack frames")'>Click to show all stack frames</a>
<div class='stack-trace' id='stack-trace910123336'><pre>java.lang.Throwable: Method OmniCoupon_DistributeChannelOmni_UseChannelWebPos.test031_loggedUserReceiveCoupon()[pri:0, instance:EasyPromo.OmniCoupon_DistributeChannelOmni_UseChannelWebPos@5d5eef3d] depends on not successfully finished methods
	at org.testng.internal.Invoker.invokeTestMethods(Invoker.java:888)
	at org.testng.internal.TestMethodWorker.invokeTestMethods(TestMethodWorker.java:125)
	at org.testng.internal.TestMethodWorker.run(TestMethodWorker.java:109)
	at org.testng.TestRunner.privateRun(TestRunner.java:648)
	at org.testng.TestRunner.run(TestRunner.java:505)
	at org.testng.SuiteRunner.runTest(SuiteRunner.java:455)
	at org.testng.SuiteRunner.runSequentially(SuiteRunner.java:450)
	at org.testng.SuiteRunner.privateRun(SuiteRunner.java:415)
	at org.testng.SuiteRunner.run(SuiteRunner.java:364)
	at org.testng.SuiteRunnerWorker.runSuite(SuiteRunnerWorker.java:52)
	at org.testng.SuiteRunnerWorker.run(SuiteRunnerWorker.java:84)
	at org.testng.TestNG.runSuitesSequentially(TestNG.java:1208)
	at org.testng.TestNG.runSuitesLocally(TestNG.java:1137)
	at org.testng.TestNG.runSuites(TestNG.java:1049)
	at org.testng.TestNG.run(TestNG.java:1017)
	at com.intellij.rt.testng.IDEARemoteTestNG.run(IDEARemoteTestNG.java:66)
	at com.intellij.rt.testng.RemoteTestNGStarter.main(RemoteTestNGStarter.java:109)
</pre></div></td>
<td>0</td>
<td>null</td></tr>
<tr>
<td title='EasyPromo.OmniCoupon_DistributeChannelOmni_UseChannelWebPos.test032_MPMUserAvailableCoupon()'><b>test032_MPMUserAvailableCoupon</b><br>Test class: EasyPromo.OmniCoupon_DistributeChannelOmni_UseChannelWebPos</td>
<td><div><pre>java.lang.Throwable: Method OmniCoupon_DistributeChannelOmni_UseChannelWebPos.test032_MPMUserAvailableCoupon()[pri:0, instance:EasyPromo.OmniCoupon_DistributeChannelOmni_UseChannelWebPos@5d5eef3d] depends on not successfully finished methods
	at org.testng.internal.Invoker.invokeTestMethods(Invoker.java:888)
	at org.testng.internal.TestMethodWorker.invokeTestMethods(TestMethodWorker.java:125)
	at org.testng.internal.TestMethodWorker.run(TestMethodWorker.java:109)
	at org.testng.TestRunner.privateRun(TestRunner.java:648)
	at org.testng.TestRunner.run(TestRunner.java:505)
	at org.testng.SuiteRunner.runTest(SuiteRunner.java:455)
	at org.testng.SuiteRunner.runSequentially(SuiteRunner.java:450)
	at org.testng.SuiteRunner.privateRun(SuiteRunner.java:415)
	at org.testng.SuiteRunner.run(SuiteRunner.java:364)
	at org.testng.SuiteRunnerWorker.runSuite(SuiteRunnerWorker.java:52)
	at org.testng.SuiteRunnerWorker.run(SuiteRunnerWorker.java:84)
	at org.testng.TestNG.runSuitesSequentially(TestNG.java:1208)
	at org.testng.TestNG.runSuitesLocally(TestNG.java:1137)
	at org.testng.TestNG.runSuites(TestNG.java:1049)
	at org.testng.TestNG.run(TestNG.java:1017)
	at com.intellij.rt.testng.IDEARemoteTestNG.run(IDEARemoteTestNG.java:66)
	at com.intellij.rt.testng.RemoteTestNGStarter.main(RemoteTestNGStarter.java:109)
</pre></div><a href='#' onClick='toggleBox("stack-trace1260487756", this, "Click to show all stack frames", "Click to hide stack frames")'>Click to show all stack frames</a>
<div class='stack-trace' id='stack-trace1260487756'><pre>java.lang.Throwable: Method OmniCoupon_DistributeChannelOmni_UseChannelWebPos.test032_MPMUserAvailableCoupon()[pri:0, instance:EasyPromo.OmniCoupon_DistributeChannelOmni_UseChannelWebPos@5d5eef3d] depends on not successfully finished methods
	at org.testng.internal.Invoker.invokeTestMethods(Invoker.java:888)
	at org.testng.internal.TestMethodWorker.invokeTestMethods(TestMethodWorker.java:125)
	at org.testng.internal.TestMethodWorker.run(TestMethodWorker.java:109)
	at org.testng.TestRunner.privateRun(TestRunner.java:648)
	at org.testng.TestRunner.run(TestRunner.java:505)
	at org.testng.SuiteRunner.runTest(SuiteRunner.java:455)
	at org.testng.SuiteRunner.runSequentially(SuiteRunner.java:450)
	at org.testng.SuiteRunner.privateRun(SuiteRunner.java:415)
	at org.testng.SuiteRunner.run(SuiteRunner.java:364)
	at org.testng.SuiteRunnerWorker.runSuite(SuiteRunnerWorker.java:52)
	at org.testng.SuiteRunnerWorker.run(SuiteRunnerWorker.java:84)
	at org.testng.TestNG.runSuitesSequentially(TestNG.java:1208)
	at org.testng.TestNG.runSuitesLocally(TestNG.java:1137)
	at org.testng.TestNG.runSuites(TestNG.java:1049)
	at org.testng.TestNG.run(TestNG.java:1017)
	at com.intellij.rt.testng.IDEARemoteTestNG.run(IDEARemoteTestNG.java:66)
	at com.intellij.rt.testng.RemoteTestNGStarter.main(RemoteTestNGStarter.java:109)
</pre></div></td>
<td>0</td>
<td>null</td></tr>
<tr>
<td title='EasyPromo.OmniCoupon_DistributeChannelOmni_UseChannelWebPos.test035_DCNQueryUserCoupon()'><b>test035_DCNQueryUserCoupon</b><br>Test class: EasyPromo.OmniCoupon_DistributeChannelOmni_UseChannelWebPos</td>
<td><div><pre>java.lang.Throwable: Method OmniCoupon_DistributeChannelOmni_UseChannelWebPos.test035_DCNQueryUserCoupon()[pri:0, instance:EasyPromo.OmniCoupon_DistributeChannelOmni_UseChannelWebPos@5d5eef3d] depends on not successfully finished methods
	at org.testng.internal.Invoker.invokeTestMethods(Invoker.java:888)
	at org.testng.internal.TestMethodWorker.invokeTestMethods(TestMethodWorker.java:125)
	at org.testng.internal.TestMethodWorker.run(TestMethodWorker.java:109)
	at org.testng.TestRunner.privateRun(TestRunner.java:648)
	at org.testng.TestRunner.run(TestRunner.java:505)
	at org.testng.SuiteRunner.runTest(SuiteRunner.java:455)
	at org.testng.SuiteRunner.runSequentially(SuiteRunner.java:450)
	at org.testng.SuiteRunner.privateRun(SuiteRunner.java:415)
	at org.testng.SuiteRunner.run(SuiteRunner.java:364)
	at org.testng.SuiteRunnerWorker.runSuite(SuiteRunnerWorker.java:52)
	at org.testng.SuiteRunnerWorker.run(SuiteRunnerWorker.java:84)
	at org.testng.TestNG.runSuitesSequentially(TestNG.java:1208)
	at org.testng.TestNG.runSuitesLocally(TestNG.java:1137)
	at org.testng.TestNG.runSuites(TestNG.java:1049)
	at org.testng.TestNG.run(TestNG.java:1017)
	at com.intellij.rt.testng.IDEARemoteTestNG.run(IDEARemoteTestNG.java:66)
	at com.intellij.rt.testng.RemoteTestNGStarter.main(RemoteTestNGStarter.java:109)
</pre></div><a href='#' onClick='toggleBox("stack-trace2016038911", this, "Click to show all stack frames", "Click to hide stack frames")'>Click to show all stack frames</a>
<div class='stack-trace' id='stack-trace2016038911'><pre>java.lang.Throwable: Method OmniCoupon_DistributeChannelOmni_UseChannelWebPos.test035_DCNQueryUserCoupon()[pri:0, instance:EasyPromo.OmniCoupon_DistributeChannelOmni_UseChannelWebPos@5d5eef3d] depends on not successfully finished methods
	at org.testng.internal.Invoker.invokeTestMethods(Invoker.java:888)
	at org.testng.internal.TestMethodWorker.invokeTestMethods(TestMethodWorker.java:125)
	at org.testng.internal.TestMethodWorker.run(TestMethodWorker.java:109)
	at org.testng.TestRunner.privateRun(TestRunner.java:648)
	at org.testng.TestRunner.run(TestRunner.java:505)
	at org.testng.SuiteRunner.runTest(SuiteRunner.java:455)
	at org.testng.SuiteRunner.runSequentially(SuiteRunner.java:450)
	at org.testng.SuiteRunner.privateRun(SuiteRunner.java:415)
	at org.testng.SuiteRunner.run(SuiteRunner.java:364)
	at org.testng.SuiteRunnerWorker.runSuite(SuiteRunnerWorker.java:52)
	at org.testng.SuiteRunnerWorker.run(SuiteRunnerWorker.java:84)
	at org.testng.TestNG.runSuitesSequentially(TestNG.java:1208)
	at org.testng.TestNG.runSuitesLocally(TestNG.java:1137)
	at org.testng.TestNG.runSuites(TestNG.java:1049)
	at org.testng.TestNG.run(TestNG.java:1017)
	at com.intellij.rt.testng.IDEARemoteTestNG.run(IDEARemoteTestNG.java:66)
	at com.intellij.rt.testng.RemoteTestNGStarter.main(RemoteTestNGStarter.java:109)
</pre></div></td>
<td>0</td>
<td>null</td></tr>
<tr>
<td title='EasyPromo.OmniCoupon_DistributeChannelOmni_UseChannelWebPos.test036_DCNUserAvailableCoupon()'><b>test036_DCNUserAvailableCoupon</b><br>Test class: EasyPromo.OmniCoupon_DistributeChannelOmni_UseChannelWebPos</td>
<td><div><pre>java.lang.Throwable: Method OmniCoupon_DistributeChannelOmni_UseChannelWebPos.test036_DCNUserAvailableCoupon()[pri:0, instance:EasyPromo.OmniCoupon_DistributeChannelOmni_UseChannelWebPos@5d5eef3d] depends on not successfully finished methods
	at org.testng.internal.Invoker.invokeTestMethods(Invoker.java:888)
	at org.testng.internal.TestMethodWorker.invokeTestMethods(TestMethodWorker.java:125)
	at org.testng.internal.TestMethodWorker.run(TestMethodWorker.java:109)
	at org.testng.TestRunner.privateRun(TestRunner.java:648)
	at org.testng.TestRunner.run(TestRunner.java:505)
	at org.testng.SuiteRunner.runTest(SuiteRunner.java:455)
	at org.testng.SuiteRunner.runSequentially(SuiteRunner.java:450)
	at org.testng.SuiteRunner.privateRun(SuiteRunner.java:415)
	at org.testng.SuiteRunner.run(SuiteRunner.java:364)
	at org.testng.SuiteRunnerWorker.runSuite(SuiteRunnerWorker.java:52)
	at org.testng.SuiteRunnerWorker.run(SuiteRunnerWorker.java:84)
	at org.testng.TestNG.runSuitesSequentially(TestNG.java:1208)
	at org.testng.TestNG.runSuitesLocally(TestNG.java:1137)
	at org.testng.TestNG.runSuites(TestNG.java:1049)
	at org.testng.TestNG.run(TestNG.java:1017)
	at com.intellij.rt.testng.IDEARemoteTestNG.run(IDEARemoteTestNG.java:66)
	at com.intellij.rt.testng.RemoteTestNGStarter.main(RemoteTestNGStarter.java:109)
</pre></div><a href='#' onClick='toggleBox("stack-trace1187410086", this, "Click to show all stack frames", "Click to hide stack frames")'>Click to show all stack frames</a>
<div class='stack-trace' id='stack-trace1187410086'><pre>java.lang.Throwable: Method OmniCoupon_DistributeChannelOmni_UseChannelWebPos.test036_DCNUserAvailableCoupon()[pri:0, instance:EasyPromo.OmniCoupon_DistributeChannelOmni_UseChannelWebPos@5d5eef3d] depends on not successfully finished methods
	at org.testng.internal.Invoker.invokeTestMethods(Invoker.java:888)
	at org.testng.internal.TestMethodWorker.invokeTestMethods(TestMethodWorker.java:125)
	at org.testng.internal.TestMethodWorker.run(TestMethodWorker.java:109)
	at org.testng.TestRunner.privateRun(TestRunner.java:648)
	at org.testng.TestRunner.run(TestRunner.java:505)
	at org.testng.SuiteRunner.runTest(SuiteRunner.java:455)
	at org.testng.SuiteRunner.runSequentially(SuiteRunner.java:450)
	at org.testng.SuiteRunner.privateRun(SuiteRunner.java:415)
	at org.testng.SuiteRunner.run(SuiteRunner.java:364)
	at org.testng.SuiteRunnerWorker.runSuite(SuiteRunnerWorker.java:52)
	at org.testng.SuiteRunnerWorker.run(SuiteRunnerWorker.java:84)
	at org.testng.TestNG.runSuitesSequentially(TestNG.java:1208)
	at org.testng.TestNG.runSuitesLocally(TestNG.java:1137)
	at org.testng.TestNG.runSuites(TestNG.java:1049)
	at org.testng.TestNG.run(TestNG.java:1017)
	at com.intellij.rt.testng.IDEARemoteTestNG.run(IDEARemoteTestNG.java:66)
	at com.intellij.rt.testng.RemoteTestNGStarter.main(RemoteTestNGStarter.java:109)
</pre></div></td>
<td>0</td>
<td>null</td></tr>
<tr>
<td title='EasyPromo.OmniCoupon_DistributeChannelOmni_UseChannelWebPos.test037_DCNQueryUserCoupon()'><b>test037_DCNQueryUserCoupon</b><br>Test class: EasyPromo.OmniCoupon_DistributeChannelOmni_UseChannelWebPos</td>
<td><div><pre>java.lang.Throwable: Method OmniCoupon_DistributeChannelOmni_UseChannelWebPos.test037_DCNQueryUserCoupon()[pri:0, instance:EasyPromo.OmniCoupon_DistributeChannelOmni_UseChannelWebPos@5d5eef3d] depends on not successfully finished methods
	at org.testng.internal.Invoker.invokeTestMethods(Invoker.java:888)
	at org.testng.internal.TestMethodWorker.invokeTestMethods(TestMethodWorker.java:125)
	at org.testng.internal.TestMethodWorker.run(TestMethodWorker.java:109)
	at org.testng.TestRunner.privateRun(TestRunner.java:648)
	at org.testng.TestRunner.run(TestRunner.java:505)
	at org.testng.SuiteRunner.runTest(SuiteRunner.java:455)
	at org.testng.SuiteRunner.runSequentially(SuiteRunner.java:450)
	at org.testng.SuiteRunner.privateRun(SuiteRunner.java:415)
	at org.testng.SuiteRunner.run(SuiteRunner.java:364)
	at org.testng.SuiteRunnerWorker.runSuite(SuiteRunnerWorker.java:52)
	at org.testng.SuiteRunnerWorker.run(SuiteRunnerWorker.java:84)
	at org.testng.TestNG.runSuitesSequentially(TestNG.java:1208)
	at org.testng.TestNG.runSuitesLocally(TestNG.java:1137)
	at org.testng.TestNG.runSuites(TestNG.java:1049)
	at org.testng.TestNG.run(TestNG.java:1017)
	at com.intellij.rt.testng.IDEARemoteTestNG.run(IDEARemoteTestNG.java:66)
	at com.intellij.rt.testng.RemoteTestNGStarter.main(RemoteTestNGStarter.java:109)
</pre></div><a href='#' onClick='toggleBox("stack-trace1617156106", this, "Click to show all stack frames", "Click to hide stack frames")'>Click to show all stack frames</a>
<div class='stack-trace' id='stack-trace1617156106'><pre>java.lang.Throwable: Method OmniCoupon_DistributeChannelOmni_UseChannelWebPos.test037_DCNQueryUserCoupon()[pri:0, instance:EasyPromo.OmniCoupon_DistributeChannelOmni_UseChannelWebPos@5d5eef3d] depends on not successfully finished methods
	at org.testng.internal.Invoker.invokeTestMethods(Invoker.java:888)
	at org.testng.internal.TestMethodWorker.invokeTestMethods(TestMethodWorker.java:125)
	at org.testng.internal.TestMethodWorker.run(TestMethodWorker.java:109)
	at org.testng.TestRunner.privateRun(TestRunner.java:648)
	at org.testng.TestRunner.run(TestRunner.java:505)
	at org.testng.SuiteRunner.runTest(SuiteRunner.java:455)
	at org.testng.SuiteRunner.runSequentially(SuiteRunner.java:450)
	at org.testng.SuiteRunner.privateRun(SuiteRunner.java:415)
	at org.testng.SuiteRunner.run(SuiteRunner.java:364)
	at org.testng.SuiteRunnerWorker.runSuite(SuiteRunnerWorker.java:52)
	at org.testng.SuiteRunnerWorker.run(SuiteRunnerWorker.java:84)
	at org.testng.TestNG.runSuitesSequentially(TestNG.java:1208)
	at org.testng.TestNG.runSuitesLocally(TestNG.java:1137)
	at org.testng.TestNG.runSuites(TestNG.java:1049)
	at org.testng.TestNG.run(TestNG.java:1017)
	at com.intellij.rt.testng.IDEARemoteTestNG.run(IDEARemoteTestNG.java:66)
	at com.intellij.rt.testng.RemoteTestNGStarter.main(RemoteTestNGStarter.java:109)
</pre></div></td>
<td>0</td>
<td>null</td></tr>
<tr>
<td title='EasyPromo.OmniCoupon_DistributeChannelOmni_UseChannelWebPos.test038_DCNUserAvailableCoupon()'><b>test038_DCNUserAvailableCoupon</b><br>Test class: EasyPromo.OmniCoupon_DistributeChannelOmni_UseChannelWebPos</td>
<td><div><pre>java.lang.Throwable: Method OmniCoupon_DistributeChannelOmni_UseChannelWebPos.test038_DCNUserAvailableCoupon()[pri:0, instance:EasyPromo.OmniCoupon_DistributeChannelOmni_UseChannelWebPos@5d5eef3d] depends on not successfully finished methods
	at org.testng.internal.Invoker.invokeTestMethods(Invoker.java:888)
	at org.testng.internal.TestMethodWorker.invokeTestMethods(TestMethodWorker.java:125)
	at org.testng.internal.TestMethodWorker.run(TestMethodWorker.java:109)
	at org.testng.TestRunner.privateRun(TestRunner.java:648)
	at org.testng.TestRunner.run(TestRunner.java:505)
	at org.testng.SuiteRunner.runTest(SuiteRunner.java:455)
	at org.testng.SuiteRunner.runSequentially(SuiteRunner.java:450)
	at org.testng.SuiteRunner.privateRun(SuiteRunner.java:415)
	at org.testng.SuiteRunner.run(SuiteRunner.java:364)
	at org.testng.SuiteRunnerWorker.runSuite(SuiteRunnerWorker.java:52)
	at org.testng.SuiteRunnerWorker.run(SuiteRunnerWorker.java:84)
	at org.testng.TestNG.runSuitesSequentially(TestNG.java:1208)
	at org.testng.TestNG.runSuitesLocally(TestNG.java:1137)
	at org.testng.TestNG.runSuites(TestNG.java:1049)
	at org.testng.TestNG.run(TestNG.java:1017)
	at com.intellij.rt.testng.IDEARemoteTestNG.run(IDEARemoteTestNG.java:66)
	at com.intellij.rt.testng.RemoteTestNGStarter.main(RemoteTestNGStarter.java:109)
</pre></div><a href='#' onClick='toggleBox("stack-trace288615534", this, "Click to show all stack frames", "Click to hide stack frames")'>Click to show all stack frames</a>
<div class='stack-trace' id='stack-trace288615534'><pre>java.lang.Throwable: Method OmniCoupon_DistributeChannelOmni_UseChannelWebPos.test038_DCNUserAvailableCoupon()[pri:0, instance:EasyPromo.OmniCoupon_DistributeChannelOmni_UseChannelWebPos@5d5eef3d] depends on not successfully finished methods
	at org.testng.internal.Invoker.invokeTestMethods(Invoker.java:888)
	at org.testng.internal.TestMethodWorker.invokeTestMethods(TestMethodWorker.java:125)
	at org.testng.internal.TestMethodWorker.run(TestMethodWorker.java:109)
	at org.testng.TestRunner.privateRun(TestRunner.java:648)
	at org.testng.TestRunner.run(TestRunner.java:505)
	at org.testng.SuiteRunner.runTest(SuiteRunner.java:455)
	at org.testng.SuiteRunner.runSequentially(SuiteRunner.java:450)
	at org.testng.SuiteRunner.privateRun(SuiteRunner.java:415)
	at org.testng.SuiteRunner.run(SuiteRunner.java:364)
	at org.testng.SuiteRunnerWorker.runSuite(SuiteRunnerWorker.java:52)
	at org.testng.SuiteRunnerWorker.run(SuiteRunnerWorker.java:84)
	at org.testng.TestNG.runSuitesSequentially(TestNG.java:1208)
	at org.testng.TestNG.runSuitesLocally(TestNG.java:1137)
	at org.testng.TestNG.runSuites(TestNG.java:1049)
	at org.testng.TestNG.run(TestNG.java:1017)
	at com.intellij.rt.testng.IDEARemoteTestNG.run(IDEARemoteTestNG.java:66)
	at com.intellij.rt.testng.RemoteTestNGStarter.main(RemoteTestNGStarter.java:109)
</pre></div></td>
<td>0</td>
<td>null</td></tr>
<tr>
<td title='EasyPromo.OmniCoupon_DistributeChannelOmni_UseChannelWebPos.test039_DCNQueryUserCoupon()'><b>test039_DCNQueryUserCoupon</b><br>Test class: EasyPromo.OmniCoupon_DistributeChannelOmni_UseChannelWebPos</td>
<td><div><pre>java.lang.Throwable: Method OmniCoupon_DistributeChannelOmni_UseChannelWebPos.test039_DCNQueryUserCoupon()[pri:0, instance:EasyPromo.OmniCoupon_DistributeChannelOmni_UseChannelWebPos@5d5eef3d] depends on not successfully finished methods
	at org.testng.internal.Invoker.invokeTestMethods(Invoker.java:888)
	at org.testng.internal.TestMethodWorker.invokeTestMethods(TestMethodWorker.java:125)
	at org.testng.internal.TestMethodWorker.run(TestMethodWorker.java:109)
	at org.testng.TestRunner.privateRun(TestRunner.java:648)
	at org.testng.TestRunner.run(TestRunner.java:505)
	at org.testng.SuiteRunner.runTest(SuiteRunner.java:455)
	at org.testng.SuiteRunner.runSequentially(SuiteRunner.java:450)
	at org.testng.SuiteRunner.privateRun(SuiteRunner.java:415)
	at org.testng.SuiteRunner.run(SuiteRunner.java:364)
	at org.testng.SuiteRunnerWorker.runSuite(SuiteRunnerWorker.java:52)
	at org.testng.SuiteRunnerWorker.run(SuiteRunnerWorker.java:84)
	at org.testng.TestNG.runSuitesSequentially(TestNG.java:1208)
	at org.testng.TestNG.runSuitesLocally(TestNG.java:1137)
	at org.testng.TestNG.runSuites(TestNG.java:1049)
	at org.testng.TestNG.run(TestNG.java:1017)
	at com.intellij.rt.testng.IDEARemoteTestNG.run(IDEARemoteTestNG.java:66)
	at com.intellij.rt.testng.RemoteTestNGStarter.main(RemoteTestNGStarter.java:109)
</pre></div><a href='#' onClick='toggleBox("stack-trace808447015", this, "Click to show all stack frames", "Click to hide stack frames")'>Click to show all stack frames</a>
<div class='stack-trace' id='stack-trace808447015'><pre>java.lang.Throwable: Method OmniCoupon_DistributeChannelOmni_UseChannelWebPos.test039_DCNQueryUserCoupon()[pri:0, instance:EasyPromo.OmniCoupon_DistributeChannelOmni_UseChannelWebPos@5d5eef3d] depends on not successfully finished methods
	at org.testng.internal.Invoker.invokeTestMethods(Invoker.java:888)
	at org.testng.internal.TestMethodWorker.invokeTestMethods(TestMethodWorker.java:125)
	at org.testng.internal.TestMethodWorker.run(TestMethodWorker.java:109)
	at org.testng.TestRunner.privateRun(TestRunner.java:648)
	at org.testng.TestRunner.run(TestRunner.java:505)
	at org.testng.SuiteRunner.runTest(SuiteRunner.java:455)
	at org.testng.SuiteRunner.runSequentially(SuiteRunner.java:450)
	at org.testng.SuiteRunner.privateRun(SuiteRunner.java:415)
	at org.testng.SuiteRunner.run(SuiteRunner.java:364)
	at org.testng.SuiteRunnerWorker.runSuite(SuiteRunnerWorker.java:52)
	at org.testng.SuiteRunnerWorker.run(SuiteRunnerWorker.java:84)
	at org.testng.TestNG.runSuitesSequentially(TestNG.java:1208)
	at org.testng.TestNG.runSuitesLocally(TestNG.java:1137)
	at org.testng.TestNG.runSuites(TestNG.java:1049)
	at org.testng.TestNG.run(TestNG.java:1017)
	at com.intellij.rt.testng.IDEARemoteTestNG.run(IDEARemoteTestNG.java:66)
	at com.intellij.rt.testng.RemoteTestNGStarter.main(RemoteTestNGStarter.java:109)
</pre></div></td>
<td>0</td>
<td>null</td></tr>
<tr>
<td title='EasyPromo.OmniCoupon_DistributeChannelOmni_UseChannelWebPos.test040_DCNUserAvailableCoupon()'><b>test040_DCNUserAvailableCoupon</b><br>Test class: EasyPromo.OmniCoupon_DistributeChannelOmni_UseChannelWebPos</td>
<td><div><pre>java.lang.Throwable: Method OmniCoupon_DistributeChannelOmni_UseChannelWebPos.test040_DCNUserAvailableCoupon()[pri:0, instance:EasyPromo.OmniCoupon_DistributeChannelOmni_UseChannelWebPos@5d5eef3d] depends on not successfully finished methods
	at org.testng.internal.Invoker.invokeTestMethods(Invoker.java:888)
	at org.testng.internal.TestMethodWorker.invokeTestMethods(TestMethodWorker.java:125)
	at org.testng.internal.TestMethodWorker.run(TestMethodWorker.java:109)
	at org.testng.TestRunner.privateRun(TestRunner.java:648)
	at org.testng.TestRunner.run(TestRunner.java:505)
	at org.testng.SuiteRunner.runTest(SuiteRunner.java:455)
	at org.testng.SuiteRunner.runSequentially(SuiteRunner.java:450)
	at org.testng.SuiteRunner.privateRun(SuiteRunner.java:415)
	at org.testng.SuiteRunner.run(SuiteRunner.java:364)
	at org.testng.SuiteRunnerWorker.runSuite(SuiteRunnerWorker.java:52)
	at org.testng.SuiteRunnerWorker.run(SuiteRunnerWorker.java:84)
	at org.testng.TestNG.runSuitesSequentially(TestNG.java:1208)
	at org.testng.TestNG.runSuitesLocally(TestNG.java:1137)
	at org.testng.TestNG.runSuites(TestNG.java:1049)
	at org.testng.TestNG.run(TestNG.java:1017)
	at com.intellij.rt.testng.IDEARemoteTestNG.run(IDEARemoteTestNG.java:66)
	at com.intellij.rt.testng.RemoteTestNGStarter.main(RemoteTestNGStarter.java:109)
</pre></div><a href='#' onClick='toggleBox("stack-trace1997344422", this, "Click to show all stack frames", "Click to hide stack frames")'>Click to show all stack frames</a>
<div class='stack-trace' id='stack-trace1997344422'><pre>java.lang.Throwable: Method OmniCoupon_DistributeChannelOmni_UseChannelWebPos.test040_DCNUserAvailableCoupon()[pri:0, instance:EasyPromo.OmniCoupon_DistributeChannelOmni_UseChannelWebPos@5d5eef3d] depends on not successfully finished methods
	at org.testng.internal.Invoker.invokeTestMethods(Invoker.java:888)
	at org.testng.internal.TestMethodWorker.invokeTestMethods(TestMethodWorker.java:125)
	at org.testng.internal.TestMethodWorker.run(TestMethodWorker.java:109)
	at org.testng.TestRunner.privateRun(TestRunner.java:648)
	at org.testng.TestRunner.run(TestRunner.java:505)
	at org.testng.SuiteRunner.runTest(SuiteRunner.java:455)
	at org.testng.SuiteRunner.runSequentially(SuiteRunner.java:450)
	at org.testng.SuiteRunner.privateRun(SuiteRunner.java:415)
	at org.testng.SuiteRunner.run(SuiteRunner.java:364)
	at org.testng.SuiteRunnerWorker.runSuite(SuiteRunnerWorker.java:52)
	at org.testng.SuiteRunnerWorker.run(SuiteRunnerWorker.java:84)
	at org.testng.TestNG.runSuitesSequentially(TestNG.java:1208)
	at org.testng.TestNG.runSuitesLocally(TestNG.java:1137)
	at org.testng.TestNG.runSuites(TestNG.java:1049)
	at org.testng.TestNG.run(TestNG.java:1017)
	at com.intellij.rt.testng.IDEARemoteTestNG.run(IDEARemoteTestNG.java:66)
	at com.intellij.rt.testng.RemoteTestNGStarter.main(RemoteTestNGStarter.java:109)
</pre></div></td>
<td>0</td>
<td>null</td></tr>
<tr>
<td title='EasyPromo.OmniCoupon_DistributeChannelOmni_UseChannelWebPos.test041_DCNQueryUserCoupon()'><b>test041_DCNQueryUserCoupon</b><br>Test class: EasyPromo.OmniCoupon_DistributeChannelOmni_UseChannelWebPos</td>
<td><div><pre>java.lang.Throwable: Method OmniCoupon_DistributeChannelOmni_UseChannelWebPos.test041_DCNQueryUserCoupon()[pri:0, instance:EasyPromo.OmniCoupon_DistributeChannelOmni_UseChannelWebPos@5d5eef3d] depends on not successfully finished methods
	at org.testng.internal.Invoker.invokeTestMethods(Invoker.java:888)
	at org.testng.internal.TestMethodWorker.invokeTestMethods(TestMethodWorker.java:125)
	at org.testng.internal.TestMethodWorker.run(TestMethodWorker.java:109)
	at org.testng.TestRunner.privateRun(TestRunner.java:648)
	at org.testng.TestRunner.run(TestRunner.java:505)
	at org.testng.SuiteRunner.runTest(SuiteRunner.java:455)
	at org.testng.SuiteRunner.runSequentially(SuiteRunner.java:450)
	at org.testng.SuiteRunner.privateRun(SuiteRunner.java:415)
	at org.testng.SuiteRunner.run(SuiteRunner.java:364)
	at org.testng.SuiteRunnerWorker.runSuite(SuiteRunnerWorker.java:52)
	at org.testng.SuiteRunnerWorker.run(SuiteRunnerWorker.java:84)
	at org.testng.TestNG.runSuitesSequentially(TestNG.java:1208)
	at org.testng.TestNG.runSuitesLocally(TestNG.java:1137)
	at org.testng.TestNG.runSuites(TestNG.java:1049)
	at org.testng.TestNG.run(TestNG.java:1017)
	at com.intellij.rt.testng.IDEARemoteTestNG.run(IDEARemoteTestNG.java:66)
	at com.intellij.rt.testng.RemoteTestNGStarter.main(RemoteTestNGStarter.java:109)
</pre></div><a href='#' onClick='toggleBox("stack-trace637091966", this, "Click to show all stack frames", "Click to hide stack frames")'>Click to show all stack frames</a>
<div class='stack-trace' id='stack-trace637091966'><pre>java.lang.Throwable: Method OmniCoupon_DistributeChannelOmni_UseChannelWebPos.test041_DCNQueryUserCoupon()[pri:0, instance:EasyPromo.OmniCoupon_DistributeChannelOmni_UseChannelWebPos@5d5eef3d] depends on not successfully finished methods
	at org.testng.internal.Invoker.invokeTestMethods(Invoker.java:888)
	at org.testng.internal.TestMethodWorker.invokeTestMethods(TestMethodWorker.java:125)
	at org.testng.internal.TestMethodWorker.run(TestMethodWorker.java:109)
	at org.testng.TestRunner.privateRun(TestRunner.java:648)
	at org.testng.TestRunner.run(TestRunner.java:505)
	at org.testng.SuiteRunner.runTest(SuiteRunner.java:455)
	at org.testng.SuiteRunner.runSequentially(SuiteRunner.java:450)
	at org.testng.SuiteRunner.privateRun(SuiteRunner.java:415)
	at org.testng.SuiteRunner.run(SuiteRunner.java:364)
	at org.testng.SuiteRunnerWorker.runSuite(SuiteRunnerWorker.java:52)
	at org.testng.SuiteRunnerWorker.run(SuiteRunnerWorker.java:84)
	at org.testng.TestNG.runSuitesSequentially(TestNG.java:1208)
	at org.testng.TestNG.runSuitesLocally(TestNG.java:1137)
	at org.testng.TestNG.runSuites(TestNG.java:1049)
	at org.testng.TestNG.run(TestNG.java:1017)
	at com.intellij.rt.testng.IDEARemoteTestNG.run(IDEARemoteTestNG.java:66)
	at com.intellij.rt.testng.RemoteTestNGStarter.main(RemoteTestNGStarter.java:109)
</pre></div></td>
<td>0</td>
<td>null</td></tr>
<tr>
<td title='EasyPromo.OmniCoupon_DistributeChannelOmni_UseChannelWebPos.test042_DCNUserAvailableCoupon()'><b>test042_DCNUserAvailableCoupon</b><br>Test class: EasyPromo.OmniCoupon_DistributeChannelOmni_UseChannelWebPos</td>
<td><div><pre>java.lang.Throwable: Method OmniCoupon_DistributeChannelOmni_UseChannelWebPos.test042_DCNUserAvailableCoupon()[pri:0, instance:EasyPromo.OmniCoupon_DistributeChannelOmni_UseChannelWebPos@5d5eef3d] depends on not successfully finished methods
	at org.testng.internal.Invoker.invokeTestMethods(Invoker.java:888)
	at org.testng.internal.TestMethodWorker.invokeTestMethods(TestMethodWorker.java:125)
	at org.testng.internal.TestMethodWorker.run(TestMethodWorker.java:109)
	at org.testng.TestRunner.privateRun(TestRunner.java:648)
	at org.testng.TestRunner.run(TestRunner.java:505)
	at org.testng.SuiteRunner.runTest(SuiteRunner.java:455)
	at org.testng.SuiteRunner.runSequentially(SuiteRunner.java:450)
	at org.testng.SuiteRunner.privateRun(SuiteRunner.java:415)
	at org.testng.SuiteRunner.run(SuiteRunner.java:364)
	at org.testng.SuiteRunnerWorker.runSuite(SuiteRunnerWorker.java:52)
	at org.testng.SuiteRunnerWorker.run(SuiteRunnerWorker.java:84)
	at org.testng.TestNG.runSuitesSequentially(TestNG.java:1208)
	at org.testng.TestNG.runSuitesLocally(TestNG.java:1137)
	at org.testng.TestNG.runSuites(TestNG.java:1049)
	at org.testng.TestNG.run(TestNG.java:1017)
	at com.intellij.rt.testng.IDEARemoteTestNG.run(IDEARemoteTestNG.java:66)
	at com.intellij.rt.testng.RemoteTestNGStarter.main(RemoteTestNGStarter.java:109)
</pre></div><a href='#' onClick='toggleBox("stack-trace1428494531", this, "Click to show all stack frames", "Click to hide stack frames")'>Click to show all stack frames</a>
<div class='stack-trace' id='stack-trace1428494531'><pre>java.lang.Throwable: Method OmniCoupon_DistributeChannelOmni_UseChannelWebPos.test042_DCNUserAvailableCoupon()[pri:0, instance:EasyPromo.OmniCoupon_DistributeChannelOmni_UseChannelWebPos@5d5eef3d] depends on not successfully finished methods
	at org.testng.internal.Invoker.invokeTestMethods(Invoker.java:888)
	at org.testng.internal.TestMethodWorker.invokeTestMethods(TestMethodWorker.java:125)
	at org.testng.internal.TestMethodWorker.run(TestMethodWorker.java:109)
	at org.testng.TestRunner.privateRun(TestRunner.java:648)
	at org.testng.TestRunner.run(TestRunner.java:505)
	at org.testng.SuiteRunner.runTest(SuiteRunner.java:455)
	at org.testng.SuiteRunner.runSequentially(SuiteRunner.java:450)
	at org.testng.SuiteRunner.privateRun(SuiteRunner.java:415)
	at org.testng.SuiteRunner.run(SuiteRunner.java:364)
	at org.testng.SuiteRunnerWorker.runSuite(SuiteRunnerWorker.java:52)
	at org.testng.SuiteRunnerWorker.run(SuiteRunnerWorker.java:84)
	at org.testng.TestNG.runSuitesSequentially(TestNG.java:1208)
	at org.testng.TestNG.runSuitesLocally(TestNG.java:1137)
	at org.testng.TestNG.runSuites(TestNG.java:1049)
	at org.testng.TestNG.run(TestNG.java:1017)
	at com.intellij.rt.testng.IDEARemoteTestNG.run(IDEARemoteTestNG.java:66)
	at com.intellij.rt.testng.RemoteTestNGStarter.main(RemoteTestNGStarter.java:109)
</pre></div></td>
<td>0</td>
<td>null</td></tr>
<tr>
<td title='EasyPromo.OmniCoupon_DistributeChannelOmni_UseChannelWebPos.test043_DCNUserAvailableCoupon()'><b>test043_DCNUserAvailableCoupon</b><br>Test class: EasyPromo.OmniCoupon_DistributeChannelOmni_UseChannelWebPos</td>
<td><div><pre>java.lang.Throwable: Method OmniCoupon_DistributeChannelOmni_UseChannelWebPos.test043_DCNUserAvailableCoupon()[pri:0, instance:EasyPromo.OmniCoupon_DistributeChannelOmni_UseChannelWebPos@5d5eef3d] depends on not successfully finished methods
	at org.testng.internal.Invoker.invokeTestMethods(Invoker.java:888)
	at org.testng.internal.TestMethodWorker.invokeTestMethods(TestMethodWorker.java:125)
	at org.testng.internal.TestMethodWorker.run(TestMethodWorker.java:109)
	at org.testng.TestRunner.privateRun(TestRunner.java:648)
	at org.testng.TestRunner.run(TestRunner.java:505)
	at org.testng.SuiteRunner.runTest(SuiteRunner.java:455)
	at org.testng.SuiteRunner.runSequentially(SuiteRunner.java:450)
	at org.testng.SuiteRunner.privateRun(SuiteRunner.java:415)
	at org.testng.SuiteRunner.run(SuiteRunner.java:364)
	at org.testng.SuiteRunnerWorker.runSuite(SuiteRunnerWorker.java:52)
	at org.testng.SuiteRunnerWorker.run(SuiteRunnerWorker.java:84)
	at org.testng.TestNG.runSuitesSequentially(TestNG.java:1208)
	at org.testng.TestNG.runSuitesLocally(TestNG.java:1137)
	at org.testng.TestNG.runSuites(TestNG.java:1049)
	at org.testng.TestNG.run(TestNG.java:1017)
	at com.intellij.rt.testng.IDEARemoteTestNG.run(IDEARemoteTestNG.java:66)
	at com.intellij.rt.testng.RemoteTestNGStarter.main(RemoteTestNGStarter.java:109)
</pre></div><a href='#' onClick='toggleBox("stack-trace455668354", this, "Click to show all stack frames", "Click to hide stack frames")'>Click to show all stack frames</a>
<div class='stack-trace' id='stack-trace455668354'><pre>java.lang.Throwable: Method OmniCoupon_DistributeChannelOmni_UseChannelWebPos.test043_DCNUserAvailableCoupon()[pri:0, instance:EasyPromo.OmniCoupon_DistributeChannelOmni_UseChannelWebPos@5d5eef3d] depends on not successfully finished methods
	at org.testng.internal.Invoker.invokeTestMethods(Invoker.java:888)
	at org.testng.internal.TestMethodWorker.invokeTestMethods(TestMethodWorker.java:125)
	at org.testng.internal.TestMethodWorker.run(TestMethodWorker.java:109)
	at org.testng.TestRunner.privateRun(TestRunner.java:648)
	at org.testng.TestRunner.run(TestRunner.java:505)
	at org.testng.SuiteRunner.runTest(SuiteRunner.java:455)
	at org.testng.SuiteRunner.runSequentially(SuiteRunner.java:450)
	at org.testng.SuiteRunner.privateRun(SuiteRunner.java:415)
	at org.testng.SuiteRunner.run(SuiteRunner.java:364)
	at org.testng.SuiteRunnerWorker.runSuite(SuiteRunnerWorker.java:52)
	at org.testng.SuiteRunnerWorker.run(SuiteRunnerWorker.java:84)
	at org.testng.TestNG.runSuitesSequentially(TestNG.java:1208)
	at org.testng.TestNG.runSuitesLocally(TestNG.java:1137)
	at org.testng.TestNG.runSuites(TestNG.java:1049)
	at org.testng.TestNG.run(TestNG.java:1017)
	at com.intellij.rt.testng.IDEARemoteTestNG.run(IDEARemoteTestNG.java:66)
	at com.intellij.rt.testng.RemoteTestNGStarter.main(RemoteTestNGStarter.java:109)
</pre></div></td>
<td>0</td>
<td>null</td></tr>
</table><p>
</body>
</html>