<?xml version="1.0" encoding="UTF-8"?>
<!-- Generated by org.testng.reporters.JUnitXMLReporter -->
<testsuite hostname="CNL-4JVB6J3" ignored="8" name="Easy Promotion" tests="1" failures="1" timestamp="06 九月 2023 06:32:54 GMT" time="115.356" errors="0">
  <testcase name="userAvailableCoupon" time="115.341" classname="EasyPromo.E2E_BeforeSale_Order">
    <failure type="java.lang.AssertionError" message="未生效活动在我的优惠券展示活动数据，期望结果不展示 expected [true] but found [false]">
      <![CDATA[java.lang.AssertionError: 未生效活动在我的优惠券展示活动数据，期望结果不展示 expected [true] but found [false]
at org.testng.Assert.fail(Assert.java:96)
at org.testng.Assert.failNotEquals(Assert.java:776)
at org.testng.Assert.assertEqualsImpl(Assert.java:137)
at org.testng.Assert.assertEquals(Assert.java:118)
at org.testng.Assert.assertEquals(Assert.java:568)
at EasyPromo.E2E_BeforeSale_Order.userAvailableCoupon(E2E_BeforeSale_Order.java:150)
at sun.reflect.NativeMethodAccessorImpl.invoke0(Native Method)
at sun.reflect.NativeMethodAccessorImpl.invoke(NativeMethodAccessorImpl.java:62)
at sun.reflect.DelegatingMethodAccessorImpl.invoke(DelegatingMethodAccessorImpl.java:43)
at java.lang.reflect.Method.invoke(Method.java:483)
at org.testng.internal.MethodInvocationHelper.invokeMethod(MethodInvocationHelper.java:124)
at org.testng.internal.Invoker.invokeMethod(Invoker.java:583)
at org.testng.internal.Invoker.invokeTestMethod(Invoker.java:719)
at org.testng.internal.Invoker.invokeTestMethods(Invoker.java:989)
at org.testng.internal.TestMethodWorker.invokeTestMethods(TestMethodWorker.java:125)
at org.testng.internal.TestMethodWorker.run(TestMethodWorker.java:109)
at org.testng.TestRunner.privateRun(TestRunner.java:648)
at org.testng.TestRunner.run(TestRunner.java:505)
at org.testng.SuiteRunner.runTest(SuiteRunner.java:455)
at org.testng.SuiteRunner.runSequentially(SuiteRunner.java:450)
at org.testng.SuiteRunner.privateRun(SuiteRunner.java:415)
at org.testng.SuiteRunner.run(SuiteRunner.java:364)
at org.testng.SuiteRunnerWorker.runSuite(SuiteRunnerWorker.java:52)
at org.testng.SuiteRunnerWorker.run(SuiteRunnerWorker.java:84)
at org.testng.TestNG.runSuitesSequentially(TestNG.java:1208)
at org.testng.TestNG.runSuitesLocally(TestNG.java:1137)
at org.testng.TestNG.runSuites(TestNG.java:1049)
at org.testng.TestNG.run(TestNG.java:1017)
at com.intellij.rt.testng.IDEARemoteTestNG.run(IDEARemoteTestNG.java:66)
at com.intellij.rt.testng.RemoteTestNGStarter.main(RemoteTestNGStarter.java:109)
]]>
    </failure>
  </testcase> <!-- userAvailableCoupon -->
  <testcase name="cartEstimatePrices" time="0.0" classname="EasyPromo.E2E_BeforeSale_Order">
    <ignored/>
  </testcase> <!-- cartEstimatePrices -->
  <testcase name="queryUserCoupon" time="0.0" classname="EasyPromo.E2E_BeforeSale_Order">
    <ignored/>
  </testcase> <!-- queryUserCoupon -->
  <testcase name="orderPreview_Repricing" time="0.0" classname="EasyPromo.E2E_BeforeSale_Order">
    <ignored/>
  </testcase> <!-- orderPreview_Repricing -->
  <testcase name="productEstimatePrices" time="0.0" classname="EasyPromo.E2E_BeforeSale_Order">
    <ignored/>
  </testcase> <!-- productEstimatePrices -->
  <testcase name="submitOrder_ApplyPromotionPlans" time="0.0" classname="EasyPromo.E2E_BeforeSale_Order">
    <ignored/>
  </testcase> <!-- submitOrder_ApplyPromotionPlans -->
  <testcase name="submitOrder_PromotionDetails" time="0.0" classname="EasyPromo.E2E_BeforeSale_Order">
    <ignored/>
  </testcase> <!-- submitOrder_PromotionDetails -->
  <testcase name="orderPreview_Plan" time="0.0" classname="EasyPromo.E2E_BeforeSale_Order">
    <ignored/>
  </testcase> <!-- orderPreview_Plan -->
  <testcase name="orderPayment_appendPromotion" time="0.0" classname="EasyPromo.E2E_BeforeSale_Order">
    <ignored/>
  </testcase> <!-- orderPayment_appendPromotion -->
</testsuite> <!-- Easy Promotion -->
