<?xml version="1.0" encoding="UTF-8"?>
<!-- Generated by org.testng.reporters.JUnitXMLReporter -->
<testsuite hostname="CNL-4JVB6J3" ignored="0" name="T1" tests="25" failures="1" timestamp="09 八月 2023 07:50:33 GMT" time="31.958" errors="0">
  <testcase name="test001_启动后台" time="10.928" classname="BackOffice.BlackModelListActivity_TestSet001"/>
  <testcase name="test002_创建活动页面" time="7.536" classname="BackOffice.BlackModelListActivity_TestSet001"/>
  <testcase name="test003_创建黑名单全场券" time="10.851" classname="BackOffice.BlackModelListActivity_TestSet001"/>
  <testcase name="test004_黑名单全场券页面获取" time="2.554" classname="BackOffice.BlackModelListActivity_TestSet001"/>
  <testcase name="test005_校验黑名单全场券" time="0.001" classname="BackOffice.BlackModelListActivity_TestSet001"/>
  <testcase name="test006_校验黑名单全场券" time="0.001" classname="BackOffice.BlackModelListActivity_TestSet001"/>
  <testcase name="test006_校验黑名单全场券" time="0.0" classname="BackOffice.BlackModelListActivity_TestSet001"/>
  <testcase name="test006_校验黑名单全场券" time="0.0" classname="BackOffice.BlackModelListActivity_TestSet001"/>
  <testcase name="test006_校验黑名单全场券" time="0.0" classname="BackOffice.BlackModelListActivity_TestSet001"/>
  <testcase name="test006_校验黑名单全场券" time="0.0" classname="BackOffice.BlackModelListActivity_TestSet001"/>
  <testcase name="test006_校验黑名单全场券" time="0.0" classname="BackOffice.BlackModelListActivity_TestSet001"/>
  <testcase name="test006_校验黑名单全场券" time="0.0" classname="BackOffice.BlackModelListActivity_TestSet001"/>
  <testcase name="test006_校验黑名单全场券" time="0.0" classname="BackOffice.BlackModelListActivity_TestSet001"/>
  <testcase name="test006_校验黑名单全场券" time="0.0" classname="BackOffice.BlackModelListActivity_TestSet001"/>
  <testcase name="test006_校验黑名单全场券" time="0.0" classname="BackOffice.BlackModelListActivity_TestSet001"/>
  <testcase name="test006_校验黑名单全场券" time="0.0" classname="BackOffice.BlackModelListActivity_TestSet001"/>
  <testcase name="test006_校验黑名单全场券" time="0.0" classname="BackOffice.BlackModelListActivity_TestSet001"/>
  <testcase name="test006_校验黑名单全场券" time="0.0" classname="BackOffice.BlackModelListActivity_TestSet001"/>
  <testcase name="test006_校验黑名单全场券" time="0.0" classname="BackOffice.BlackModelListActivity_TestSet001"/>
  <testcase name="test006_校验黑名单全场券" time="0.001" classname="BackOffice.BlackModelListActivity_TestSet001"/>
  <testcase name="test006_校验黑名单全场券" time="0.0" classname="BackOffice.BlackModelListActivity_TestSet001"/>
  <testcase name="test006_校验黑名单全场券" time="0.0" classname="BackOffice.BlackModelListActivity_TestSet001"/>
  <testcase name="test006_校验黑名单全场券" time="0.0" classname="BackOffice.BlackModelListActivity_TestSet001"/>
  <testcase name="test006_校验黑名单全场券" time="0.0" classname="BackOffice.BlackModelListActivity_TestSet001"/>
  <testcase name="test006_校验黑名单全场券" time="0.001" classname="BackOffice.BlackModelListActivity_TestSet001">
    <failure type="java.lang.AssertionError" message="8324625 value is not correct expected [83246259] but found [8324625]">
      <![CDATA[java.lang.AssertionError: 8324625 value is not correct expected [83246259] but found [8324625]
at org.testng.Assert.fail(Assert.java:96)
at org.testng.Assert.failNotEquals(Assert.java:776)
at org.testng.Assert.assertEqualsImpl(Assert.java:137)
at org.testng.Assert.assertEquals(Assert.java:118)
at org.testng.Assert.assertEquals(Assert.java:453)
at BackOffice.BlackModelListActivity_TestSet001.test006_校验黑名单全场券(BlackModelListActivity_TestSet001.java:112)
at sun.reflect.GeneratedMethodAccessor5.invoke(Unknown Source)
at sun.reflect.DelegatingMethodAccessorImpl.invoke(DelegatingMethodAccessorImpl.java:43)
at java.lang.reflect.Method.invoke(Method.java:483)
at org.testng.internal.MethodInvocationHelper.invokeMethod(MethodInvocationHelper.java:124)
at org.testng.internal.Invoker.invokeMethod(Invoker.java:583)
at org.testng.internal.Invoker.invokeTestMethod(Invoker.java:719)
at org.testng.internal.Invoker.invokeTestMethods(Invoker.java:989)
at org.testng.internal.TestMethodWorker.invokeTestMethods(TestMethodWorker.java:125)
at org.testng.internal.TestMethodWorker.run(TestMethodWorker.java:109)
at org.testng.TestRunner.privateRun(TestRunner.java:648)
at org.testng.TestRunner.run(TestRunner.java:505)
at org.testng.SuiteRunner.runTest(SuiteRunner.java:455)
at org.testng.SuiteRunner.runSequentially(SuiteRunner.java:450)
at org.testng.SuiteRunner.privateRun(SuiteRunner.java:415)
at org.testng.SuiteRunner.run(SuiteRunner.java:364)
at org.testng.SuiteRunnerWorker.runSuite(SuiteRunnerWorker.java:52)
at org.testng.SuiteRunnerWorker.run(SuiteRunnerWorker.java:84)
at org.testng.TestNG.runSuitesSequentially(TestNG.java:1208)
at org.testng.TestNG.runSuitesLocally(TestNG.java:1137)
at org.testng.TestNG.runSuites(TestNG.java:1049)
at org.testng.TestNG.run(TestNG.java:1017)
at com.intellij.rt.testng.IDEARemoteTestNG.run(IDEARemoteTestNG.java:66)
at com.intellij.rt.testng.RemoteTestNGStarter.main(RemoteTestNGStarter.java:109)
]]>
    </failure>
  </testcase> <!-- test006_校验黑名单全场券 -->
</testsuite> <!-- T1 -->
