<?xml version="1.0" encoding="UTF-8"?>
<!-- Generated by org.testng.reporters.JUnitReportReporter -->
<testsuite skipped="14" hostname="CNL-4JVB6J3" name="E2E.TestSet_H5_002" tests="19" failures="1" timestamp="07 十二月 2023 01:11:37 GMT" time="158.616" errors="0">
  <testcase name="test016_活动页全场券页面获取" time="0.000" classname="E2E.TestSet_H5_002">
    <skipped/>
  </testcase> <!-- test016_活动页全场券页面获取 -->
  <testcase name="test019_cartEstimatePrices" time="0.000" classname="E2E.TestSet_H5_002">
    <skipped/>
  </testcase> <!-- test019_cartEstimatePrices -->
  <testcase name="test020_cartEstimatePrices" time="0.000" classname="E2E.TestSet_H5_002">
    <skipped/>
  </testcase> <!-- test020_cartEstimatePrices -->
  <testcase name="test023_userAvailableCoupon" time="0.000" classname="E2E.TestSet_H5_002">
    <skipped/>
  </testcase> <!-- test023_userAvailableCoupon -->
  <testcase name="test021_loggedUserReceiveCoupon" time="0.000" classname="E2E.TestSet_H5_002">
    <skipped/>
  </testcase> <!-- test021_loggedUserReceiveCoupon -->
  <testcase name="test009_loggedUserReceiveCoupon" time="0.000" classname="E2E.TestSet_H5_002">
    <skipped/>
  </testcase> <!-- test009_loggedUserReceiveCoupon -->
  <testcase name="test018_cartEstimatePrices" time="0.000" classname="E2E.TestSet_H5_002">
    <skipped/>
  </testcase> <!-- test018_cartEstimatePrices -->
  <testcase name="test012_cartEstimatePrices" time="0.000" classname="E2E.TestSet_H5_002">
    <skipped/>
  </testcase> <!-- test012_cartEstimatePrices -->
  <testcase name="test004_活动页全场券页面获取" time="2.549" classname="E2E.TestSet_H5_002"/>
  <testcase name="test005_活动页全场券页面获取" time="132.130" classname="E2E.TestSet_H5_002">
    <failure type="java.lang.AssertionError" message="活动状态变更错误 expected [Take effect] but found [Examination passed]">
      <![CDATA[java.lang.AssertionError: 活动状态变更错误 expected [Take effect] but found [Examination passed]
at org.testng.Assert.fail(Assert.java:96)
at org.testng.Assert.failNotEquals(Assert.java:776)
at org.testng.Assert.assertEqualsImpl(Assert.java:137)
at org.testng.Assert.assertEquals(Assert.java:118)
at org.testng.Assert.assertEquals(Assert.java:453)
at E2E.TestSet_H5_002.test005_活动页全场券页面获取(TestSet_H5_002.java:135)
at sun.reflect.NativeMethodAccessorImpl.invoke0(Native Method)
at sun.reflect.NativeMethodAccessorImpl.invoke(NativeMethodAccessorImpl.java:62)
at sun.reflect.DelegatingMethodAccessorImpl.invoke(DelegatingMethodAccessorImpl.java:43)
at java.lang.reflect.Method.invoke(Method.java:483)
at org.testng.internal.MethodInvocationHelper.invokeMethod(MethodInvocationHelper.java:124)
at org.testng.internal.Invoker.invokeMethod(Invoker.java:583)
at org.testng.internal.Invoker.invokeTestMethod(Invoker.java:719)
at org.testng.internal.Invoker.invokeTestMethods(Invoker.java:989)
at org.testng.internal.TestMethodWorker.invokeTestMethods(TestMethodWorker.java:125)
at org.testng.internal.TestMethodWorker.run(TestMethodWorker.java:109)
at org.testng.TestRunner.privateRun(TestRunner.java:648)
at org.testng.TestRunner.run(TestRunner.java:505)
at org.testng.SuiteRunner.runTest(SuiteRunner.java:455)
at org.testng.SuiteRunner.runSequentially(SuiteRunner.java:450)
at org.testng.SuiteRunner.privateRun(SuiteRunner.java:415)
at org.testng.SuiteRunner.run(SuiteRunner.java:364)
at org.testng.SuiteRunnerWorker.runSuite(SuiteRunnerWorker.java:52)
at org.testng.SuiteRunnerWorker.run(SuiteRunnerWorker.java:84)
at org.testng.TestNG.runSuitesSequentially(TestNG.java:1208)
at org.testng.TestNG.runSuitesLocally(TestNG.java:1137)
at org.testng.TestNG.runSuites(TestNG.java:1049)
at org.testng.TestNG.run(TestNG.java:1017)
at com.intellij.rt.testng.IDEARemoteTestNG.run(IDEARemoteTestNG.java:66)
at com.intellij.rt.testng.RemoteTestNGStarter.main(RemoteTestNGStarter.java:109)
]]>
    </failure>
  </testcase> <!-- test005_活动页全场券页面获取 -->
  <testcase name="test011_cartEstimatePrices" time="0.000" classname="E2E.TestSet_H5_002">
    <skipped/>
  </testcase> <!-- test011_cartEstimatePrices -->
  <testcase name="test015_活动页全场券页面获取" time="0.000" classname="E2E.TestSet_H5_002">
    <skipped/>
  </testcase> <!-- test015_活动页全场券页面获取 -->
  <testcase name="test010_cartEstimatePrices" time="0.000" classname="E2E.TestSet_H5_002">
    <skipped/>
  </testcase> <!-- test010_cartEstimatePrices -->
  <testcase name="test017_loggedUserReceiveCoupon" time="0.000" classname="E2E.TestSet_H5_002">
    <skipped/>
  </testcase> <!-- test017_loggedUserReceiveCoupon -->
  <testcase name="test013_创建活动页面" time="0.000" classname="E2E.TestSet_H5_002">
    <skipped/>
  </testcase> <!-- test013_创建活动页面 -->
  <testcase name="test014_创建活动页全场券" time="0.000" classname="E2E.TestSet_H5_002">
    <skipped/>
  </testcase> <!-- test014_创建活动页全场券 -->
  <testcase name="test002_创建活动页面" time="7.563" classname="E2E.TestSet_H5_002"/>
  <testcase name="test001_启动后台" time="9.720" classname="E2E.TestSet_H5_002"/>
  <testcase name="test003_创建活动页全场券" time="6.654" classname="E2E.TestSet_H5_002"/>
</testsuite> <!-- E2E.TestSet_H5_002 -->
