<?xml version="1.0" encoding="UTF-8"?>
<!-- Generated by org.testng.reporters.JUnitReportReporter -->
<testsuite skipped="27" hostname="CNL-4JVB6J3" name="E2E.MPMStore.TestSet_MPMSTORE_MPMSTORE_001_QuanChang" tests="31" failures="0" timestamp="04 一月 2024 03:27:25 GMT" time="37.604" errors="1">
  <testcase name="test025_userAvailableCoupon" time="0.000" classname="E2E.MPMStore.TestSet_MPMSTORE_MPMSTORE_001_QuanChang">
    <skipped/>
  </testcase> <!-- test025_userAvailableCoupon -->
  <testcase name="test012_loggedUserReceiveCoupon" time="0.000" classname="E2E.MPMStore.TestSet_MPMSTORE_MPMSTORE_001_QuanChang">
    <skipped/>
  </testcase> <!-- test012_loggedUserReceiveCoupon -->
  <testcase name="test007_queryUserCoupon" time="0.000" classname="E2E.MPMStore.TestSet_MPMSTORE_MPMSTORE_001_QuanChang">
    <skipped/>
  </testcase> <!-- test007_queryUserCoupon -->
  <testcase name="test006_校验全场券" time="0.000" classname="E2E.MPMStore.TestSet_MPMSTORE_MPMSTORE_001_QuanChang">
    <skipped/>
  </testcase> <!-- test006_校验全场券 -->
  <testcase name="test024_queryUserCoupon" time="0.000" classname="E2E.MPMStore.TestSet_MPMSTORE_MPMSTORE_001_QuanChang">
    <skipped/>
  </testcase> <!-- test024_queryUserCoupon -->
  <testcase name="test019_userAvailableCoupon" time="0.000" classname="E2E.MPMStore.TestSet_MPMSTORE_MPMSTORE_001_QuanChang">
    <skipped/>
  </testcase> <!-- test019_userAvailableCoupon -->
  <testcase name="test016_applyPromotionPlans" time="0.000" classname="E2E.MPMStore.TestSet_MPMSTORE_MPMSTORE_001_QuanChang">
    <skipped/>
  </testcase> <!-- test016_applyPromotionPlans -->
  <testcase name="test014_plans" time="0.000" classname="E2E.MPMStore.TestSet_MPMSTORE_MPMSTORE_001_QuanChang">
    <skipped/>
  </testcase> <!-- test014_plans -->
  <testcase name="test028_userAvailableCoupon" time="0.000" classname="E2E.MPMStore.TestSet_MPMSTORE_MPMSTORE_001_QuanChang">
    <skipped/>
  </testcase> <!-- test028_userAvailableCoupon -->
  <testcase name="test008_userAvailableCoupon" time="0.000" classname="E2E.MPMStore.TestSet_MPMSTORE_MPMSTORE_001_QuanChang">
    <skipped/>
  </testcase> <!-- test008_userAvailableCoupon -->
  <testcase name="test001_启动后台" time="11.419" classname="E2E.MPMStore.TestSet_MPMSTORE_MPMSTORE_001_QuanChang"/>
  <testcase name="test005_校验全场券" time="0.000" classname="E2E.MPMStore.TestSet_MPMSTORE_MPMSTORE_001_QuanChang">
    <skipped/>
  </testcase> <!-- test005_校验全场券 -->
  <testcase name="test017_promotionDetails_001" time="0.000" classname="E2E.MPMStore.TestSet_MPMSTORE_MPMSTORE_001_QuanChang">
    <skipped/>
  </testcase> <!-- test017_promotionDetails_001 -->
  <testcase name="test017_promotionDetails_004" time="0.000" classname="E2E.MPMStore.TestSet_MPMSTORE_MPMSTORE_001_QuanChang">
    <skipped/>
  </testcase> <!-- test017_promotionDetails_004 -->
  <testcase name="test015_repricing" time="0.000" classname="E2E.MPMStore.TestSet_MPMSTORE_MPMSTORE_001_QuanChang">
    <skipped/>
  </testcase> <!-- test015_repricing -->
  <testcase name="test013_loggedUserReceiveCoupon" time="0.000" classname="E2E.MPMStore.TestSet_MPMSTORE_MPMSTORE_001_QuanChang">
    <skipped/>
  </testcase> <!-- test013_loggedUserReceiveCoupon -->
  <testcase name="test021_userAvailableCoupon" time="0.000" classname="E2E.MPMStore.TestSet_MPMSTORE_MPMSTORE_001_QuanChang">
    <skipped/>
  </testcase> <!-- test021_userAvailableCoupon -->
  <testcase name="test023_refundCoupon" time="0.000" classname="E2E.MPMStore.TestSet_MPMSTORE_MPMSTORE_001_QuanChang">
    <skipped/>
  </testcase> <!-- test023_refundCoupon -->
  <testcase name="test026_loggedUserReceiveCoupon" time="0.000" classname="E2E.MPMStore.TestSet_MPMSTORE_MPMSTORE_001_QuanChang">
    <skipped/>
  </testcase> <!-- test026_loggedUserReceiveCoupon -->
  <testcase name="test017_promotionDetails_003" time="0.000" classname="E2E.MPMStore.TestSet_MPMSTORE_MPMSTORE_001_QuanChang">
    <skipped/>
  </testcase> <!-- test017_promotionDetails_003 -->
  <testcase name="test017_promotionDetails_002" time="0.000" classname="E2E.MPMStore.TestSet_MPMSTORE_MPMSTORE_001_QuanChang">
    <skipped/>
  </testcase> <!-- test017_promotionDetails_002 -->
  <testcase name="test004_全场券页面获取" time="12.377" classname="E2E.MPMStore.TestSet_MPMSTORE_MPMSTORE_001_QuanChang">
    <error type="org.openqa.selenium.NoSuchElementException" message="no such element: Unable to locate element: {&quot;method&quot;:&quot;xpath&quot;,&quot;selector&quot;:&quot;//*[@id=&quot;app&quot;]/div/div[3]/section/div/div[1]/div/div[3]/p[5]/span&quot;}
  (Session info: chrome=120.0.6099.131)
For documentation on this error, please visit: https://www.seleniumhq.org/exceptions/no_such_element.html
Build info: version: &#039;3.141.59&#039;, revision: &#039;e82be7d358&#039;, time: &#039;2018-11-14T08:17:03&#039;
System info: host: &#039;CNL-4JVB6J3&#039;, ip: &#039;10.66.60.33&#039;, os.name: &#039;Windows 8.1&#039;, os.arch: &#039;amd64&#039;, os.version: &#039;6.3&#039;, java.version: &#039;1.8.0_05&#039;
Driver info: org.openqa.selenium.chrome.ChromeDriver
Capabilities {acceptInsecureCerts: false, browserName: chrome, browserVersion: 120.0.6099.131, chrome: {chromedriverVersion: 120.0.6099.71 (9729082fe617..., userDataDir: C:\Windows\TEMP\scoped_dir2...}, fedcm:accounts: true, goog:chromeOptions: {debuggerAddress: localhost:51621}, javascriptEnabled: true, networkConnectionEnabled: false, pageLoadStrategy: normal, platform: WINDOWS, platformName: WINDOWS, proxy: Proxy(), setWindowRect: true, strictFileInteractability: false, timeouts: {implicit: 0, pageLoad: 300000, script: 30000}, unhandledPromptBehavior: dismiss and notify, webauthn:extension:credBlob: true, webauthn:extension:largeBlob: true, webauthn:extension:minPinLength: true, webauthn:extension:prf: true, webauthn:virtualAuthenticators: true}
Session ID: 348d01bc3850df23fe7e90e89a8e6078
*** Element info: {Using=xpath, value=//*[@id=&quot;app&quot;]/div/div[3]/section/div/div[1]/div/div[3]/p[5]/span}">
      <![CDATA[org.openqa.selenium.NoSuchElementException: no such element: Unable to locate element: {"method":"xpath","selector":"//*[@id="app"]/div/div[3]/section/div/div[1]/div/div[3]/p[5]/span"}
  (Session info: chrome=120.0.6099.131)
For documentation on this error, please visit: https://www.seleniumhq.org/exceptions/no_such_element.html
Build info: version: '3.141.59', revision: 'e82be7d358', time: '2018-11-14T08:17:03'
System info: host: 'CNL-4JVB6J3', ip: '10.66.60.33', os.name: 'Windows 8.1', os.arch: 'amd64', os.version: '6.3', java.version: '1.8.0_05'
Driver info: org.openqa.selenium.chrome.ChromeDriver
Capabilities {acceptInsecureCerts: false, browserName: chrome, browserVersion: 120.0.6099.131, chrome: {chromedriverVersion: 120.0.6099.71 (9729082fe617..., userDataDir: C:\Windows\TEMP\scoped_dir2...}, fedcm:accounts: true, goog:chromeOptions: {debuggerAddress: localhost:51621}, javascriptEnabled: true, networkConnectionEnabled: false, pageLoadStrategy: normal, platform: WINDOWS, platformName: WINDOWS, proxy: Proxy(), setWindowRect: true, strictFileInteractability: false, timeouts: {implicit: 0, pageLoad: 300000, script: 30000}, unhandledPromptBehavior: dismiss and notify, webauthn:extension:credBlob: true, webauthn:extension:largeBlob: true, webauthn:extension:minPinLength: true, webauthn:extension:prf: true, webauthn:virtualAuthenticators: true}
Session ID: 348d01bc3850df23fe7e90e89a8e6078
*** Element info: {Using=xpath, value=//*[@id="app"]/div/div[3]/section/div/div[1]/div/div[3]/p[5]/span}
at sun.reflect.NativeConstructorAccessorImpl.newInstance0(Native Method)
at sun.reflect.NativeConstructorAccessorImpl.newInstance(NativeConstructorAccessorImpl.java:62)
at sun.reflect.DelegatingConstructorAccessorImpl.newInstance(DelegatingConstructorAccessorImpl.java:45)
at java.lang.reflect.Constructor.newInstance(Constructor.java:408)
at org.openqa.selenium.remote.http.W3CHttpResponseCodec.createException(W3CHttpResponseCodec.java:187)
at org.openqa.selenium.remote.http.W3CHttpResponseCodec.decode(W3CHttpResponseCodec.java:122)
at org.openqa.selenium.remote.http.W3CHttpResponseCodec.decode(W3CHttpResponseCodec.java:49)
at org.openqa.selenium.remote.HttpCommandExecutor.execute(HttpCommandExecutor.java:158)
at org.openqa.selenium.remote.service.DriverCommandExecutor.execute(DriverCommandExecutor.java:83)
at org.openqa.selenium.remote.RemoteWebDriver.execute(RemoteWebDriver.java:552)
at org.openqa.selenium.remote.RemoteWebDriver.findElement(RemoteWebDriver.java:323)
at org.openqa.selenium.remote.RemoteWebDriver.findElementByXPath(RemoteWebDriver.java:428)
at org.openqa.selenium.By$ByXPath.findElement(By.java:353)
at org.openqa.selenium.remote.RemoteWebDriver.findElement(RemoteWebDriver.java:315)
at UITestCase.BackOffice.validateActivity.validateActivity(validateActivity.java:37)
at E2E.MPMStore.TestSet_MPMSTORE_MPMSTORE_001_QuanChang.test004_全场券页面获取(TestSet_MPMSTORE_MPMSTORE_001_QuanChang.java:147)
at sun.reflect.NativeMethodAccessorImpl.invoke0(Native Method)
at sun.reflect.NativeMethodAccessorImpl.invoke(NativeMethodAccessorImpl.java:62)
at sun.reflect.DelegatingMethodAccessorImpl.invoke(DelegatingMethodAccessorImpl.java:43)
at java.lang.reflect.Method.invoke(Method.java:483)
at org.testng.internal.MethodInvocationHelper.invokeMethod(MethodInvocationHelper.java:124)
at org.testng.internal.Invoker.invokeMethod(Invoker.java:583)
at org.testng.internal.Invoker.invokeTestMethod(Invoker.java:719)
at org.testng.internal.Invoker.invokeTestMethods(Invoker.java:989)
at org.testng.internal.TestMethodWorker.invokeTestMethods(TestMethodWorker.java:125)
at org.testng.internal.TestMethodWorker.run(TestMethodWorker.java:109)
at org.testng.TestRunner.privateRun(TestRunner.java:648)
at org.testng.TestRunner.run(TestRunner.java:505)
at org.testng.SuiteRunner.runTest(SuiteRunner.java:455)
at org.testng.SuiteRunner.runSequentially(SuiteRunner.java:450)
at org.testng.SuiteRunner.privateRun(SuiteRunner.java:415)
at org.testng.SuiteRunner.run(SuiteRunner.java:364)
at org.testng.SuiteRunnerWorker.runSuite(SuiteRunnerWorker.java:52)
at org.testng.SuiteRunnerWorker.run(SuiteRunnerWorker.java:84)
at org.testng.TestNG.runSuitesSequentially(TestNG.java:1208)
at org.testng.TestNG.runSuitesLocally(TestNG.java:1137)
at org.testng.TestNG.runSuites(TestNG.java:1049)
at org.testng.TestNG.run(TestNG.java:1017)
at com.intellij.rt.testng.IDEARemoteTestNG.run(IDEARemoteTestNG.java:66)
at com.intellij.rt.testng.RemoteTestNGStarter.main(RemoteTestNGStarter.java:109)
]]>
    </error>
  </testcase> <!-- test004_全场券页面获取 -->
  <testcase name="test009_全场券页面获取" time="0.000" classname="E2E.MPMStore.TestSet_MPMSTORE_MPMSTORE_001_QuanChang">
    <skipped/>
  </testcase> <!-- test009_全场券页面获取 -->
  <testcase name="test003_创建全场券" time="6.266" classname="E2E.MPMStore.TestSet_MPMSTORE_MPMSTORE_001_QuanChang"/>
  <testcase name="test022_redeemCoupon" time="0.000" classname="E2E.MPMStore.TestSet_MPMSTORE_MPMSTORE_001_QuanChang">
    <skipped/>
  </testcase> <!-- test022_redeemCoupon -->
  <testcase name="test011_userAvailableCoupon" time="0.000" classname="E2E.MPMStore.TestSet_MPMSTORE_MPMSTORE_001_QuanChang">
    <skipped/>
  </testcase> <!-- test011_userAvailableCoupon -->
  <testcase name="test018_queryUserCoupon" time="0.000" classname="E2E.MPMStore.TestSet_MPMSTORE_MPMSTORE_001_QuanChang">
    <skipped/>
  </testcase> <!-- test018_queryUserCoupon -->
  <testcase name="test020_queryUserCoupon" time="0.000" classname="E2E.MPMStore.TestSet_MPMSTORE_MPMSTORE_001_QuanChang">
    <skipped/>
  </testcase> <!-- test020_queryUserCoupon -->
  <testcase name="test002_创建活动页面" time="7.542" classname="E2E.MPMStore.TestSet_MPMSTORE_MPMSTORE_001_QuanChang"/>
  <testcase name="test010_queryUserCoupon" time="0.000" classname="E2E.MPMStore.TestSet_MPMSTORE_MPMSTORE_001_QuanChang">
    <skipped/>
  </testcase> <!-- test010_queryUserCoupon -->
  <testcase name="test029_全场券活动关闭" time="0.000" classname="E2E.MPMStore.TestSet_MPMSTORE_MPMSTORE_001_QuanChang">
    <skipped/>
  </testcase> <!-- test029_全场券活动关闭 -->
</testsuite> <!-- E2E.MPMStore.TestSet_MPMSTORE_MPMSTORE_001_QuanChang -->
