<?xml version="1.0" encoding="UTF-8"?>
<!-- Generated by org.testng.reporters.JUnitReportReporter -->
<testsuite skipped="15" hostname="CNL-4JVB6J3" name="EasyPromo.OmniCoupon_DistributeChannelOmni_UseChannelMPM" tests="65" failures="4" timestamp="28 五月 2024 06:35:33 GMT" time="626.714" errors="0">
  <testcase name="TC041_getStockInitialStatus" time="8.067" classname="EasyPromo.OmniCoupon_DistributeChannelOmni_UseChannelMPM"/>
  <testcase name="test040_DCNUserAvailableCoupon" time="0.674" classname="EasyPromo.OmniCoupon_DistributeChannelOmni_UseChannelMPM"/>
  <testcase name="TC009_queryMPMUserCoupon" time="1.023" classname="EasyPromo.OmniCoupon_DistributeChannelOmni_UseChannelMPM"/>
  <testcase name="TC033_queryDCNUserCoupon" time="0.627" classname="EasyPromo.OmniCoupon_DistributeChannelOmni_UseChannelMPM"/>
  <testcase name="test015_MPMQueryUserCoupon" time="0.826" classname="EasyPromo.OmniCoupon_DistributeChannelOmni_UseChannelMPM"/>
  <testcase name="test025_promotionDetails_003" time="0.000" classname="EasyPromo.OmniCoupon_DistributeChannelOmni_UseChannelMPM">
    <skipped/>
  </testcase> <!-- test025_promotionDetails_003 -->
  <testcase name="TC033_H5DistributeChannel" time="0.736" classname="EasyPromo.OmniCoupon_DistributeChannelOmni_UseChannelMPM"/>
  <testcase name="test018_MPMQueryUserCoupon" time="0.821" classname="EasyPromo.OmniCoupon_DistributeChannelOmni_UseChannelMPM"/>
  <testcase name="TC014_getStockActiveStatus" time="180.449" classname="EasyPromo.OmniCoupon_DistributeChannelOmni_UseChannelMPM"/>
  <testcase name="test025_promotionDetails_002" time="0.001" classname="EasyPromo.OmniCoupon_DistributeChannelOmni_UseChannelMPM"/>
  <testcase name="test023_MPMQueryUserCoupon" time="52.763" classname="EasyPromo.OmniCoupon_DistributeChannelOmni_UseChannelMPM"/>
  <testcase name="test039_DCNQueryUserCoupon" time="53.942" classname="EasyPromo.OmniCoupon_DistributeChannelOmni_UseChannelMPM"/>
  <testcase name="test032_MPMUserAvailableCoupon" time="0.000" classname="EasyPromo.OmniCoupon_DistributeChannelOmni_UseChannelMPM">
    <skipped/>
  </testcase> <!-- test032_MPMUserAvailableCoupon -->
  <testcase name="TC011_loggedUserReceiveCoupon" time="0.643" classname="EasyPromo.OmniCoupon_DistributeChannelOmni_UseChannelMPM"/>
  <testcase name="test036_DCNUserAvailableCoupon" time="10.661" classname="EasyPromo.OmniCoupon_DistributeChannelOmni_UseChannelMPM"/>
  <testcase name="test025_promotionDetails_002" time="0.000" classname="EasyPromo.OmniCoupon_DistributeChannelOmni_UseChannelMPM"/>
  <testcase name="TC041_promotionInfo" time="0.000" classname="EasyPromo.OmniCoupon_DistributeChannelOmni_UseChannelMPM">
    <skipped/>
  </testcase> <!-- TC041_promotionInfo -->
  <testcase name="TC006_managerAuditTask" time="0.407" classname="EasyPromo.OmniCoupon_DistributeChannelOmni_UseChannelMPM"/>
  <testcase name="TC034_H5DistributeChannel" time="0.805" classname="EasyPromo.OmniCoupon_DistributeChannelOmni_UseChannelMPM"/>
  <testcase name="test038_DCNUserAvailableCoupon" time="10.684" classname="EasyPromo.OmniCoupon_DistributeChannelOmni_UseChannelMPM"/>
  <testcase name="test025_promotionDetails_002" time="0.000" classname="EasyPromo.OmniCoupon_DistributeChannelOmni_UseChannelMPM"/>
  <testcase name="TC013_queryBUAuditApproveStatus" time="7.694" classname="EasyPromo.OmniCoupon_DistributeChannelOmni_UseChannelMPM"/>
  <testcase name="test030_全场券活动关闭" time="0.000" classname="EasyPromo.OmniCoupon_DistributeChannelOmni_UseChannelMPM">
    <skipped/>
  </testcase> <!-- test030_全场券活动关闭 -->
  <testcase name="TC004_queryFlowID" time="8.177" classname="EasyPromo.OmniCoupon_DistributeChannelOmni_UseChannelMPM"/>
  <testcase name="TC005_queryApproveStatus" time="13.115" classname="EasyPromo.OmniCoupon_DistributeChannelOmni_UseChannelMPM"/>
  <testcase name="test024_MPMUserAvailableCoupon" time="0.604" classname="EasyPromo.OmniCoupon_DistributeChannelOmni_UseChannelMPM">
    <failure type="java.lang.AssertionError" message="冻券后优惠券状态异常，期望结果是UNCLAIMED expected [true] but found [false]">
      <![CDATA[java.lang.AssertionError: 冻券后优惠券状态异常，期望结果是UNCLAIMED expected [true] but found [false]
at org.testng.Assert.fail(Assert.java:96)
at org.testng.Assert.failNotEquals(Assert.java:776)
at org.testng.Assert.assertEqualsImpl(Assert.java:137)
at org.testng.Assert.assertEquals(Assert.java:118)
at org.testng.Assert.assertEquals(Assert.java:453)
at EasyPromo.OmniCoupon_DistributeChannelOmni_UseChannelMPM.test024_MPMUserAvailableCoupon(OmniCoupon_DistributeChannelOmni_UseChannelMPM.java:831)
at sun.reflect.NativeMethodAccessorImpl.invoke0(Native Method)
at sun.reflect.NativeMethodAccessorImpl.invoke(NativeMethodAccessorImpl.java:62)
at sun.reflect.DelegatingMethodAccessorImpl.invoke(DelegatingMethodAccessorImpl.java:43)
at java.lang.reflect.Method.invoke(Method.java:483)
at org.testng.internal.MethodInvocationHelper.invokeMethod(MethodInvocationHelper.java:124)
at org.testng.internal.Invoker.invokeMethod(Invoker.java:583)
at org.testng.internal.Invoker.invokeTestMethod(Invoker.java:719)
at org.testng.internal.Invoker.invokeTestMethods(Invoker.java:989)
at org.testng.internal.TestMethodWorker.invokeTestMethods(TestMethodWorker.java:125)
at org.testng.internal.TestMethodWorker.run(TestMethodWorker.java:109)
at org.testng.TestRunner.privateRun(TestRunner.java:648)
at org.testng.TestRunner.run(TestRunner.java:505)
at org.testng.SuiteRunner.runTest(SuiteRunner.java:455)
at org.testng.SuiteRunner.runSequentially(SuiteRunner.java:450)
at org.testng.SuiteRunner.privateRun(SuiteRunner.java:415)
at org.testng.SuiteRunner.run(SuiteRunner.java:364)
at org.testng.SuiteRunnerWorker.runSuite(SuiteRunnerWorker.java:52)
at org.testng.SuiteRunnerWorker.run(SuiteRunnerWorker.java:84)
at org.testng.TestNG.runSuitesSequentially(TestNG.java:1208)
at org.testng.TestNG.runSuitesLocally(TestNG.java:1137)
at org.testng.TestNG.runSuites(TestNG.java:1049)
at org.testng.TestNG.run(TestNG.java:1017)
at com.intellij.rt.testng.IDEARemoteTestNG.run(IDEARemoteTestNG.java:66)
at com.intellij.rt.testng.RemoteTestNGStarter.main(RemoteTestNGStarter.java:109)
]]>
    </failure>
  </testcase> <!-- test024_MPMUserAvailableCoupon -->
  <testcase name="TC035_H5DistributeChannel" time="0.639" classname="EasyPromo.OmniCoupon_DistributeChannelOmni_UseChannelMPM"/>
  <testcase name="test043_DCNUserAvailableCoupon" time="0.000" classname="EasyPromo.OmniCoupon_DistributeChannelOmni_UseChannelMPM">
    <skipped/>
  </testcase> <!-- test043_DCNUserAvailableCoupon -->
  <testcase name="test028_MPMQueryUserCoupon" time="0.000" classname="EasyPromo.OmniCoupon_DistributeChannelOmni_UseChannelMPM">
    <skipped/>
  </testcase> <!-- test028_MPMQueryUserCoupon -->
  <testcase name="test025_promotionDetails_002" time="0.000" classname="EasyPromo.OmniCoupon_DistributeChannelOmni_UseChannelMPM"/>
  <testcase name="TC043_getStockActiveStatus" time="7.863" classname="EasyPromo.OmniCoupon_DistributeChannelOmni_UseChannelMPM"/>
  <testcase name="test037_DCNQueryUserCoupon" time="0.602" classname="EasyPromo.OmniCoupon_DistributeChannelOmni_UseChannelMPM"/>
  <testcase name="test029_MPMUserAvailableCoupon" time="0.000" classname="EasyPromo.OmniCoupon_DistributeChannelOmni_UseChannelMPM">
    <skipped/>
  </testcase> <!-- test029_MPMUserAvailableCoupon -->
  <testcase name="TC034_DCNUserAvailableCoupon" time="0.671" classname="EasyPromo.OmniCoupon_DistributeChannelOmni_UseChannelMPM"/>
  <testcase name="test035_DCNQueryUserCoupon" time="0.708" classname="EasyPromo.OmniCoupon_DistributeChannelOmni_UseChannelMPM"/>
  <testcase name="test042_DCNUserAvailableCoupon" time="0.000" classname="EasyPromo.OmniCoupon_DistributeChannelOmni_UseChannelMPM">
    <skipped/>
  </testcase> <!-- test042_DCNUserAvailableCoupon -->
  <testcase name="test021_repricing" time="0.382" classname="EasyPromo.OmniCoupon_DistributeChannelOmni_UseChannelMPM"/>
  <testcase name="TC039_createPromotionPage" time="0.413" classname="EasyPromo.OmniCoupon_DistributeChannelOmni_UseChannelMPM"/>
  <testcase name="TC012_getStockApproveStatus" time="70.388" classname="EasyPromo.OmniCoupon_DistributeChannelOmni_UseChannelMPM"/>
  <testcase name="TC002_queryStockID" time="8.919" classname="EasyPromo.OmniCoupon_DistributeChannelOmni_UseChannelMPM"/>
  <testcase name="test025_promotionDetails_002" time="0.001" classname="EasyPromo.OmniCoupon_DistributeChannelOmni_UseChannelMPM">
    <failure type="java.lang.AssertionError" message="order_source value is not correct expected [FACADE] but found [WEBPOS]">
      <![CDATA[java.lang.AssertionError: order_source value is not correct expected [FACADE] but found [WEBPOS]
at org.testng.Assert.fail(Assert.java:96)
at org.testng.Assert.failNotEquals(Assert.java:776)
at org.testng.Assert.assertEqualsImpl(Assert.java:137)
at org.testng.Assert.assertEquals(Assert.java:118)
at org.testng.Assert.assertEquals(Assert.java:453)
at EasyPromo.OmniCoupon_DistributeChannelOmni_UseChannelMPM.test025_promotionDetails_002(OmniCoupon_DistributeChannelOmni_UseChannelMPM.java:917)
at sun.reflect.NativeMethodAccessorImpl.invoke0(Native Method)
at sun.reflect.NativeMethodAccessorImpl.invoke(NativeMethodAccessorImpl.java:62)
at sun.reflect.DelegatingMethodAccessorImpl.invoke(DelegatingMethodAccessorImpl.java:43)
at java.lang.reflect.Method.invoke(Method.java:483)
at org.testng.internal.MethodInvocationHelper.invokeMethod(MethodInvocationHelper.java:124)
at org.testng.internal.Invoker.invokeMethod(Invoker.java:583)
at org.testng.internal.Invoker.invokeTestMethod(Invoker.java:719)
at org.testng.internal.Invoker.invokeTestMethods(Invoker.java:989)
at org.testng.internal.TestMethodWorker.invokeTestMethods(TestMethodWorker.java:125)
at org.testng.internal.TestMethodWorker.run(TestMethodWorker.java:109)
at org.testng.TestRunner.privateRun(TestRunner.java:648)
at org.testng.TestRunner.run(TestRunner.java:505)
at org.testng.SuiteRunner.runTest(SuiteRunner.java:455)
at org.testng.SuiteRunner.runSequentially(SuiteRunner.java:450)
at org.testng.SuiteRunner.privateRun(SuiteRunner.java:415)
at org.testng.SuiteRunner.run(SuiteRunner.java:364)
at org.testng.SuiteRunnerWorker.runSuite(SuiteRunnerWorker.java:52)
at org.testng.SuiteRunnerWorker.run(SuiteRunnerWorker.java:84)
at org.testng.TestNG.runSuitesSequentially(TestNG.java:1208)
at org.testng.TestNG.runSuitesLocally(TestNG.java:1137)
at org.testng.TestNG.runSuites(TestNG.java:1049)
at org.testng.TestNG.run(TestNG.java:1017)
at com.intellij.rt.testng.IDEARemoteTestNG.run(IDEARemoteTestNG.java:66)
at com.intellij.rt.testng.RemoteTestNGStarter.main(RemoteTestNGStarter.java:109)
]]>
    </failure>
  </testcase> <!-- test025_promotionDetails_002 -->
  <testcase name="TC003_getStockInitialStatus" time="0.382" classname="EasyPromo.OmniCoupon_DistributeChannelOmni_UseChannelMPM"/>
  <testcase name="test027_refundCoupon" time="0.000" classname="EasyPromo.OmniCoupon_DistributeChannelOmni_UseChannelMPM">
    <skipped/>
  </testcase> <!-- test027_refundCoupon -->
  <testcase name="TC036_H5DistributeChannel" time="1.016" classname="EasyPromo.OmniCoupon_DistributeChannelOmni_UseChannelMPM"/>
  <testcase name="test025_promotionDetails_002" time="0.000" classname="EasyPromo.OmniCoupon_DistributeChannelOmni_UseChannelMPM"/>
  <testcase name="TC042_getStockApproveStatus" time="28.572" classname="EasyPromo.OmniCoupon_DistributeChannelOmni_UseChannelMPM"/>
  <testcase name="test019_MPMUserAvailableCoupon" time="60.809" classname="EasyPromo.OmniCoupon_DistributeChannelOmni_UseChannelMPM">
    <failure type="java.lang.AssertionError" message="领券后优惠券状态异常，期望结果是AVAILABLE expected [true] but found [false]">
      <![CDATA[java.lang.AssertionError: 领券后优惠券状态异常，期望结果是AVAILABLE expected [true] but found [false]
at org.testng.Assert.fail(Assert.java:96)
at org.testng.Assert.failNotEquals(Assert.java:776)
at org.testng.Assert.assertEqualsImpl(Assert.java:137)
at org.testng.Assert.assertEquals(Assert.java:118)
at org.testng.Assert.assertEquals(Assert.java:453)
at EasyPromo.OmniCoupon_DistributeChannelOmni_UseChannelMPM.test019_MPMUserAvailableCoupon(OmniCoupon_DistributeChannelOmni_UseChannelMPM.java:690)
at sun.reflect.NativeMethodAccessorImpl.invoke0(Native Method)
at sun.reflect.NativeMethodAccessorImpl.invoke(NativeMethodAccessorImpl.java:62)
at sun.reflect.DelegatingMethodAccessorImpl.invoke(DelegatingMethodAccessorImpl.java:43)
at java.lang.reflect.Method.invoke(Method.java:483)
at org.testng.internal.MethodInvocationHelper.invokeMethod(MethodInvocationHelper.java:124)
at org.testng.internal.Invoker.invokeMethod(Invoker.java:583)
at org.testng.internal.Invoker.invokeTestMethod(Invoker.java:719)
at org.testng.internal.Invoker.invokeTestMethods(Invoker.java:989)
at org.testng.internal.TestMethodWorker.invokeTestMethods(TestMethodWorker.java:125)
at org.testng.internal.TestMethodWorker.run(TestMethodWorker.java:109)
at org.testng.TestRunner.privateRun(TestRunner.java:648)
at org.testng.TestRunner.run(TestRunner.java:505)
at org.testng.SuiteRunner.runTest(SuiteRunner.java:455)
at org.testng.SuiteRunner.runSequentially(SuiteRunner.java:450)
at org.testng.SuiteRunner.privateRun(SuiteRunner.java:415)
at org.testng.SuiteRunner.run(SuiteRunner.java:364)
at org.testng.SuiteRunnerWorker.runSuite(SuiteRunnerWorker.java:52)
at org.testng.SuiteRunnerWorker.run(SuiteRunnerWorker.java:84)
at org.testng.TestNG.runSuitesSequentially(TestNG.java:1208)
at org.testng.TestNG.runSuitesLocally(TestNG.java:1137)
at org.testng.TestNG.runSuites(TestNG.java:1049)
at org.testng.TestNG.run(TestNG.java:1017)
at com.intellij.rt.testng.IDEARemoteTestNG.run(IDEARemoteTestNG.java:66)
at com.intellij.rt.testng.RemoteTestNGStarter.main(RemoteTestNGStarter.java:109)
]]>
    </failure>
  </testcase> <!-- test019_MPMUserAvailableCoupon -->
  <testcase name="init" time="0.148" classname="EasyPromo.OmniCoupon_DistributeChannelOmni_UseChannelMPM"/>
  <testcase name="test025_promotionDetails_001" time="0.432" classname="EasyPromo.OmniCoupon_DistributeChannelOmni_UseChannelMPM"/>
  <testcase name="test031_loggedUserReceiveCoupon" time="0.000" classname="EasyPromo.OmniCoupon_DistributeChannelOmni_UseChannelMPM">
    <skipped/>
  </testcase> <!-- test031_loggedUserReceiveCoupon -->
  <testcase name="TC037_H5DistributeChannel" time="0.000" classname="EasyPromo.OmniCoupon_DistributeChannelOmni_UseChannelMPM">
    <skipped/>
  </testcase> <!-- TC037_H5DistributeChannel -->
  <testcase name="test025_promotionDetails_002" time="0.000" classname="EasyPromo.OmniCoupon_DistributeChannelOmni_UseChannelMPM"/>
  <testcase name="TC010_MPMUserAvailableCoupon" time="0.614" classname="EasyPromo.OmniCoupon_DistributeChannelOmni_UseChannelMPM"/>
  <testcase name="test017_loggedUserReceiveCoupon" time="0.659" classname="EasyPromo.OmniCoupon_DistributeChannelOmni_UseChannelMPM"/>
  <testcase name="test041_DCNQueryUserCoupon" time="0.000" classname="EasyPromo.OmniCoupon_DistributeChannelOmni_UseChannelMPM">
    <skipped/>
  </testcase> <!-- test041_DCNQueryUserCoupon -->
  <testcase name="test022_applyPromotionPlans" time="8.429" classname="EasyPromo.OmniCoupon_DistributeChannelOmni_UseChannelMPM"/>
  <testcase name="test026_redeemCoupon" time="0.000" classname="EasyPromo.OmniCoupon_DistributeChannelOmni_UseChannelMPM">
    <skipped/>
  </testcase> <!-- test026_redeemCoupon -->
  <testcase name="TC001_createStock" time="1.022" classname="EasyPromo.OmniCoupon_DistributeChannelOmni_UseChannelMPM"/>
  <testcase name="TC040_promotionInfo" time="0.389" classname="EasyPromo.OmniCoupon_DistributeChannelOmni_UseChannelMPM"/>
  <testcase name="test020_plans" time="0.717" classname="EasyPromo.OmniCoupon_DistributeChannelOmni_UseChannelMPM"/>
  <testcase name="test025_promotionDetails_004" time="0.000" classname="EasyPromo.OmniCoupon_DistributeChannelOmni_UseChannelMPM">
    <skipped/>
  </testcase> <!-- test025_promotionDetails_004 -->
  <testcase name="TC038_H5DistributeChannel" time="0.000" classname="EasyPromo.OmniCoupon_DistributeChannelOmni_UseChannelMPM">
    <skipped/>
  </testcase> <!-- TC038_H5DistributeChannel -->
  <testcase name="TC008_BUAuditTask" time="0.433" classname="EasyPromo.OmniCoupon_DistributeChannelOmni_UseChannelMPM"/>
  <testcase name="test016_MPMUserAvailableCoupon" time="60.922" classname="EasyPromo.OmniCoupon_DistributeChannelOmni_UseChannelMPM">
    <failure type="java.lang.AssertionError" message="领券后优惠券状态异常，期望结果是AVAILABLE expected [true] but found [false]">
      <![CDATA[java.lang.AssertionError: 领券后优惠券状态异常，期望结果是AVAILABLE expected [true] but found [false]
at org.testng.Assert.fail(Assert.java:96)
at org.testng.Assert.failNotEquals(Assert.java:776)
at org.testng.Assert.assertEqualsImpl(Assert.java:137)
at org.testng.Assert.assertEquals(Assert.java:118)
at org.testng.Assert.assertEquals(Assert.java:453)
at EasyPromo.OmniCoupon_DistributeChannelOmni_UseChannelMPM.test016_MPMUserAvailableCoupon(OmniCoupon_DistributeChannelOmni_UseChannelMPM.java:582)
at sun.reflect.NativeMethodAccessorImpl.invoke0(Native Method)
at sun.reflect.NativeMethodAccessorImpl.invoke(NativeMethodAccessorImpl.java:62)
at sun.reflect.DelegatingMethodAccessorImpl.invoke(DelegatingMethodAccessorImpl.java:43)
at java.lang.reflect.Method.invoke(Method.java:483)
at org.testng.internal.MethodInvocationHelper.invokeMethod(MethodInvocationHelper.java:124)
at org.testng.internal.Invoker.invokeMethod(Invoker.java:583)
at org.testng.internal.Invoker.invokeTestMethod(Invoker.java:719)
at org.testng.internal.Invoker.invokeTestMethods(Invoker.java:989)
at org.testng.internal.TestMethodWorker.invokeTestMethods(TestMethodWorker.java:125)
at org.testng.internal.TestMethodWorker.run(TestMethodWorker.java:109)
at org.testng.TestRunner.privateRun(TestRunner.java:648)
at org.testng.TestRunner.run(TestRunner.java:505)
at org.testng.SuiteRunner.runTest(SuiteRunner.java:455)
at org.testng.SuiteRunner.runSequentially(SuiteRunner.java:450)
at org.testng.SuiteRunner.privateRun(SuiteRunner.java:415)
at org.testng.SuiteRunner.run(SuiteRunner.java:364)
at org.testng.SuiteRunnerWorker.runSuite(SuiteRunnerWorker.java:52)
at org.testng.SuiteRunnerWorker.run(SuiteRunnerWorker.java:84)
at org.testng.TestNG.runSuitesSequentially(TestNG.java:1208)
at org.testng.TestNG.runSuitesLocally(TestNG.java:1137)
at org.testng.TestNG.runSuites(TestNG.java:1049)
at org.testng.TestNG.run(TestNG.java:1017)
at com.intellij.rt.testng.IDEARemoteTestNG.run(IDEARemoteTestNG.java:66)
at com.intellij.rt.testng.RemoteTestNGStarter.main(RemoteTestNGStarter.java:109)
]]>
    </failure>
  </testcase> <!-- test016_MPMUserAvailableCoupon -->
  <testcase name="TC007_queryManagerAuditApproveStatus" time="18.865" classname="EasyPromo.OmniCoupon_DistributeChannelOmni_UseChannelMPM"/>
</testsuite> <!-- EasyPromo.OmniCoupon_DistributeChannelOmni_UseChannelMPM -->
