<?xml version="1.0" encoding="UTF-8"?>
<!-- Generated by org.testng.reporters.JUnitReportReporter -->
<testsuite skipped="18" hostname="CNL-4JVB6J3" name="E2E.TestSet_MPMSTORE_007" tests="21" failures="0" timestamp="08 十二月 2023 09:10:35 GMT" time="25.390" errors="1">
  <testcase name="test001_启动后台" time="12.169" classname="E2E.TestSet_MPMSTORE_007"/>
  <testcase name="test017_loggedUserReceiveCoupon" time="0.000" classname="E2E.TestSet_MPMSTORE_007">
    <skipped/>
  </testcase> <!-- test017_loggedUserReceiveCoupon -->
  <testcase name="test003_创建商品券" time="5.467" classname="E2E.TestSet_MPMSTORE_007">
    <error type="org.openqa.selenium.ElementClickInterceptedException" message="element click intercepted: Element &lt;button type=&quot;button&quot; class=&quot;el-time-panel__btn confirm&quot;&gt;...&lt;/button&gt; is not clickable at point (1067, 329). Other element would receive the click: &lt;li class=&quot;el-time-spinner__item&quot;&gt;...&lt;/li&gt;
  (Session info: chrome=119.0.6045.200)
Build info: version: &#039;3.141.59&#039;, revision: &#039;e82be7d358&#039;, time: &#039;2018-11-14T08:17:03&#039;
System info: host: &#039;CNL-4JVB6J3&#039;, ip: &#039;192.168.10.9&#039;, os.name: &#039;Windows 8.1&#039;, os.arch: &#039;amd64&#039;, os.version: &#039;6.3&#039;, java.version: &#039;1.8.0_05&#039;
Driver info: org.openqa.selenium.chrome.ChromeDriver
Capabilities {acceptInsecureCerts: false, browserName: chrome, browserVersion: 119.0.6045.200, chrome: {chromedriverVersion: 119.0.6045.105 (38c72552c5e..., userDataDir: C:\Users\ZHENGF~1\AppData\L...}, fedcm:accounts: true, goog:chromeOptions: {debuggerAddress: localhost:54809}, javascriptEnabled: true, networkConnectionEnabled: false, pageLoadStrategy: normal, platform: WINDOWS, platformName: WINDOWS, proxy: Proxy(), setWindowRect: true, strictFileInteractability: false, timeouts: {implicit: 0, pageLoad: 300000, script: 30000}, unhandledPromptBehavior: dismiss and notify, webauthn:extension:credBlob: true, webauthn:extension:largeBlob: true, webauthn:extension:minPinLength: true, webauthn:extension:prf: true, webauthn:virtualAuthenticators: true}
Session ID: 362f94c7687e8d275c6b8b77f7526f74">
      <![CDATA[org.openqa.selenium.ElementClickInterceptedException: element click intercepted: Element <button type="button" class="el-time-panel__btn confirm">...</button> is not clickable at point (1067, 329). Other element would receive the click: <li class="el-time-spinner__item">...</li>
  (Session info: chrome=119.0.6045.200)
Build info: version: '3.141.59', revision: 'e82be7d358', time: '2018-11-14T08:17:03'
System info: host: 'CNL-4JVB6J3', ip: '192.168.10.9', os.name: 'Windows 8.1', os.arch: 'amd64', os.version: '6.3', java.version: '1.8.0_05'
Driver info: org.openqa.selenium.chrome.ChromeDriver
Capabilities {acceptInsecureCerts: false, browserName: chrome, browserVersion: 119.0.6045.200, chrome: {chromedriverVersion: 119.0.6045.105 (38c72552c5e..., userDataDir: C:\Users\ZHENGF~1\AppData\L...}, fedcm:accounts: true, goog:chromeOptions: {debuggerAddress: localhost:54809}, javascriptEnabled: true, networkConnectionEnabled: false, pageLoadStrategy: normal, platform: WINDOWS, platformName: WINDOWS, proxy: Proxy(), setWindowRect: true, strictFileInteractability: false, timeouts: {implicit: 0, pageLoad: 300000, script: 30000}, unhandledPromptBehavior: dismiss and notify, webauthn:extension:credBlob: true, webauthn:extension:largeBlob: true, webauthn:extension:minPinLength: true, webauthn:extension:prf: true, webauthn:virtualAuthenticators: true}
Session ID: 362f94c7687e8d275c6b8b77f7526f74
at sun.reflect.NativeConstructorAccessorImpl.newInstance0(Native Method)
at sun.reflect.NativeConstructorAccessorImpl.newInstance(NativeConstructorAccessorImpl.java:62)
at sun.reflect.DelegatingConstructorAccessorImpl.newInstance(DelegatingConstructorAccessorImpl.java:45)
at java.lang.reflect.Constructor.newInstance(Constructor.java:408)
at org.openqa.selenium.remote.http.W3CHttpResponseCodec.createException(W3CHttpResponseCodec.java:187)
at org.openqa.selenium.remote.http.W3CHttpResponseCodec.decode(W3CHttpResponseCodec.java:122)
at org.openqa.selenium.remote.http.W3CHttpResponseCodec.decode(W3CHttpResponseCodec.java:49)
at org.openqa.selenium.remote.HttpCommandExecutor.execute(HttpCommandExecutor.java:158)
at org.openqa.selenium.remote.service.DriverCommandExecutor.execute(DriverCommandExecutor.java:83)
at org.openqa.selenium.remote.RemoteWebDriver.execute(RemoteWebDriver.java:552)
at org.openqa.selenium.remote.RemoteWebElement.execute(RemoteWebElement.java:285)
at org.openqa.selenium.remote.RemoteWebElement.click(RemoteWebElement.java:84)
at UITestCase.BackOffice.createActivity.commonSteps(createActivity.java:565)
at UITestCase.BackOffice.createActivity.createProductActivity(createActivity.java:391)
at E2E.TestSet_MPMSTORE_007.test003_创建商品券(TestSet_MPMSTORE_007.java:124)
at sun.reflect.NativeMethodAccessorImpl.invoke0(Native Method)
at sun.reflect.NativeMethodAccessorImpl.invoke(NativeMethodAccessorImpl.java:62)
at sun.reflect.DelegatingMethodAccessorImpl.invoke(DelegatingMethodAccessorImpl.java:43)
at java.lang.reflect.Method.invoke(Method.java:483)
at org.testng.internal.MethodInvocationHelper.invokeMethod(MethodInvocationHelper.java:124)
at org.testng.internal.Invoker.invokeMethod(Invoker.java:583)
at org.testng.internal.Invoker.invokeTestMethod(Invoker.java:719)
at org.testng.internal.Invoker.invokeTestMethods(Invoker.java:989)
at org.testng.internal.TestMethodWorker.invokeTestMethods(TestMethodWorker.java:125)
at org.testng.internal.TestMethodWorker.run(TestMethodWorker.java:109)
at org.testng.TestRunner.privateRun(TestRunner.java:648)
at org.testng.TestRunner.run(TestRunner.java:505)
at org.testng.SuiteRunner.runTest(SuiteRunner.java:455)
at org.testng.SuiteRunner.runSequentially(SuiteRunner.java:450)
at org.testng.SuiteRunner.privateRun(SuiteRunner.java:415)
at org.testng.SuiteRunner.run(SuiteRunner.java:364)
at org.testng.SuiteRunnerWorker.runSuite(SuiteRunnerWorker.java:52)
at org.testng.SuiteRunnerWorker.run(SuiteRunnerWorker.java:84)
at org.testng.TestNG.runSuitesSequentially(TestNG.java:1208)
at org.testng.TestNG.runSuitesLocally(TestNG.java:1137)
at org.testng.TestNG.runSuites(TestNG.java:1049)
at org.testng.TestNG.run(TestNG.java:1017)
at com.intellij.rt.testng.IDEARemoteTestNG.run(IDEARemoteTestNG.java:66)
at com.intellij.rt.testng.RemoteTestNGStarter.main(RemoteTestNGStarter.java:109)
]]>
    </error>
  </testcase> <!-- test003_创建商品券 -->
  <testcase name="test014_创建商品券" time="0.000" classname="E2E.TestSet_MPMSTORE_007">
    <skipped/>
  </testcase> <!-- test014_创建商品券 -->
  <testcase name="test011_cartEstimatePrices" time="0.000" classname="E2E.TestSet_MPMSTORE_007">
    <skipped/>
  </testcase> <!-- test011_cartEstimatePrices -->
  <testcase name="test023_queryUserCoupon" time="0.000" classname="E2E.TestSet_MPMSTORE_007">
    <skipped/>
  </testcase> <!-- test023_queryUserCoupon -->
  <testcase name="test018_cartEstimatePrices" time="0.000" classname="E2E.TestSet_MPMSTORE_007">
    <skipped/>
  </testcase> <!-- test018_cartEstimatePrices -->
  <testcase name="test012_cartEstimatePrices" time="0.000" classname="E2E.TestSet_MPMSTORE_007">
    <skipped/>
  </testcase> <!-- test012_cartEstimatePrices -->
  <testcase name="test010_cartEstimatePrices" time="0.000" classname="E2E.TestSet_MPMSTORE_007">
    <skipped/>
  </testcase> <!-- test010_cartEstimatePrices -->
  <testcase name="test006_cartEstimatePrices" time="0.000" classname="E2E.TestSet_MPMSTORE_007">
    <skipped/>
  </testcase> <!-- test006_cartEstimatePrices -->
  <testcase name="test022_loggedUserReceiveCoupon" time="0.000" classname="E2E.TestSet_MPMSTORE_007">
    <skipped/>
  </testcase> <!-- test022_loggedUserReceiveCoupon -->
  <testcase name="test019_cartEstimatePrices" time="0.000" classname="E2E.TestSet_MPMSTORE_007">
    <skipped/>
  </testcase> <!-- test019_cartEstimatePrices -->
  <testcase name="test004_商品券页面获取" time="0.000" classname="E2E.TestSet_MPMSTORE_007">
    <skipped/>
  </testcase> <!-- test004_商品券页面获取 -->
  <testcase name="test024_userAvailableCoupon" time="0.000" classname="E2E.TestSet_MPMSTORE_007">
    <skipped/>
  </testcase> <!-- test024_userAvailableCoupon -->
  <testcase name="test002_创建活动页面" time="7.754" classname="E2E.TestSet_MPMSTORE_007"/>
  <testcase name="test007_loggedUserReceiveCoupon" time="0.000" classname="E2E.TestSet_MPMSTORE_007">
    <skipped/>
  </testcase> <!-- test007_loggedUserReceiveCoupon -->
  <testcase name="test005_商品券页面获取" time="0.000" classname="E2E.TestSet_MPMSTORE_007">
    <skipped/>
  </testcase> <!-- test005_商品券页面获取 -->
  <testcase name="test015_商品券页面获取" time="0.000" classname="E2E.TestSet_MPMSTORE_007">
    <skipped/>
  </testcase> <!-- test015_商品券页面获取 -->
  <testcase name="test021_cartEstimatePrices" time="0.000" classname="E2E.TestSet_MPMSTORE_007">
    <skipped/>
  </testcase> <!-- test021_cartEstimatePrices -->
  <testcase name="test016_商品券页面获取" time="0.000" classname="E2E.TestSet_MPMSTORE_007">
    <skipped/>
  </testcase> <!-- test016_商品券页面获取 -->
  <testcase name="test013_创建活动页面" time="0.000" classname="E2E.TestSet_MPMSTORE_007">
    <skipped/>
  </testcase> <!-- test013_创建活动页面 -->
</testsuite> <!-- E2E.TestSet_MPMSTORE_007 -->
