<?xml version="1.0" encoding="UTF-8"?>
<!-- Generated by org.testng.reporters.JUnitReportReporter -->
<testsuite skipped="20" hostname="CNL-4JVB6J3" name="TestSet_MPMSTORE_MPMSTORE_009_HeiMingDan" tests="21" failures="0" timestamp="22 十二月 2023 07:37:06 GMT" time="88.727" errors="1">
  <testcase name="test004_黑名单全场券页面获取" time="0.000" classname="TestSet_MPMSTORE_MPMSTORE_009_HeiMingDan">
    <skipped/>
  </testcase> <!-- test004_黑名单全场券页面获取 -->
  <testcase name="test022_queryUserCoupon" time="0.000" classname="TestSet_MPMSTORE_MPMSTORE_009_HeiMingDan">
    <skipped/>
  </testcase> <!-- test022_queryUserCoupon -->
  <testcase name="test006_cartEstimatePrices" time="0.000" classname="TestSet_MPMSTORE_MPMSTORE_009_HeiMingDan">
    <skipped/>
  </testcase> <!-- test006_cartEstimatePrices -->
  <testcase name="test019_cartEstimatePrices" time="0.000" classname="TestSet_MPMSTORE_MPMSTORE_009_HeiMingDan">
    <skipped/>
  </testcase> <!-- test019_cartEstimatePrices -->
  <testcase name="test010_cartEstimatePrices" time="0.000" classname="TestSet_MPMSTORE_MPMSTORE_009_HeiMingDan">
    <skipped/>
  </testcase> <!-- test010_cartEstimatePrices -->
  <testcase name="test002_创建活动页面" time="0.000" classname="TestSet_MPMSTORE_MPMSTORE_009_HeiMingDan">
    <skipped/>
  </testcase> <!-- test002_创建活动页面 -->
  <testcase name="test001_启动后台" time="88.727" classname="TestSet_MPMSTORE_MPMSTORE_009_HeiMingDan">
    <error type="org.openqa.selenium.TimeoutException" message="Expected condition failed: waiting for presence of element located by: By.cssSelector: #app &gt; div &gt; div.sidebar-container &gt; div &gt; div.scrollbar-wrapper.el-scrollbar__wrap &gt; div &gt; ul &gt; div:nth-child(3) &gt; li &gt; div &gt; span (tried for 30 second(s) with 500 milliseconds interval)">
      <![CDATA[org.openqa.selenium.TimeoutException: Expected condition failed: waiting for presence of element located by: By.cssSelector: #app > div > div.sidebar-container > div > div.scrollbar-wrapper.el-scrollbar__wrap > div > ul > div:nth-child(3) > li > div > span (tried for 30 second(s) with 500 milliseconds interval)
at org.openqa.selenium.support.ui.WebDriverWait.timeoutException(WebDriverWait.java:95)
at org.openqa.selenium.support.ui.FluentWait.until(FluentWait.java:272)
at UITestCase.BackOffice.login.loginOn(login.java:49)
at TestSet_MPMSTORE_MPMSTORE_009_HeiMingDan.test001_启动后台(TestSet_MPMSTORE_MPMSTORE_009_HeiMingDan.java:122)
at sun.reflect.NativeMethodAccessorImpl.invoke0(Native Method)
at sun.reflect.NativeMethodAccessorImpl.invoke(NativeMethodAccessorImpl.java:62)
at sun.reflect.DelegatingMethodAccessorImpl.invoke(DelegatingMethodAccessorImpl.java:43)
at java.lang.reflect.Method.invoke(Method.java:483)
at org.testng.internal.MethodInvocationHelper.invokeMethod(MethodInvocationHelper.java:124)
at org.testng.internal.Invoker.invokeMethod(Invoker.java:583)
at org.testng.internal.Invoker.invokeTestMethod(Invoker.java:719)
at org.testng.internal.Invoker.invokeTestMethods(Invoker.java:989)
at org.testng.internal.TestMethodWorker.invokeTestMethods(TestMethodWorker.java:125)
at org.testng.internal.TestMethodWorker.run(TestMethodWorker.java:109)
at org.testng.TestRunner.privateRun(TestRunner.java:648)
at org.testng.TestRunner.run(TestRunner.java:505)
at org.testng.SuiteRunner.runTest(SuiteRunner.java:455)
at org.testng.SuiteRunner.runSequentially(SuiteRunner.java:450)
at org.testng.SuiteRunner.privateRun(SuiteRunner.java:415)
at org.testng.SuiteRunner.run(SuiteRunner.java:364)
at org.testng.SuiteRunnerWorker.runSuite(SuiteRunnerWorker.java:52)
at org.testng.SuiteRunnerWorker.run(SuiteRunnerWorker.java:84)
at org.testng.TestNG.runSuitesSequentially(TestNG.java:1208)
at org.testng.TestNG.runSuitesLocally(TestNG.java:1137)
at org.testng.TestNG.runSuites(TestNG.java:1049)
at org.testng.TestNG.run(TestNG.java:1017)
at com.intellij.rt.testng.IDEARemoteTestNG.run(IDEARemoteTestNG.java:66)
at com.intellij.rt.testng.RemoteTestNGStarter.main(RemoteTestNGStarter.java:109)
Caused by: org.openqa.selenium.NoSuchWindowException: no such window: target window already closed
from unknown error: web view not found
  (Session info: chrome=120.0.6099.129)
Build info: version: '3.141.59', revision: 'e82be7d358', time: '2018-11-14T08:17:03'
System info: host: 'CNL-4JVB6J3', ip: '192.168.10.7', os.name: 'Windows 8.1', os.arch: 'amd64', os.version: '6.3', java.version: '1.8.0_05'
Driver info: org.openqa.selenium.chrome.ChromeDriver
Capabilities {acceptInsecureCerts: false, browserName: chrome, browserVersion: 120.0.6099.129, chrome: {chromedriverVersion: 120.0.6099.71 (9729082fe617..., userDataDir: C:\Windows\TEMP\scoped_dir3...}, fedcm:accounts: true, goog:chromeOptions: {debuggerAddress: localhost:52628}, javascriptEnabled: true, networkConnectionEnabled: false, pageLoadStrategy: normal, platform: WINDOWS, platformName: WINDOWS, proxy: Proxy(), setWindowRect: true, strictFileInteractability: false, timeouts: {implicit: 0, pageLoad: 300000, script: 30000}, unhandledPromptBehavior: dismiss and notify, webauthn:extension:credBlob: true, webauthn:extension:largeBlob: true, webauthn:extension:minPinLength: true, webauthn:extension:prf: true, webauthn:virtualAuthenticators: true}
Session ID: 2ee3ab70236cda86335ebb52535d577e
*** Element info: {Using=css selector, value=#app > div > div.sidebar-container > div > div.scrollbar-wrapper.el-scrollbar__wrap > div > ul > div:nth-child(3) > li > div > span}
at sun.reflect.GeneratedConstructorAccessor14.newInstance(Unknown Source)
at sun.reflect.DelegatingConstructorAccessorImpl.newInstance(DelegatingConstructorAccessorImpl.java:45)
at java.lang.reflect.Constructor.newInstance(Constructor.java:408)
at org.openqa.selenium.remote.http.W3CHttpResponseCodec.createException(W3CHttpResponseCodec.java:187)
at org.openqa.selenium.remote.http.W3CHttpResponseCodec.decode(W3CHttpResponseCodec.java:122)
at org.openqa.selenium.remote.http.W3CHttpResponseCodec.decode(W3CHttpResponseCodec.java:49)
at org.openqa.selenium.remote.HttpCommandExecutor.execute(HttpCommandExecutor.java:158)
at org.openqa.selenium.remote.service.DriverCommandExecutor.execute(DriverCommandExecutor.java:83)
at org.openqa.selenium.remote.RemoteWebDriver.execute(RemoteWebDriver.java:552)
at org.openqa.selenium.remote.RemoteWebDriver.findElement(RemoteWebDriver.java:323)
at org.openqa.selenium.remote.RemoteWebDriver.findElementByCssSelector(RemoteWebDriver.java:420)
at org.openqa.selenium.By$ByCssSelector.findElement(By.java:431)
at org.openqa.selenium.remote.RemoteWebDriver.findElement(RemoteWebDriver.java:315)
at org.openqa.selenium.support.ui.ExpectedConditions$6.apply(ExpectedConditions.java:182)
at org.openqa.selenium.support.ui.ExpectedConditions$6.apply(ExpectedConditions.java:179)
at org.openqa.selenium.support.ui.FluentWait.until(FluentWait.java:249)
... 26 more
]]>
    </error>
  </testcase> <!-- test001_启动后台 -->
  <testcase name="test016_loggedUserReceiveCoupon" time="0.000" classname="TestSet_MPMSTORE_MPMSTORE_009_HeiMingDan">
    <skipped/>
  </testcase> <!-- test016_loggedUserReceiveCoupon -->
  <testcase name="test017_cartEstimatePrices" time="0.000" classname="TestSet_MPMSTORE_MPMSTORE_009_HeiMingDan">
    <skipped/>
  </testcase> <!-- test017_cartEstimatePrices -->
  <testcase name="test014_创建黑名单全场券" time="0.000" classname="TestSet_MPMSTORE_MPMSTORE_009_HeiMingDan">
    <skipped/>
  </testcase> <!-- test014_创建黑名单全场券 -->
  <testcase name="test011_cartEstimatePrices" time="0.000" classname="TestSet_MPMSTORE_MPMSTORE_009_HeiMingDan">
    <skipped/>
  </testcase> <!-- test011_cartEstimatePrices -->
  <testcase name="test015_黑名单全场券页面获取" time="0.000" classname="TestSet_MPMSTORE_MPMSTORE_009_HeiMingDan">
    <skipped/>
  </testcase> <!-- test015_黑名单全场券页面获取 -->
  <testcase name="test023_userAvailableCoupon" time="0.000" classname="TestSet_MPMSTORE_MPMSTORE_009_HeiMingDan">
    <skipped/>
  </testcase> <!-- test023_userAvailableCoupon -->
  <testcase name="test009_loggedUserReceiveCoupon" time="0.000" classname="TestSet_MPMSTORE_MPMSTORE_009_HeiMingDan">
    <skipped/>
  </testcase> <!-- test009_loggedUserReceiveCoupon -->
  <testcase name="test018_cartEstimatePrices" time="0.000" classname="TestSet_MPMSTORE_MPMSTORE_009_HeiMingDan">
    <skipped/>
  </testcase> <!-- test018_cartEstimatePrices -->
  <testcase name="test003_创建黑名单全场券" time="0.000" classname="TestSet_MPMSTORE_MPMSTORE_009_HeiMingDan">
    <skipped/>
  </testcase> <!-- test003_创建黑名单全场券 -->
  <testcase name="test025_全场券页面获取" time="0.000" classname="TestSet_MPMSTORE_MPMSTORE_009_HeiMingDan">
    <skipped/>
  </testcase> <!-- test025_全场券页面获取 -->
  <testcase name="test013_创建活动页面" time="0.000" classname="TestSet_MPMSTORE_MPMSTORE_009_HeiMingDan">
    <skipped/>
  </testcase> <!-- test013_创建活动页面 -->
  <testcase name="test005_全场券页面获取" time="0.000" classname="TestSet_MPMSTORE_MPMSTORE_009_HeiMingDan">
    <skipped/>
  </testcase> <!-- test005_全场券页面获取 -->
  <testcase name="test012_cartEstimatePrices" time="0.000" classname="TestSet_MPMSTORE_MPMSTORE_009_HeiMingDan">
    <skipped/>
  </testcase> <!-- test012_cartEstimatePrices -->
  <testcase name="test021_loggedUserReceiveCoupon" time="0.000" classname="TestSet_MPMSTORE_MPMSTORE_009_HeiMingDan">
    <skipped/>
  </testcase> <!-- test021_loggedUserReceiveCoupon -->
</testsuite> <!-- TestSet_MPMSTORE_MPMSTORE_009_HeiMingDan -->
